{
  "stats": {
    "suites": 5,
    "tests": 11,
    "passes": 11,
    "pending": 0,
    "failures": 0,
    "start": "2022-11-13T17:22:01.985Z",
    "end": "2022-11-13T17:22:02.888Z",
    "duration": 903,
    "testsRegistered": 11,
    "passPercent": 100,
    "pendingPercent": 0,
    "other": 0,
    "hasOther": false,
    "skipped": 0,
    "hasSkipped": false
  },
  "results": [
    {
      "uuid": "ca770d99-198c-4275-9471-cd410059bad2",
      "title": "",
      "fullFile": "",
      "file": "",
      "beforeHooks": [],
      "afterHooks": [],
      "tests": [],
      "suites": [
        {
          "uuid": "4109f021-e0db-45fe-be44-e9ce8255f5c2",
          "title": "Genderize",
          "fullFile": "/home/runner/work/genderize/genderize/test/lib/index.ts",
          "file": "/test/lib/index.ts",
          "beforeHooks": [],
          "afterHooks": [],
          "tests": [],
          "suites": [
            {
              "uuid": "2be143a1-a660-489d-836d-e121cb040202",
              "title": "params()",
              "fullFile": "/home/runner/work/genderize/genderize/test/lib/index.ts",
              "file": "/test/lib/index.ts",
              "beforeHooks": [],
              "afterHooks": [],
              "tests": [
                {
                  "title": "should work with arrays",
                  "fullTitle": "Genderize params() should work with arrays",
                  "timedOut": false,
                  "duration": 0,
                  "state": "passed",
                  "speed": "fast",
                  "pass": true,
                  "fail": false,
                  "pending": false,
                  "context": null,
                  "code": "assert_1.default.equal(new lib_1.default().params(['Max', 'Lisa'], 'DE').toString(), 'name[]=Max&name[]=Lisa&country_id=DE');",
                  "err": {},
                  "uuid": "d6562d54-261d-4432-92eb-be8b24192e36",
                  "parentUUID": "2be143a1-a660-489d-836d-e121cb040202",
                  "isHook": false,
                  "skipped": false
                },
                {
                  "title": "should work with single string",
                  "fullTitle": "Genderize params() should work with single string",
                  "timedOut": false,
                  "duration": 0,
                  "state": "passed",
                  "speed": "fast",
                  "pass": true,
                  "fail": false,
                  "pending": false,
                  "context": null,
                  "code": "assert_1.default.equal(new lib_1.default().params('Max').toString(), 'name=Max');",
                  "err": {},
                  "uuid": "6f2c5f57-976f-44d3-9ff4-d030169d8e59",
                  "parentUUID": "2be143a1-a660-489d-836d-e121cb040202",
                  "isHook": false,
                  "skipped": false
                },
                {
                  "title": "should throw an exception if no name was given",
                  "fullTitle": "Genderize params() should throw an exception if no name was given",
                  "timedOut": false,
                  "duration": 0,
                  "state": "passed",
                  "speed": "fast",
                  "pass": true,
                  "fail": false,
                  "pending": false,
                  "context": null,
                  "code": "assert_1.default.throws(() => {\n    new lib_1.default().params([]);\n}, /No name given, but at least one is required/);",
                  "err": {},
                  "uuid": "dad0b3bf-8600-4a23-a73f-8194174305f9",
                  "parentUUID": "2be143a1-a660-489d-836d-e121cb040202",
                  "isHook": false,
                  "skipped": false
                },
                {
                  "title": "should throw an exception if > 10 names were given",
                  "fullTitle": "Genderize params() should throw an exception if > 10 names were given",
                  "timedOut": false,
                  "duration": 0,
                  "state": "passed",
                  "speed": "fast",
                  "pass": true,
                  "fail": false,
                  "pending": false,
                  "context": null,
                  "code": "assert_1.default.throws(() => {\n    new lib_1.default().params([\n        'James', 'Robert', 'John', 'Michael', 'David', 'William',\n        'Richard', 'Thomas', 'Christopher', 'Daniel', 'Paul'\n    ]);\n}, /Too many names given: 11 names provided, but 10 is the maximum allowed/);",
                  "err": {},
                  "uuid": "e03bb253-5621-4287-b715-2227f9e8daf6",
                  "parentUUID": "2be143a1-a660-489d-836d-e121cb040202",
                  "isHook": false,
                  "skipped": false
                },
                {
                  "title": "should add the apiKey if given",
                  "fullTitle": "Genderize params() should add the apiKey if given",
                  "timedOut": false,
                  "duration": 1,
                  "state": "passed",
                  "speed": "fast",
                  "pass": true,
                  "fail": false,
                  "pending": false,
                  "context": null,
                  "code": "assert_1.default.equal(new lib_1.default('hello-world').params(['Max', 'Lisa'], 'DE').toString(), 'name[]=Max&name[]=Lisa&country_id=DE&apikey=hello-world');",
                  "err": {},
                  "uuid": "580f7710-8fb1-4723-9896-053096f30d4d",
                  "parentUUID": "2be143a1-a660-489d-836d-e121cb040202",
                  "isHook": false,
                  "skipped": false
                }
              ],
              "suites": [],
              "passes": [
                "d6562d54-261d-4432-92eb-be8b24192e36",
                "6f2c5f57-976f-44d3-9ff4-d030169d8e59",
                "dad0b3bf-8600-4a23-a73f-8194174305f9",
                "e03bb253-5621-4287-b715-2227f9e8daf6",
                "580f7710-8fb1-4723-9896-053096f30d4d"
              ],
              "failures": [],
              "pending": [],
              "skipped": [],
              "duration": 1,
              "root": false,
              "rootEmpty": false,
              "_timeout": 2000
            },
            {
              "uuid": "689668f7-3557-4977-a3e2-3e8fa3240edd",
              "title": "limit()",
              "fullFile": "/home/runner/work/genderize/genderize/test/lib/index.ts",
              "file": "/test/lib/index.ts",
              "beforeHooks": [],
              "afterHooks": [],
              "tests": [
                {
                  "title": "should return null if no request was sent before",
                  "fullTitle": "Genderize limit() should return null if no request was sent before",
                  "timedOut": false,
                  "duration": 0,
                  "state": "passed",
                  "speed": "fast",
                  "pass": true,
                  "fail": false,
                  "pending": false,
                  "context": null,
                  "code": "assert_1.default.strictEqual(new lib_1.default().limit, null);",
                  "err": {},
                  "uuid": "ad8e271f-453f-419c-9409-01b0716adad8",
                  "parentUUID": "689668f7-3557-4977-a3e2-3e8fa3240edd",
                  "isHook": false,
                  "skipped": false
                }
              ],
              "suites": [],
              "passes": [
                "ad8e271f-453f-419c-9409-01b0716adad8"
              ],
              "failures": [],
              "pending": [],
              "skipped": [],
              "duration": 0,
              "root": false,
              "rootEmpty": false,
              "_timeout": 2000
            },
            {
              "uuid": "d741f18e-4b2f-4d23-b331-62b773497481",
              "title": "getIntHeader()",
              "fullFile": "/home/runner/work/genderize/genderize/test/lib/index.ts",
              "file": "/test/lib/index.ts",
              "beforeHooks": [],
              "afterHooks": [],
              "tests": [
                {
                  "title": "should work with string",
                  "fullTitle": "Genderize getIntHeader() should work with string",
                  "timedOut": false,
                  "duration": 0,
                  "state": "passed",
                  "speed": "fast",
                  "pass": true,
                  "fail": false,
                  "pending": false,
                  "context": null,
                  "code": "assert_1.default.strictEqual(lib_1.default.getIntHeader('123'), 123);",
                  "err": {},
                  "uuid": "a66d8b7d-90fa-46a1-8f59-f69ea56102cd",
                  "parentUUID": "d741f18e-4b2f-4d23-b331-62b773497481",
                  "isHook": false,
                  "skipped": false
                },
                {
                  "title": "should work with string[]",
                  "fullTitle": "Genderize getIntHeader() should work with string[]",
                  "timedOut": false,
                  "duration": 0,
                  "state": "passed",
                  "speed": "fast",
                  "pass": true,
                  "fail": false,
                  "pending": false,
                  "context": null,
                  "code": "assert_1.default.strictEqual(lib_1.default.getIntHeader(['123', '456']), 123);",
                  "err": {},
                  "uuid": "dbd99e34-774d-4c7f-b1f3-097ecce99a2f",
                  "parentUUID": "d741f18e-4b2f-4d23-b331-62b773497481",
                  "isHook": false,
                  "skipped": false
                },
                {
                  "title": "should work with undefined",
                  "fullTitle": "Genderize getIntHeader() should work with undefined",
                  "timedOut": false,
                  "duration": 0,
                  "state": "passed",
                  "speed": "fast",
                  "pass": true,
                  "fail": false,
                  "pending": false,
                  "context": null,
                  "code": "assert_1.default.strictEqual(lib_1.default.getIntHeader(undefined), undefined);",
                  "err": {},
                  "uuid": "8cc4b125-4ca6-4f47-bf2a-8079b6758e9a",
                  "parentUUID": "d741f18e-4b2f-4d23-b331-62b773497481",
                  "isHook": false,
                  "skipped": false
                }
              ],
              "suites": [],
              "passes": [
                "a66d8b7d-90fa-46a1-8f59-f69ea56102cd",
                "dbd99e34-774d-4c7f-b1f3-097ecce99a2f",
                "8cc4b125-4ca6-4f47-bf2a-8079b6758e9a"
              ],
              "failures": [],
              "pending": [],
              "skipped": [],
              "duration": 0,
              "root": false,
              "rootEmpty": false,
              "_timeout": 2000
            },
            {
              "uuid": "1b2f4d37-7f7b-484d-a0b5-ace5fdb18f1a",
              "title": "detect()",
              "fullFile": "/home/runner/work/genderize/genderize/test/lib/index.ts",
              "file": "/test/lib/index.ts",
              "beforeHooks": [],
              "afterHooks": [],
              "tests": [
                {
                  "title": "should work with single names",
                  "fullTitle": "Genderize detect() should work with single names",
                  "timedOut": false,
                  "duration": 646,
                  "state": "passed",
                  "speed": "slow",
                  "pass": true,
                  "fail": false,
                  "pending": false,
                  "context": null,
                  "code": "return __awaiter(this, void 0, void 0, function* () {\n    const g = new lib_1.default();\n    const result = yield g.predict('Max');\n    assert_1.default.equal(result.name, 'Max');\n    assert_1.default.equal(result.gender, 'male');\n    assert_1.default.equal(result.gender, lib_1.GenderizeGender.MALE);\n    assert_1.default.ok(result.probability > 0.9, 'probability > 0.9');\n    assert_1.default.ok(result.count > 10000, 'count > 10000');\n    assert_1.default.ok(g.limit, 'limit is set');\n    assert_1.default.ok(g.limit.limit > 0, 'limit > 0');\n    assert_1.default.ok(g.limit.remaining > 0, 'remaining > 0');\n    assert_1.default.ok(g.limit.reset instanceof Date, 'reset is a Date');\n});",
                  "err": {},
                  "uuid": "96a49d4b-73e5-4585-8eda-acd5a8b4e7d8",
                  "parentUUID": "1b2f4d37-7f7b-484d-a0b5-ace5fdb18f1a",
                  "isHook": false,
                  "skipped": false
                },
                {
                  "title": "should work with multiple names",
                  "fullTitle": "Genderize detect() should work with multiple names",
                  "timedOut": false,
                  "duration": 242,
                  "state": "passed",
                  "speed": "slow",
                  "pass": true,
                  "fail": false,
                  "pending": false,
                  "context": null,
                  "code": "return __awaiter(this, void 0, void 0, function* () {\n    const g = new lib_1.default();\n    const result = yield g.predict(['Moritz', 'Lisa']);\n    assert_1.default.equal(result.length, 2);\n    assert_1.default.equal(result[0].name, 'Moritz');\n    assert_1.default.equal(result[0].gender, 'male');\n    assert_1.default.equal(result[0].gender, lib_1.GenderizeGender.MALE);\n    assert_1.default.ok(result[0].probability > 0.9, 'probability > 0.9');\n    assert_1.default.ok(result[0].count > 10000, 'count > 10000');\n    assert_1.default.equal(result[1].name, 'Lisa');\n    assert_1.default.equal(result[1].gender, 'female');\n    assert_1.default.equal(result[1].gender, lib_1.GenderizeGender.FEMALE);\n    assert_1.default.ok(result[1].probability > 0.9, 'probability > 0.9');\n    assert_1.default.ok(result[1].count > 10000, 'count > 10000');\n    assert_1.default.ok(g.limit, 'limit is set');\n    assert_1.default.ok(g.limit.limit > 0, 'limit > 0');\n    assert_1.default.ok(g.limit.remaining > 0, 'remaining > 0');\n    assert_1.default.ok(g.limit.reset instanceof Date, 'reset is a Date');\n});",
                  "err": {},
                  "uuid": "a836d136-87c1-4560-bf05-25a222ecc520",
                  "parentUUID": "1b2f4d37-7f7b-484d-a0b5-ace5fdb18f1a",
                  "isHook": false,
                  "skipped": false
                }
              ],
              "suites": [],
              "passes": [
                "96a49d4b-73e5-4585-8eda-acd5a8b4e7d8",
                "a836d136-87c1-4560-bf05-25a222ecc520"
              ],
              "failures": [],
              "pending": [],
              "skipped": [],
              "duration": 888,
              "root": false,
              "rootEmpty": false,
              "_timeout": 10000
            }
          ],
          "passes": [],
          "failures": [],
          "pending": [],
          "skipped": [],
          "duration": 0,
          "root": false,
          "rootEmpty": false,
          "_timeout": 2000
        }
      ],
      "passes": [],
      "failures": [],
      "pending": [],
      "skipped": [],
      "duration": 0,
      "root": true,
      "rootEmpty": true,
      "_timeout": 2000
    }
  ],
  "meta": {
    "mocha": {
      "version": "9.2.2"
    },
    "mochawesome": {
      "options": {
        "quiet": false,
        "reportFilename": "mochawesome",
        "saveHtml": true,
        "saveJson": true,
        "consoleReporter": "spec",
        "useInlineDiffs": false,
        "code": true
      },
      "version": "7.0.1"
    },
    "marge": {
      "options": null,
      "version": "6.0.1"
    }
  }
}