{
  "stats": {
    "suites": 5,
    "tests": 11,
    "passes": 11,
    "pending": 0,
    "failures": 0,
    "start": "2025-09-10T05:03:15.112Z",
    "end": "2025-09-10T05:03:15.505Z",
    "duration": 393,
    "testsRegistered": 11,
    "passPercent": 100,
    "pendingPercent": 0,
    "other": 0,
    "hasOther": false,
    "skipped": 0,
    "hasSkipped": false
  },
  "results": [
    {
      "uuid": "65f4d61d-076d-43a2-9dbc-0d60cc3b5847",
      "title": "",
      "fullFile": "/home/runner/work/genderize/genderize/test/lib/index.ts",
      "file": "/test/lib/index.ts",
      "beforeHooks": [],
      "afterHooks": [],
      "tests": [],
      "suites": [
        {
          "uuid": "e0eff8a0-6f4b-4389-8163-2d96a6c8f150",
          "title": "Genderize",
          "fullFile": "/home/runner/work/genderize/genderize/test/lib/index.ts",
          "file": "/test/lib/index.ts",
          "beforeHooks": [],
          "afterHooks": [],
          "tests": [],
          "suites": [
            {
              "uuid": "eec6ea10-3a12-4b55-bb2c-800f54a5e2d1",
              "title": "params()",
              "fullFile": "/home/runner/work/genderize/genderize/test/lib/index.ts",
              "file": "/test/lib/index.ts",
              "beforeHooks": [],
              "afterHooks": [],
              "tests": [
                {
                  "title": "should work with arrays",
                  "fullTitle": "Genderize params() should work with arrays",
                  "timedOut": false,
                  "duration": 0,
                  "state": "passed",
                  "speed": "fast",
                  "pass": true,
                  "fail": false,
                  "pending": false,
                  "context": null,
                  "code": "import_assert.default.equal(new import_lib.default().params([\"Max\",\"Lisa\"],\"DE\").toString(),\"name[]=Max&name[]=Lisa&country_id=DE\")",
                  "err": {},
                  "uuid": "2bce61b4-8b3e-4224-b128-90a8acc334e7",
                  "parentUUID": "eec6ea10-3a12-4b55-bb2c-800f54a5e2d1",
                  "isHook": false,
                  "skipped": false
                },
                {
                  "title": "should work with single string",
                  "fullTitle": "Genderize params() should work with single string",
                  "timedOut": false,
                  "duration": 0,
                  "state": "passed",
                  "speed": "fast",
                  "pass": true,
                  "fail": false,
                  "pending": false,
                  "context": null,
                  "code": "import_assert.default.equal(new import_lib.default().params(\"Max\").toString(),\"name=Max\")",
                  "err": {},
                  "uuid": "c685e89d-6bf7-462c-82d5-82bfaa4db809",
                  "parentUUID": "eec6ea10-3a12-4b55-bb2c-800f54a5e2d1",
                  "isHook": false,
                  "skipped": false
                },
                {
                  "title": "should throw an exception if no name was given",
                  "fullTitle": "Genderize params() should throw an exception if no name was given",
                  "timedOut": false,
                  "duration": 0,
                  "state": "passed",
                  "speed": "fast",
                  "pass": true,
                  "fail": false,
                  "pending": false,
                  "context": null,
                  "code": "import_assert.default.throws(()=>{new import_lib.default().params([])},/No name given, but at least one is required/)",
                  "err": {},
                  "uuid": "1509d59f-ecea-4327-a3b4-68695f460ad1",
                  "parentUUID": "eec6ea10-3a12-4b55-bb2c-800f54a5e2d1",
                  "isHook": false,
                  "skipped": false
                },
                {
                  "title": "should throw an exception if > 10 names were given",
                  "fullTitle": "Genderize params() should throw an exception if > 10 names were given",
                  "timedOut": false,
                  "duration": 1,
                  "state": "passed",
                  "speed": "fast",
                  "pass": true,
                  "fail": false,
                  "pending": false,
                  "context": null,
                  "code": "import_assert.default.throws(()=>{new import_lib.default().params([\"James\",\"Robert\",\"John\",\"Michael\",\"David\",\"William\",\"Richard\",\"Thomas\",\"Christopher\",\"Daniel\",\"Paul\"])},/Too many names given: 11 names provided, but 10 is the maximum allowed/)",
                  "err": {},
                  "uuid": "d51da642-9ab8-4899-9d99-ca3d30070bac",
                  "parentUUID": "eec6ea10-3a12-4b55-bb2c-800f54a5e2d1",
                  "isHook": false,
                  "skipped": false
                },
                {
                  "title": "should add the apiKey if given",
                  "fullTitle": "Genderize params() should add the apiKey if given",
                  "timedOut": false,
                  "duration": 0,
                  "state": "passed",
                  "speed": "fast",
                  "pass": true,
                  "fail": false,
                  "pending": false,
                  "context": null,
                  "code": "import_assert.default.equal(new import_lib.default(\"hello-world\").params([\"Max\",\"Lisa\"],\"DE\").toString(),\"name[]=Max&name[]=Lisa&country_id=DE&apikey=hello-world\")",
                  "err": {},
                  "uuid": "a1c58cc6-9051-4d90-99d7-0f93821d32e7",
                  "parentUUID": "eec6ea10-3a12-4b55-bb2c-800f54a5e2d1",
                  "isHook": false,
                  "skipped": false
                }
              ],
              "suites": [],
              "passes": [
                "2bce61b4-8b3e-4224-b128-90a8acc334e7",
                "c685e89d-6bf7-462c-82d5-82bfaa4db809",
                "1509d59f-ecea-4327-a3b4-68695f460ad1",
                "d51da642-9ab8-4899-9d99-ca3d30070bac",
                "a1c58cc6-9051-4d90-99d7-0f93821d32e7"
              ],
              "failures": [],
              "pending": [],
              "skipped": [],
              "duration": 1,
              "root": false,
              "rootEmpty": false,
              "_timeout": 2000
            },
            {
              "uuid": "a2fb7d2b-4618-48b6-98f9-36911197527b",
              "title": "limit()",
              "fullFile": "/home/runner/work/genderize/genderize/test/lib/index.ts",
              "file": "/test/lib/index.ts",
              "beforeHooks": [],
              "afterHooks": [],
              "tests": [
                {
                  "title": "should return null if no request was sent before",
                  "fullTitle": "Genderize limit() should return null if no request was sent before",
                  "timedOut": false,
                  "duration": 0,
                  "state": "passed",
                  "speed": "fast",
                  "pass": true,
                  "fail": false,
                  "pending": false,
                  "context": null,
                  "code": "import_assert.default.strictEqual(new import_lib.default().limit,null)",
                  "err": {},
                  "uuid": "c914e36e-183e-4277-b399-2de70d3c66db",
                  "parentUUID": "a2fb7d2b-4618-48b6-98f9-36911197527b",
                  "isHook": false,
                  "skipped": false
                }
              ],
              "suites": [],
              "passes": [
                "c914e36e-183e-4277-b399-2de70d3c66db"
              ],
              "failures": [],
              "pending": [],
              "skipped": [],
              "duration": 0,
              "root": false,
              "rootEmpty": false,
              "_timeout": 2000
            },
            {
              "uuid": "9a0bce47-110c-42c7-84df-1d2e2fe2f76f",
              "title": "getIntHeader()",
              "fullFile": "/home/runner/work/genderize/genderize/test/lib/index.ts",
              "file": "/test/lib/index.ts",
              "beforeHooks": [],
              "afterHooks": [],
              "tests": [
                {
                  "title": "should work with string",
                  "fullTitle": "Genderize getIntHeader() should work with string",
                  "timedOut": false,
                  "duration": 0,
                  "state": "passed",
                  "speed": "fast",
                  "pass": true,
                  "fail": false,
                  "pending": false,
                  "context": null,
                  "code": "import_assert.default.strictEqual(import_lib.default.getIntHeader(\"123\"),123)",
                  "err": {},
                  "uuid": "8c548081-92de-4687-9464-82ba604b1e83",
                  "parentUUID": "9a0bce47-110c-42c7-84df-1d2e2fe2f76f",
                  "isHook": false,
                  "skipped": false
                },
                {
                  "title": "should work with string[]",
                  "fullTitle": "Genderize getIntHeader() should work with string[]",
                  "timedOut": false,
                  "duration": 0,
                  "state": "passed",
                  "speed": "fast",
                  "pass": true,
                  "fail": false,
                  "pending": false,
                  "context": null,
                  "code": "import_assert.default.strictEqual(import_lib.default.getIntHeader([\"123\",\"456\"]),123)",
                  "err": {},
                  "uuid": "9fcdab6a-f0c8-4aa9-b854-c8b42ee28b32",
                  "parentUUID": "9a0bce47-110c-42c7-84df-1d2e2fe2f76f",
                  "isHook": false,
                  "skipped": false
                },
                {
                  "title": "should work with undefined",
                  "fullTitle": "Genderize getIntHeader() should work with undefined",
                  "timedOut": false,
                  "duration": 0,
                  "state": "passed",
                  "speed": "fast",
                  "pass": true,
                  "fail": false,
                  "pending": false,
                  "context": null,
                  "code": "import_assert.default.strictEqual(import_lib.default.getIntHeader(void 0),void 0)",
                  "err": {},
                  "uuid": "4b198f7b-2f7e-43e5-bc78-f9406e508502",
                  "parentUUID": "9a0bce47-110c-42c7-84df-1d2e2fe2f76f",
                  "isHook": false,
                  "skipped": false
                }
              ],
              "suites": [],
              "passes": [
                "8c548081-92de-4687-9464-82ba604b1e83",
                "9fcdab6a-f0c8-4aa9-b854-c8b42ee28b32",
                "4b198f7b-2f7e-43e5-bc78-f9406e508502"
              ],
              "failures": [],
              "pending": [],
              "skipped": [],
              "duration": 0,
              "root": false,
              "rootEmpty": false,
              "_timeout": 2000
            },
            {
              "uuid": "4478f58a-4a88-48da-b061-5445685148b7",
              "title": "detect()",
              "fullFile": "/home/runner/work/genderize/genderize/test/lib/index.ts",
              "file": "/test/lib/index.ts",
              "beforeHooks": [],
              "afterHooks": [],
              "tests": [
                {
                  "title": "should work with single names",
                  "fullTitle": "Genderize detect() should work with single names",
                  "timedOut": false,
                  "duration": 355,
                  "state": "passed",
                  "speed": "slow",
                  "pass": true,
                  "fail": false,
                  "pending": false,
                  "context": null,
                  "code": "const g=new import_lib.default;const result=await g.predict(\"Max\");import_assert.default.equal(result.name,\"Max\");import_assert.default.equal(result.gender,\"male\");import_assert.default.equal(result.gender,import_lib.GenderizeGender.MALE);import_assert.default.ok(result.probability>.9,\"probability > 0.9\");import_assert.default.ok(result.count>1e4,\"count > 10000\");import_assert.default.ok(g.limit,\"limit is set\");import_assert.default.ok(g.limit.limit>0,\"limit > 0\");import_assert.default.ok(g.limit.remaining>0,\"remaining > 0\");import_assert.default.ok(g.limit.reset instanceof Date,\"reset is a Date\")",
                  "err": {},
                  "uuid": "e0ff2ded-f853-4148-b5e3-f6b63253cff0",
                  "parentUUID": "4478f58a-4a88-48da-b061-5445685148b7",
                  "isHook": false,
                  "skipped": false
                },
                {
                  "title": "should work with multiple names",
                  "fullTitle": "Genderize detect() should work with multiple names",
                  "timedOut": false,
                  "duration": 26,
                  "state": "passed",
                  "speed": "fast",
                  "pass": true,
                  "fail": false,
                  "pending": false,
                  "context": null,
                  "code": "const g=new import_lib.default;const result=await g.predict([\"Moritz\",\"Lisa\"]);import_assert.default.equal(result.length,2);import_assert.default.equal(result[0].name,\"Moritz\");import_assert.default.equal(result[0].gender,\"male\");import_assert.default.equal(result[0].gender,import_lib.GenderizeGender.MALE);import_assert.default.ok(result[0].probability>.9,\"probability > 0.9\");import_assert.default.ok(result[0].count>1e4,\"count > 10000\");import_assert.default.equal(result[1].name,\"Lisa\");import_assert.default.equal(result[1].gender,\"female\");import_assert.default.equal(result[1].gender,import_lib.GenderizeGender.FEMALE);import_assert.default.ok(result[1].probability>.9,\"probability > 0.9\");import_assert.default.ok(result[1].count>1e4,\"count > 10000\");import_assert.default.ok(g.limit,\"limit is set\");import_assert.default.ok(g.limit.limit>0,\"limit > 0\");import_assert.default.ok(g.limit.remaining>0,\"remaining > 0\");import_assert.default.ok(g.limit.reset instanceof Date,\"reset is a Date\")",
                  "err": {},
                  "uuid": "5f72779f-df4f-4ff1-a08d-e2d89c45d932",
                  "parentUUID": "4478f58a-4a88-48da-b061-5445685148b7",
                  "isHook": false,
                  "skipped": false
                }
              ],
              "suites": [],
              "passes": [
                "e0ff2ded-f853-4148-b5e3-f6b63253cff0",
                "5f72779f-df4f-4ff1-a08d-e2d89c45d932"
              ],
              "failures": [],
              "pending": [],
              "skipped": [],
              "duration": 381,
              "root": false,
              "rootEmpty": false,
              "_timeout": 10000
            }
          ],
          "passes": [],
          "failures": [],
          "pending": [],
          "skipped": [],
          "duration": 0,
          "root": false,
          "rootEmpty": false,
          "_timeout": 2000
        }
      ],
      "passes": [],
      "failures": [],
      "pending": [],
      "skipped": [],
      "duration": 0,
      "root": true,
      "rootEmpty": true,
      "_timeout": 2000
    }
  ],
  "meta": {
    "mocha": {
      "version": "11.7.2"
    },
    "mochawesome": {
      "options": {
        "quiet": false,
        "reportFilename": "mochawesome",
        "saveHtml": true,
        "saveJson": true,
        "consoleReporter": "spec",
        "useInlineDiffs": false,
        "code": true
      },
      "version": "7.1.3"
    },
    "marge": {
      "options": null,
      "version": "6.2.0"
    }
  }
}