{
  "stats": {
    "suites": 5,
    "tests": 11,
    "passes": 11,
    "pending": 0,
    "failures": 0,
    "start": "2025-05-28T17:06:21.194Z",
    "end": "2025-05-28T17:06:21.648Z",
    "duration": 454,
    "testsRegistered": 11,
    "passPercent": 100,
    "pendingPercent": 0,
    "other": 0,
    "hasOther": false,
    "skipped": 0,
    "hasSkipped": false
  },
  "results": [
    {
      "uuid": "f047995b-9807-4ab4-97fc-e535fdb61370",
      "title": "",
      "fullFile": "/home/runner/work/genderize/genderize/test/lib/index.ts",
      "file": "/test/lib/index.ts",
      "beforeHooks": [],
      "afterHooks": [],
      "tests": [],
      "suites": [
        {
          "uuid": "ceb36362-44cb-43d0-89b9-6835fc91975d",
          "title": "Genderize",
          "fullFile": "/home/runner/work/genderize/genderize/test/lib/index.ts",
          "file": "/test/lib/index.ts",
          "beforeHooks": [],
          "afterHooks": [],
          "tests": [],
          "suites": [
            {
              "uuid": "0bffeb0e-dcd7-44d7-abcc-50725b3aad19",
              "title": "params()",
              "fullFile": "/home/runner/work/genderize/genderize/test/lib/index.ts",
              "file": "/test/lib/index.ts",
              "beforeHooks": [],
              "afterHooks": [],
              "tests": [
                {
                  "title": "should work with arrays",
                  "fullTitle": "Genderize params() should work with arrays",
                  "timedOut": false,
                  "duration": 0,
                  "state": "passed",
                  "speed": "fast",
                  "pass": true,
                  "fail": false,
                  "pending": false,
                  "context": null,
                  "code": "assert.equal(new Genderize().params([\"Max\",\"Lisa\"],\"DE\").toString(),\"name[]=Max&name[]=Lisa&country_id=DE\")",
                  "err": {},
                  "uuid": "7080a8a5-7224-4a79-8248-31d6fd4b66e0",
                  "parentUUID": "0bffeb0e-dcd7-44d7-abcc-50725b3aad19",
                  "isHook": false,
                  "skipped": false
                },
                {
                  "title": "should work with single string",
                  "fullTitle": "Genderize params() should work with single string",
                  "timedOut": false,
                  "duration": 0,
                  "state": "passed",
                  "speed": "fast",
                  "pass": true,
                  "fail": false,
                  "pending": false,
                  "context": null,
                  "code": "assert.equal(new Genderize().params(\"Max\").toString(),\"name=Max\")",
                  "err": {},
                  "uuid": "b564b8a0-40c3-4670-9129-e018262d9bc2",
                  "parentUUID": "0bffeb0e-dcd7-44d7-abcc-50725b3aad19",
                  "isHook": false,
                  "skipped": false
                },
                {
                  "title": "should throw an exception if no name was given",
                  "fullTitle": "Genderize params() should throw an exception if no name was given",
                  "timedOut": false,
                  "duration": 0,
                  "state": "passed",
                  "speed": "fast",
                  "pass": true,
                  "fail": false,
                  "pending": false,
                  "context": null,
                  "code": "assert.throws(()=>{new Genderize().params([])},/No name given, but at least one is required/)",
                  "err": {},
                  "uuid": "41a0a9ff-3b1c-47f2-bc6d-6b89363c77fc",
                  "parentUUID": "0bffeb0e-dcd7-44d7-abcc-50725b3aad19",
                  "isHook": false,
                  "skipped": false
                },
                {
                  "title": "should throw an exception if > 10 names were given",
                  "fullTitle": "Genderize params() should throw an exception if > 10 names were given",
                  "timedOut": false,
                  "duration": 0,
                  "state": "passed",
                  "speed": "fast",
                  "pass": true,
                  "fail": false,
                  "pending": false,
                  "context": null,
                  "code": "assert.throws(()=>{new Genderize().params([\"James\",\"Robert\",\"John\",\"Michael\",\"David\",\"William\",\"Richard\",\"Thomas\",\"Christopher\",\"Daniel\",\"Paul\"])},/Too many names given: 11 names provided, but 10 is the maximum allowed/)",
                  "err": {},
                  "uuid": "093ca866-d716-4a8a-aead-48c306ccac9d",
                  "parentUUID": "0bffeb0e-dcd7-44d7-abcc-50725b3aad19",
                  "isHook": false,
                  "skipped": false
                },
                {
                  "title": "should add the apiKey if given",
                  "fullTitle": "Genderize params() should add the apiKey if given",
                  "timedOut": false,
                  "duration": 0,
                  "state": "passed",
                  "speed": "fast",
                  "pass": true,
                  "fail": false,
                  "pending": false,
                  "context": null,
                  "code": "assert.equal(new Genderize(\"hello-world\").params([\"Max\",\"Lisa\"],\"DE\").toString(),\"name[]=Max&name[]=Lisa&country_id=DE&apikey=hello-world\")",
                  "err": {},
                  "uuid": "5a84d1d3-20b2-474d-a35b-a8f96ea3d454",
                  "parentUUID": "0bffeb0e-dcd7-44d7-abcc-50725b3aad19",
                  "isHook": false,
                  "skipped": false
                }
              ],
              "suites": [],
              "passes": [
                "7080a8a5-7224-4a79-8248-31d6fd4b66e0",
                "b564b8a0-40c3-4670-9129-e018262d9bc2",
                "41a0a9ff-3b1c-47f2-bc6d-6b89363c77fc",
                "093ca866-d716-4a8a-aead-48c306ccac9d",
                "5a84d1d3-20b2-474d-a35b-a8f96ea3d454"
              ],
              "failures": [],
              "pending": [],
              "skipped": [],
              "duration": 0,
              "root": false,
              "rootEmpty": false,
              "_timeout": 2000
            },
            {
              "uuid": "c197fa1a-5d6c-4c1a-a8a6-6908a8922fbf",
              "title": "limit()",
              "fullFile": "/home/runner/work/genderize/genderize/test/lib/index.ts",
              "file": "/test/lib/index.ts",
              "beforeHooks": [],
              "afterHooks": [],
              "tests": [
                {
                  "title": "should return null if no request was sent before",
                  "fullTitle": "Genderize limit() should return null if no request was sent before",
                  "timedOut": false,
                  "duration": 0,
                  "state": "passed",
                  "speed": "fast",
                  "pass": true,
                  "fail": false,
                  "pending": false,
                  "context": null,
                  "code": "assert.strictEqual(new Genderize().limit,null)",
                  "err": {},
                  "uuid": "1042ddc1-d699-47cb-8474-32df1969a138",
                  "parentUUID": "c197fa1a-5d6c-4c1a-a8a6-6908a8922fbf",
                  "isHook": false,
                  "skipped": false
                }
              ],
              "suites": [],
              "passes": [
                "1042ddc1-d699-47cb-8474-32df1969a138"
              ],
              "failures": [],
              "pending": [],
              "skipped": [],
              "duration": 0,
              "root": false,
              "rootEmpty": false,
              "_timeout": 2000
            },
            {
              "uuid": "cb548191-37b1-480f-8cff-6ee4a1e4f6ad",
              "title": "getIntHeader()",
              "fullFile": "/home/runner/work/genderize/genderize/test/lib/index.ts",
              "file": "/test/lib/index.ts",
              "beforeHooks": [],
              "afterHooks": [],
              "tests": [
                {
                  "title": "should work with string",
                  "fullTitle": "Genderize getIntHeader() should work with string",
                  "timedOut": false,
                  "duration": 0,
                  "state": "passed",
                  "speed": "fast",
                  "pass": true,
                  "fail": false,
                  "pending": false,
                  "context": null,
                  "code": "assert.strictEqual(Genderize.getIntHeader(\"123\"),123)",
                  "err": {},
                  "uuid": "8364d5eb-b87f-446e-b9af-aa573d7b4d6a",
                  "parentUUID": "cb548191-37b1-480f-8cff-6ee4a1e4f6ad",
                  "isHook": false,
                  "skipped": false
                },
                {
                  "title": "should work with string[]",
                  "fullTitle": "Genderize getIntHeader() should work with string[]",
                  "timedOut": false,
                  "duration": 0,
                  "state": "passed",
                  "speed": "fast",
                  "pass": true,
                  "fail": false,
                  "pending": false,
                  "context": null,
                  "code": "assert.strictEqual(Genderize.getIntHeader([\"123\",\"456\"]),123)",
                  "err": {},
                  "uuid": "5b6de6dc-275b-43e4-a2c1-ac53dd395118",
                  "parentUUID": "cb548191-37b1-480f-8cff-6ee4a1e4f6ad",
                  "isHook": false,
                  "skipped": false
                },
                {
                  "title": "should work with undefined",
                  "fullTitle": "Genderize getIntHeader() should work with undefined",
                  "timedOut": false,
                  "duration": 0,
                  "state": "passed",
                  "speed": "fast",
                  "pass": true,
                  "fail": false,
                  "pending": false,
                  "context": null,
                  "code": "assert.strictEqual(Genderize.getIntHeader(void 0),void 0)",
                  "err": {},
                  "uuid": "f9e2bb49-1cb6-45fb-a0f6-79fa1732f055",
                  "parentUUID": "cb548191-37b1-480f-8cff-6ee4a1e4f6ad",
                  "isHook": false,
                  "skipped": false
                }
              ],
              "suites": [],
              "passes": [
                "8364d5eb-b87f-446e-b9af-aa573d7b4d6a",
                "5b6de6dc-275b-43e4-a2c1-ac53dd395118",
                "f9e2bb49-1cb6-45fb-a0f6-79fa1732f055"
              ],
              "failures": [],
              "pending": [],
              "skipped": [],
              "duration": 0,
              "root": false,
              "rootEmpty": false,
              "_timeout": 2000
            },
            {
              "uuid": "3b928536-3f18-4b40-85f8-45d12925a2c0",
              "title": "detect()",
              "fullFile": "/home/runner/work/genderize/genderize/test/lib/index.ts",
              "file": "/test/lib/index.ts",
              "beforeHooks": [],
              "afterHooks": [],
              "tests": [
                {
                  "title": "should work with single names",
                  "fullTitle": "Genderize detect() should work with single names",
                  "timedOut": false,
                  "duration": 392,
                  "state": "passed",
                  "speed": "slow",
                  "pass": true,
                  "fail": false,
                  "pending": false,
                  "context": null,
                  "code": "const g=new Genderize;const result=await g.predict(\"Max\");assert.equal(result.name,\"Max\");assert.equal(result.gender,\"male\");assert.equal(result.gender,GenderizeGender.MALE);assert.ok(result.probability>.9,\"probability > 0.9\");assert.ok(result.count>1e4,\"count > 10000\");assert.ok(g.limit,\"limit is set\");assert.ok(g.limit.limit>0,\"limit > 0\");assert.ok(g.limit.remaining>0,\"remaining > 0\");assert.ok(g.limit.reset instanceof Date,\"reset is a Date\")",
                  "err": {},
                  "uuid": "e838cf96-7077-4b90-a6ce-888c6b6e02a4",
                  "parentUUID": "3b928536-3f18-4b40-85f8-45d12925a2c0",
                  "isHook": false,
                  "skipped": false
                },
                {
                  "title": "should work with multiple names",
                  "fullTitle": "Genderize detect() should work with multiple names",
                  "timedOut": false,
                  "duration": 54,
                  "state": "passed",
                  "speed": "medium",
                  "pass": true,
                  "fail": false,
                  "pending": false,
                  "context": null,
                  "code": "const g=new Genderize;const result=await g.predict([\"Moritz\",\"Lisa\"]);assert.equal(result.length,2);assert.equal(result[0].name,\"Moritz\");assert.equal(result[0].gender,\"male\");assert.equal(result[0].gender,GenderizeGender.MALE);assert.ok(result[0].probability>.9,\"probability > 0.9\");assert.ok(result[0].count>1e4,\"count > 10000\");assert.equal(result[1].name,\"Lisa\");assert.equal(result[1].gender,\"female\");assert.equal(result[1].gender,GenderizeGender.FEMALE);assert.ok(result[1].probability>.9,\"probability > 0.9\");assert.ok(result[1].count>1e4,\"count > 10000\");assert.ok(g.limit,\"limit is set\");assert.ok(g.limit.limit>0,\"limit > 0\");assert.ok(g.limit.remaining>0,\"remaining > 0\");assert.ok(g.limit.reset instanceof Date,\"reset is a Date\")",
                  "err": {},
                  "uuid": "fdcabda1-c15f-4470-af37-79caec71f1eb",
                  "parentUUID": "3b928536-3f18-4b40-85f8-45d12925a2c0",
                  "isHook": false,
                  "skipped": false
                }
              ],
              "suites": [],
              "passes": [
                "e838cf96-7077-4b90-a6ce-888c6b6e02a4",
                "fdcabda1-c15f-4470-af37-79caec71f1eb"
              ],
              "failures": [],
              "pending": [],
              "skipped": [],
              "duration": 446,
              "root": false,
              "rootEmpty": false,
              "_timeout": 10000
            }
          ],
          "passes": [],
          "failures": [],
          "pending": [],
          "skipped": [],
          "duration": 0,
          "root": false,
          "rootEmpty": false,
          "_timeout": 2000
        }
      ],
      "passes": [],
      "failures": [],
      "pending": [],
      "skipped": [],
      "duration": 0,
      "root": true,
      "rootEmpty": true,
      "_timeout": 2000
    }
  ],
  "meta": {
    "mocha": {
      "version": "11.2.2"
    },
    "mochawesome": {
      "options": {
        "quiet": false,
        "reportFilename": "mochawesome",
        "saveHtml": true,
        "saveJson": true,
        "consoleReporter": "spec",
        "useInlineDiffs": false,
        "code": true
      },
      "version": "7.1.3"
    },
    "marge": {
      "options": null,
      "version": "6.2.0"
    }
  }
}