{
  "stats": {
    "suites": 5,
    "tests": 11,
    "passes": 11,
    "pending": 0,
    "failures": 0,
    "start": "2022-06-22T19:57:54.654Z",
    "end": "2022-06-22T19:57:54.960Z",
    "duration": 306,
    "testsRegistered": 11,
    "passPercent": 100,
    "pendingPercent": 0,
    "other": 0,
    "hasOther": false,
    "skipped": 0,
    "hasSkipped": false
  },
  "results": [
    {
      "uuid": "f7cf77fc-ba4a-48df-a95f-264168266da7",
      "title": "",
      "fullFile": "",
      "file": "",
      "beforeHooks": [],
      "afterHooks": [],
      "tests": [],
      "suites": [
        {
          "uuid": "b51b4658-20b6-466c-8dc4-745acf56e381",
          "title": "Genderize",
          "fullFile": "/home/runner/work/genderize/genderize/test/lib/index.ts",
          "file": "/test/lib/index.ts",
          "beforeHooks": [],
          "afterHooks": [],
          "tests": [],
          "suites": [
            {
              "uuid": "2c01fb6c-78cd-4329-a7ff-bae40980a7af",
              "title": "params()",
              "fullFile": "/home/runner/work/genderize/genderize/test/lib/index.ts",
              "file": "/test/lib/index.ts",
              "beforeHooks": [],
              "afterHooks": [],
              "tests": [
                {
                  "title": "should work with arrays",
                  "fullTitle": "Genderize params() should work with arrays",
                  "timedOut": false,
                  "duration": 1,
                  "state": "passed",
                  "speed": "fast",
                  "pass": true,
                  "fail": false,
                  "pending": false,
                  "context": null,
                  "code": "assert_1.default.equal(new lib_1.default().params(['Max', 'Lisa'], 'DE').toString(), 'name=Max&name=Lisa&country_id=DE');",
                  "err": {},
                  "uuid": "176e9b4f-0c6b-4e88-a3a3-c3e18434c3c2",
                  "parentUUID": "2c01fb6c-78cd-4329-a7ff-bae40980a7af",
                  "isHook": false,
                  "skipped": false
                },
                {
                  "title": "should work with single string",
                  "fullTitle": "Genderize params() should work with single string",
                  "timedOut": false,
                  "duration": 0,
                  "state": "passed",
                  "speed": "fast",
                  "pass": true,
                  "fail": false,
                  "pending": false,
                  "context": null,
                  "code": "assert_1.default.equal(new lib_1.default().params('Max').toString(), 'name=Max');",
                  "err": {},
                  "uuid": "20d37c1b-1f59-4f03-892e-5f40ca03670a",
                  "parentUUID": "2c01fb6c-78cd-4329-a7ff-bae40980a7af",
                  "isHook": false,
                  "skipped": false
                },
                {
                  "title": "should throw an exception if no name was given",
                  "fullTitle": "Genderize params() should throw an exception if no name was given",
                  "timedOut": false,
                  "duration": 0,
                  "state": "passed",
                  "speed": "fast",
                  "pass": true,
                  "fail": false,
                  "pending": false,
                  "context": null,
                  "code": "assert_1.default.throws(() => {\n    new lib_1.default().params([]);\n}, /No name given, but at least one is required/);",
                  "err": {},
                  "uuid": "5402256c-76b3-455e-8f10-bbeb17b24743",
                  "parentUUID": "2c01fb6c-78cd-4329-a7ff-bae40980a7af",
                  "isHook": false,
                  "skipped": false
                },
                {
                  "title": "should throw an exception if > 10 names were given",
                  "fullTitle": "Genderize params() should throw an exception if > 10 names were given",
                  "timedOut": false,
                  "duration": 0,
                  "state": "passed",
                  "speed": "fast",
                  "pass": true,
                  "fail": false,
                  "pending": false,
                  "context": null,
                  "code": "assert_1.default.throws(() => {\n    new lib_1.default().params([\n        'James', 'Robert', 'John', 'Michael', 'David', 'William',\n        'Richard', 'Thomas', 'Christopher', 'Daniel', 'Paul'\n    ]);\n}, /Too many names given: 11 names provided, but 10 is the maximum allowed/);",
                  "err": {},
                  "uuid": "e2f3b317-4ae9-4d7d-9e9e-51515cdd56e8",
                  "parentUUID": "2c01fb6c-78cd-4329-a7ff-bae40980a7af",
                  "isHook": false,
                  "skipped": false
                },
                {
                  "title": "should add the apiKey if given",
                  "fullTitle": "Genderize params() should add the apiKey if given",
                  "timedOut": false,
                  "duration": 0,
                  "state": "passed",
                  "speed": "fast",
                  "pass": true,
                  "fail": false,
                  "pending": false,
                  "context": null,
                  "code": "assert_1.default.equal(new lib_1.default('hello-world').params(['Max', 'Lisa'], 'DE').toString(), 'name=Max&name=Lisa&country_id=DE&apikey=hello-world');",
                  "err": {},
                  "uuid": "3924017a-e3bf-4914-8231-956b04f3480f",
                  "parentUUID": "2c01fb6c-78cd-4329-a7ff-bae40980a7af",
                  "isHook": false,
                  "skipped": false
                }
              ],
              "suites": [],
              "passes": [
                "176e9b4f-0c6b-4e88-a3a3-c3e18434c3c2",
                "20d37c1b-1f59-4f03-892e-5f40ca03670a",
                "5402256c-76b3-455e-8f10-bbeb17b24743",
                "e2f3b317-4ae9-4d7d-9e9e-51515cdd56e8",
                "3924017a-e3bf-4914-8231-956b04f3480f"
              ],
              "failures": [],
              "pending": [],
              "skipped": [],
              "duration": 1,
              "root": false,
              "rootEmpty": false,
              "_timeout": 2000
            },
            {
              "uuid": "c8ace90f-06a0-4078-84e7-d5f8583aec72",
              "title": "limit()",
              "fullFile": "/home/runner/work/genderize/genderize/test/lib/index.ts",
              "file": "/test/lib/index.ts",
              "beforeHooks": [],
              "afterHooks": [],
              "tests": [
                {
                  "title": "should return null if no request was sent before",
                  "fullTitle": "Genderize limit() should return null if no request was sent before",
                  "timedOut": false,
                  "duration": 0,
                  "state": "passed",
                  "speed": "fast",
                  "pass": true,
                  "fail": false,
                  "pending": false,
                  "context": null,
                  "code": "assert_1.default.strictEqual(new lib_1.default().limit, null);",
                  "err": {},
                  "uuid": "6f3e092b-19eb-4e42-b83d-dadb1b5954a5",
                  "parentUUID": "c8ace90f-06a0-4078-84e7-d5f8583aec72",
                  "isHook": false,
                  "skipped": false
                }
              ],
              "suites": [],
              "passes": [
                "6f3e092b-19eb-4e42-b83d-dadb1b5954a5"
              ],
              "failures": [],
              "pending": [],
              "skipped": [],
              "duration": 0,
              "root": false,
              "rootEmpty": false,
              "_timeout": 2000
            },
            {
              "uuid": "c4a72104-c114-4b42-ac71-b3596a76a5aa",
              "title": "getIntHeader()",
              "fullFile": "/home/runner/work/genderize/genderize/test/lib/index.ts",
              "file": "/test/lib/index.ts",
              "beforeHooks": [],
              "afterHooks": [],
              "tests": [
                {
                  "title": "should work with string",
                  "fullTitle": "Genderize getIntHeader() should work with string",
                  "timedOut": false,
                  "duration": 0,
                  "state": "passed",
                  "speed": "fast",
                  "pass": true,
                  "fail": false,
                  "pending": false,
                  "context": null,
                  "code": "assert_1.default.strictEqual(lib_1.default.getIntHeader('123'), 123);",
                  "err": {},
                  "uuid": "54f16c8d-51a1-4ada-8f7f-611b9b91e7cb",
                  "parentUUID": "c4a72104-c114-4b42-ac71-b3596a76a5aa",
                  "isHook": false,
                  "skipped": false
                },
                {
                  "title": "should work with string[]",
                  "fullTitle": "Genderize getIntHeader() should work with string[]",
                  "timedOut": false,
                  "duration": 1,
                  "state": "passed",
                  "speed": "fast",
                  "pass": true,
                  "fail": false,
                  "pending": false,
                  "context": null,
                  "code": "assert_1.default.strictEqual(lib_1.default.getIntHeader(['123', '456']), 123);",
                  "err": {},
                  "uuid": "16efba24-58bb-43fd-b96f-cd11996b314e",
                  "parentUUID": "c4a72104-c114-4b42-ac71-b3596a76a5aa",
                  "isHook": false,
                  "skipped": false
                },
                {
                  "title": "should work with undefined",
                  "fullTitle": "Genderize getIntHeader() should work with undefined",
                  "timedOut": false,
                  "duration": 0,
                  "state": "passed",
                  "speed": "fast",
                  "pass": true,
                  "fail": false,
                  "pending": false,
                  "context": null,
                  "code": "assert_1.default.strictEqual(lib_1.default.getIntHeader(undefined), undefined);",
                  "err": {},
                  "uuid": "664bc628-e88d-491b-959a-01393a1fe338",
                  "parentUUID": "c4a72104-c114-4b42-ac71-b3596a76a5aa",
                  "isHook": false,
                  "skipped": false
                }
              ],
              "suites": [],
              "passes": [
                "54f16c8d-51a1-4ada-8f7f-611b9b91e7cb",
                "16efba24-58bb-43fd-b96f-cd11996b314e",
                "664bc628-e88d-491b-959a-01393a1fe338"
              ],
              "failures": [],
              "pending": [],
              "skipped": [],
              "duration": 1,
              "root": false,
              "rootEmpty": false,
              "_timeout": 2000
            },
            {
              "uuid": "5a75cff2-f3a6-49f2-b08a-ad87d8ddf766",
              "title": "detect()",
              "fullFile": "/home/runner/work/genderize/genderize/test/lib/index.ts",
              "file": "/test/lib/index.ts",
              "beforeHooks": [],
              "afterHooks": [],
              "tests": [
                {
                  "title": "should work with single names",
                  "fullTitle": "Genderize detect() should work with single names",
                  "timedOut": false,
                  "duration": 166,
                  "state": "passed",
                  "speed": "slow",
                  "pass": true,
                  "fail": false,
                  "pending": false,
                  "context": null,
                  "code": "return __awaiter(this, void 0, void 0, function* () {\n    const g = new lib_1.default();\n    const result = yield g.predict('Max');\n    assert_1.default.equal(result.name, 'Max');\n    assert_1.default.equal(result.gender, 'male');\n    assert_1.default.equal(result.gender, lib_1.GenderizeGender.MALE);\n    assert_1.default.ok(result.probability > 0.9, 'probability > 0.9');\n    assert_1.default.ok(result.count > 10000, 'count > 10000');\n    assert_1.default.ok(g.limit, 'limit is set');\n    assert_1.default.ok(g.limit.limit > 0, 'limit > 0');\n    assert_1.default.ok(g.limit.remaining > 0, 'remaining > 0');\n    assert_1.default.ok(g.limit.reset instanceof Date, 'reset is a Date');\n});",
                  "err": {},
                  "uuid": "351a7002-9b52-4a1f-ba16-7584db74f63b",
                  "parentUUID": "5a75cff2-f3a6-49f2-b08a-ad87d8ddf766",
                  "isHook": false,
                  "skipped": false
                },
                {
                  "title": "should work with multiple names",
                  "fullTitle": "Genderize detect() should work with multiple names",
                  "timedOut": false,
                  "duration": 131,
                  "state": "passed",
                  "speed": "slow",
                  "pass": true,
                  "fail": false,
                  "pending": false,
                  "context": null,
                  "code": "return __awaiter(this, void 0, void 0, function* () {\n    const g = new lib_1.default();\n    const result = yield g.predict(['Max', 'Lisa']);\n    assert_1.default.equal(result.length, 2);\n    assert_1.default.equal(result[0].name, 'Max');\n    assert_1.default.equal(result[0].gender, 'male');\n    assert_1.default.equal(result[0].gender, lib_1.GenderizeGender.MALE);\n    assert_1.default.ok(result[0].probability > 0.9, 'probability > 0.9');\n    assert_1.default.ok(result[0].count > 10000, 'count > 10000');\n    assert_1.default.equal(result[1].name, 'Lisa');\n    assert_1.default.equal(result[1].gender, 'female');\n    assert_1.default.equal(result[1].gender, lib_1.GenderizeGender.FEMALE);\n    assert_1.default.ok(result[1].probability > 0.9, 'probability > 0.9');\n    assert_1.default.ok(result[1].count > 10000, 'count > 10000');\n    assert_1.default.ok(g.limit, 'limit is set');\n    assert_1.default.ok(g.limit.limit > 0, 'limit > 0');\n    assert_1.default.ok(g.limit.remaining > 0, 'remaining > 0');\n    assert_1.default.ok(g.limit.reset instanceof Date, 'reset is a Date');\n});",
                  "err": {},
                  "uuid": "e6033e55-5549-4d9c-93ba-f0503a3fe6a7",
                  "parentUUID": "5a75cff2-f3a6-49f2-b08a-ad87d8ddf766",
                  "isHook": false,
                  "skipped": false
                }
              ],
              "suites": [],
              "passes": [
                "351a7002-9b52-4a1f-ba16-7584db74f63b",
                "e6033e55-5549-4d9c-93ba-f0503a3fe6a7"
              ],
              "failures": [],
              "pending": [],
              "skipped": [],
              "duration": 297,
              "root": false,
              "rootEmpty": false,
              "_timeout": 10000
            }
          ],
          "passes": [],
          "failures": [],
          "pending": [],
          "skipped": [],
          "duration": 0,
          "root": false,
          "rootEmpty": false,
          "_timeout": 2000
        }
      ],
      "passes": [],
      "failures": [],
      "pending": [],
      "skipped": [],
      "duration": 0,
      "root": true,
      "rootEmpty": true,
      "_timeout": 2000
    }
  ],
  "meta": {
    "mocha": {
      "version": "9.1.3"
    },
    "mochawesome": {
      "options": {
        "quiet": false,
        "reportFilename": "mochawesome",
        "saveHtml": true,
        "saveJson": true,
        "consoleReporter": "spec",
        "useInlineDiffs": false,
        "code": true
      },
      "version": "7.0.1"
    },
    "marge": {
      "options": null,
      "version": "6.0.1"
    }
  }
}