{
  "stats": {
    "suites": 5,
    "tests": 11,
    "passes": 11,
    "pending": 0,
    "failures": 0,
    "start": "2024-07-07T18:15:59.748Z",
    "end": "2024-07-07T18:16:00.161Z",
    "duration": 413,
    "testsRegistered": 11,
    "passPercent": 100,
    "pendingPercent": 0,
    "other": 0,
    "hasOther": false,
    "skipped": 0,
    "hasSkipped": false
  },
  "results": [
    {
      "uuid": "af21bb07-aa12-4ba6-95bd-30da0ce176b8",
      "title": "",
      "fullFile": "/home/runner/work/genderize/genderize/test/lib/index.ts",
      "file": "/test/lib/index.ts",
      "beforeHooks": [],
      "afterHooks": [],
      "tests": [],
      "suites": [
        {
          "uuid": "3dcae986-3094-4332-8c20-0cf91f9c861d",
          "title": "Genderize",
          "fullFile": "/home/runner/work/genderize/genderize/test/lib/index.ts",
          "file": "/test/lib/index.ts",
          "beforeHooks": [],
          "afterHooks": [],
          "tests": [],
          "suites": [
            {
              "uuid": "4cecfe4b-2928-41f4-94c6-f6ba02374e50",
              "title": "params()",
              "fullFile": "/home/runner/work/genderize/genderize/test/lib/index.ts",
              "file": "/test/lib/index.ts",
              "beforeHooks": [],
              "afterHooks": [],
              "tests": [
                {
                  "title": "should work with arrays",
                  "fullTitle": "Genderize params() should work with arrays",
                  "timedOut": false,
                  "duration": 1,
                  "state": "passed",
                  "speed": "fast",
                  "pass": true,
                  "fail": false,
                  "pending": false,
                  "context": null,
                  "code": "assert.equal(new Genderize().params(['Max', 'Lisa'], 'DE').toString(), 'name[]=Max&name[]=Lisa&country_id=DE');",
                  "err": {},
                  "uuid": "a15a1f32-8314-4a85-ba7b-a39cad0fc6d9",
                  "parentUUID": "4cecfe4b-2928-41f4-94c6-f6ba02374e50",
                  "isHook": false,
                  "skipped": false
                },
                {
                  "title": "should work with single string",
                  "fullTitle": "Genderize params() should work with single string",
                  "timedOut": false,
                  "duration": 0,
                  "state": "passed",
                  "speed": "fast",
                  "pass": true,
                  "fail": false,
                  "pending": false,
                  "context": null,
                  "code": "assert.equal(new Genderize().params('Max').toString(), 'name=Max');",
                  "err": {},
                  "uuid": "92233d80-d749-4e3c-a720-7ae7c4124941",
                  "parentUUID": "4cecfe4b-2928-41f4-94c6-f6ba02374e50",
                  "isHook": false,
                  "skipped": false
                },
                {
                  "title": "should throw an exception if no name was given",
                  "fullTitle": "Genderize params() should throw an exception if no name was given",
                  "timedOut": false,
                  "duration": 1,
                  "state": "passed",
                  "speed": "fast",
                  "pass": true,
                  "fail": false,
                  "pending": false,
                  "context": null,
                  "code": "assert.throws(() => {\n    new Genderize().params([]);\n}, /No name given, but at least one is required/);",
                  "err": {},
                  "uuid": "33b76986-eaa1-49d0-a932-1d1b8f5e7629",
                  "parentUUID": "4cecfe4b-2928-41f4-94c6-f6ba02374e50",
                  "isHook": false,
                  "skipped": false
                },
                {
                  "title": "should throw an exception if > 10 names were given",
                  "fullTitle": "Genderize params() should throw an exception if > 10 names were given",
                  "timedOut": false,
                  "duration": 0,
                  "state": "passed",
                  "speed": "fast",
                  "pass": true,
                  "fail": false,
                  "pending": false,
                  "context": null,
                  "code": "assert.throws(() => {\n    new Genderize().params([\n        'James', 'Robert', 'John', 'Michael', 'David', 'William',\n        'Richard', 'Thomas', 'Christopher', 'Daniel', 'Paul'\n    ]);\n}, /Too many names given: 11 names provided, but 10 is the maximum allowed/);",
                  "err": {},
                  "uuid": "76ae5bf4-b528-4a63-ab15-42987f8eb686",
                  "parentUUID": "4cecfe4b-2928-41f4-94c6-f6ba02374e50",
                  "isHook": false,
                  "skipped": false
                },
                {
                  "title": "should add the apiKey if given",
                  "fullTitle": "Genderize params() should add the apiKey if given",
                  "timedOut": false,
                  "duration": 0,
                  "state": "passed",
                  "speed": "fast",
                  "pass": true,
                  "fail": false,
                  "pending": false,
                  "context": null,
                  "code": "assert.equal(new Genderize('hello-world').params(['Max', 'Lisa'], 'DE').toString(), 'name[]=Max&name[]=Lisa&country_id=DE&apikey=hello-world');",
                  "err": {},
                  "uuid": "d78e5c7c-5d7a-4b6a-9706-aefca5ef6727",
                  "parentUUID": "4cecfe4b-2928-41f4-94c6-f6ba02374e50",
                  "isHook": false,
                  "skipped": false
                }
              ],
              "suites": [],
              "passes": [
                "a15a1f32-8314-4a85-ba7b-a39cad0fc6d9",
                "92233d80-d749-4e3c-a720-7ae7c4124941",
                "33b76986-eaa1-49d0-a932-1d1b8f5e7629",
                "76ae5bf4-b528-4a63-ab15-42987f8eb686",
                "d78e5c7c-5d7a-4b6a-9706-aefca5ef6727"
              ],
              "failures": [],
              "pending": [],
              "skipped": [],
              "duration": 2,
              "root": false,
              "rootEmpty": false,
              "_timeout": 2000
            },
            {
              "uuid": "54e227ed-7de9-41e4-b3e9-67b0dc4459af",
              "title": "limit()",
              "fullFile": "/home/runner/work/genderize/genderize/test/lib/index.ts",
              "file": "/test/lib/index.ts",
              "beforeHooks": [],
              "afterHooks": [],
              "tests": [
                {
                  "title": "should return null if no request was sent before",
                  "fullTitle": "Genderize limit() should return null if no request was sent before",
                  "timedOut": false,
                  "duration": 0,
                  "state": "passed",
                  "speed": "fast",
                  "pass": true,
                  "fail": false,
                  "pending": false,
                  "context": null,
                  "code": "assert.strictEqual(new Genderize().limit, null);",
                  "err": {},
                  "uuid": "ce4e87dc-c5a9-4568-9636-e710004ec79c",
                  "parentUUID": "54e227ed-7de9-41e4-b3e9-67b0dc4459af",
                  "isHook": false,
                  "skipped": false
                }
              ],
              "suites": [],
              "passes": [
                "ce4e87dc-c5a9-4568-9636-e710004ec79c"
              ],
              "failures": [],
              "pending": [],
              "skipped": [],
              "duration": 0,
              "root": false,
              "rootEmpty": false,
              "_timeout": 2000
            },
            {
              "uuid": "89797a1b-f4ff-4e81-99b0-e1a0d09a293e",
              "title": "getIntHeader()",
              "fullFile": "/home/runner/work/genderize/genderize/test/lib/index.ts",
              "file": "/test/lib/index.ts",
              "beforeHooks": [],
              "afterHooks": [],
              "tests": [
                {
                  "title": "should work with string",
                  "fullTitle": "Genderize getIntHeader() should work with string",
                  "timedOut": false,
                  "duration": 1,
                  "state": "passed",
                  "speed": "fast",
                  "pass": true,
                  "fail": false,
                  "pending": false,
                  "context": null,
                  "code": "assert.strictEqual(Genderize.getIntHeader('123'), 123);",
                  "err": {},
                  "uuid": "f0b423a5-a138-4868-8389-77834128cdf4",
                  "parentUUID": "89797a1b-f4ff-4e81-99b0-e1a0d09a293e",
                  "isHook": false,
                  "skipped": false
                },
                {
                  "title": "should work with string[]",
                  "fullTitle": "Genderize getIntHeader() should work with string[]",
                  "timedOut": false,
                  "duration": 0,
                  "state": "passed",
                  "speed": "fast",
                  "pass": true,
                  "fail": false,
                  "pending": false,
                  "context": null,
                  "code": "assert.strictEqual(Genderize.getIntHeader(['123', '456']), 123);",
                  "err": {},
                  "uuid": "28be2fa3-dcf9-4340-9ee2-ff041789b91e",
                  "parentUUID": "89797a1b-f4ff-4e81-99b0-e1a0d09a293e",
                  "isHook": false,
                  "skipped": false
                },
                {
                  "title": "should work with undefined",
                  "fullTitle": "Genderize getIntHeader() should work with undefined",
                  "timedOut": false,
                  "duration": 0,
                  "state": "passed",
                  "speed": "fast",
                  "pass": true,
                  "fail": false,
                  "pending": false,
                  "context": null,
                  "code": "assert.strictEqual(Genderize.getIntHeader(undefined), undefined);",
                  "err": {},
                  "uuid": "bcff588f-1ce1-410b-9b52-80cc0db8d292",
                  "parentUUID": "89797a1b-f4ff-4e81-99b0-e1a0d09a293e",
                  "isHook": false,
                  "skipped": false
                }
              ],
              "suites": [],
              "passes": [
                "f0b423a5-a138-4868-8389-77834128cdf4",
                "28be2fa3-dcf9-4340-9ee2-ff041789b91e",
                "bcff588f-1ce1-410b-9b52-80cc0db8d292"
              ],
              "failures": [],
              "pending": [],
              "skipped": [],
              "duration": 1,
              "root": false,
              "rootEmpty": false,
              "_timeout": 2000
            },
            {
              "uuid": "bbb1f860-90d1-489a-80d3-6ae3eff4f72c",
              "title": "detect()",
              "fullFile": "/home/runner/work/genderize/genderize/test/lib/index.ts",
              "file": "/test/lib/index.ts",
              "beforeHooks": [],
              "afterHooks": [],
              "tests": [
                {
                  "title": "should work with single names",
                  "fullTitle": "Genderize detect() should work with single names",
                  "timedOut": false,
                  "duration": 370,
                  "state": "passed",
                  "speed": "slow",
                  "pass": true,
                  "fail": false,
                  "pending": false,
                  "context": null,
                  "code": "return __awaiter(this, void 0, void 0, function* () {\n    const g = new Genderize();\n    const result = yield g.predict('Max');\n    assert.equal(result.name, 'Max');\n    assert.equal(result.gender, 'male');\n    assert.equal(result.gender, GenderizeGender.MALE);\n    assert.ok(result.probability > 0.9, 'probability > 0.9');\n    assert.ok(result.count > 10000, 'count > 10000');\n    assert.ok(g.limit, 'limit is set');\n    assert.ok(g.limit.limit > 0, 'limit > 0');\n    assert.ok(g.limit.remaining > 0, 'remaining > 0');\n    assert.ok(g.limit.reset instanceof Date, 'reset is a Date');\n});",
                  "err": {},
                  "uuid": "33e4e7c3-fabb-499a-8d6b-607074b1a733",
                  "parentUUID": "bbb1f860-90d1-489a-80d3-6ae3eff4f72c",
                  "isHook": false,
                  "skipped": false
                },
                {
                  "title": "should work with multiple names",
                  "fullTitle": "Genderize detect() should work with multiple names",
                  "timedOut": false,
                  "duration": 35,
                  "state": "passed",
                  "speed": "fast",
                  "pass": true,
                  "fail": false,
                  "pending": false,
                  "context": null,
                  "code": "return __awaiter(this, void 0, void 0, function* () {\n    const g = new Genderize();\n    const result = yield g.predict(['Moritz', 'Lisa']);\n    assert.equal(result.length, 2);\n    assert.equal(result[0].name, 'Moritz');\n    assert.equal(result[0].gender, 'male');\n    assert.equal(result[0].gender, GenderizeGender.MALE);\n    assert.ok(result[0].probability > 0.9, 'probability > 0.9');\n    assert.ok(result[0].count > 10000, 'count > 10000');\n    assert.equal(result[1].name, 'Lisa');\n    assert.equal(result[1].gender, 'female');\n    assert.equal(result[1].gender, GenderizeGender.FEMALE);\n    assert.ok(result[1].probability > 0.9, 'probability > 0.9');\n    assert.ok(result[1].count > 10000, 'count > 10000');\n    assert.ok(g.limit, 'limit is set');\n    assert.ok(g.limit.limit > 0, 'limit > 0');\n    assert.ok(g.limit.remaining > 0, 'remaining > 0');\n    assert.ok(g.limit.reset instanceof Date, 'reset is a Date');\n});",
                  "err": {},
                  "uuid": "143d8701-618d-4d4c-b6e0-84e17f39c76f",
                  "parentUUID": "bbb1f860-90d1-489a-80d3-6ae3eff4f72c",
                  "isHook": false,
                  "skipped": false
                }
              ],
              "suites": [],
              "passes": [
                "33e4e7c3-fabb-499a-8d6b-607074b1a733",
                "143d8701-618d-4d4c-b6e0-84e17f39c76f"
              ],
              "failures": [],
              "pending": [],
              "skipped": [],
              "duration": 405,
              "root": false,
              "rootEmpty": false,
              "_timeout": 10000
            }
          ],
          "passes": [],
          "failures": [],
          "pending": [],
          "skipped": [],
          "duration": 0,
          "root": false,
          "rootEmpty": false,
          "_timeout": 2000
        }
      ],
      "passes": [],
      "failures": [],
      "pending": [],
      "skipped": [],
      "duration": 0,
      "root": true,
      "rootEmpty": true,
      "_timeout": 2000
    }
  ],
  "meta": {
    "mocha": {
      "version": "10.6.0"
    },
    "mochawesome": {
      "options": {
        "quiet": false,
        "reportFilename": "mochawesome",
        "saveHtml": true,
        "saveJson": true,
        "consoleReporter": "spec",
        "useInlineDiffs": false,
        "code": true
      },
      "version": "7.1.3"
    },
    "marge": {
      "options": null,
      "version": "6.2.0"
    }
  }
}