{
  "stats": {
    "suites": 5,
    "tests": 11,
    "passes": 11,
    "pending": 0,
    "failures": 0,
    "start": "2025-06-05T20:00:11.625Z",
    "end": "2025-06-05T20:00:12.594Z",
    "duration": 969,
    "testsRegistered": 11,
    "passPercent": 100,
    "pendingPercent": 0,
    "other": 0,
    "hasOther": false,
    "skipped": 0,
    "hasSkipped": false
  },
  "results": [
    {
      "uuid": "81547b28-a963-40d2-bf93-28a9b2896830",
      "title": "",
      "fullFile": "/home/runner/work/genderize/genderize/test/lib/index.ts",
      "file": "/test/lib/index.ts",
      "beforeHooks": [],
      "afterHooks": [],
      "tests": [],
      "suites": [
        {
          "uuid": "891494f2-4a48-4425-b8c5-3c7557aede48",
          "title": "Genderize",
          "fullFile": "/home/runner/work/genderize/genderize/test/lib/index.ts",
          "file": "/test/lib/index.ts",
          "beforeHooks": [],
          "afterHooks": [],
          "tests": [],
          "suites": [
            {
              "uuid": "9ce6e0a0-b9a8-4947-830d-bb063f8750ae",
              "title": "params()",
              "fullFile": "/home/runner/work/genderize/genderize/test/lib/index.ts",
              "file": "/test/lib/index.ts",
              "beforeHooks": [],
              "afterHooks": [],
              "tests": [
                {
                  "title": "should work with arrays",
                  "fullTitle": "Genderize params() should work with arrays",
                  "timedOut": false,
                  "duration": 0,
                  "state": "passed",
                  "speed": "fast",
                  "pass": true,
                  "fail": false,
                  "pending": false,
                  "context": null,
                  "code": "assert.equal(new Genderize().params([\"Max\",\"Lisa\"],\"DE\").toString(),\"name[]=Max&name[]=Lisa&country_id=DE\")",
                  "err": {},
                  "uuid": "2f2111a5-e579-492c-aef6-62d175503a5b",
                  "parentUUID": "9ce6e0a0-b9a8-4947-830d-bb063f8750ae",
                  "isHook": false,
                  "skipped": false
                },
                {
                  "title": "should work with single string",
                  "fullTitle": "Genderize params() should work with single string",
                  "timedOut": false,
                  "duration": 0,
                  "state": "passed",
                  "speed": "fast",
                  "pass": true,
                  "fail": false,
                  "pending": false,
                  "context": null,
                  "code": "assert.equal(new Genderize().params(\"Max\").toString(),\"name=Max\")",
                  "err": {},
                  "uuid": "ae90dd6a-4192-402a-83fd-52d346a4e2d8",
                  "parentUUID": "9ce6e0a0-b9a8-4947-830d-bb063f8750ae",
                  "isHook": false,
                  "skipped": false
                },
                {
                  "title": "should throw an exception if no name was given",
                  "fullTitle": "Genderize params() should throw an exception if no name was given",
                  "timedOut": false,
                  "duration": 0,
                  "state": "passed",
                  "speed": "fast",
                  "pass": true,
                  "fail": false,
                  "pending": false,
                  "context": null,
                  "code": "assert.throws(()=>{new Genderize().params([])},/No name given, but at least one is required/)",
                  "err": {},
                  "uuid": "0545b9a8-b644-48ab-95ea-1991a61fc80d",
                  "parentUUID": "9ce6e0a0-b9a8-4947-830d-bb063f8750ae",
                  "isHook": false,
                  "skipped": false
                },
                {
                  "title": "should throw an exception if > 10 names were given",
                  "fullTitle": "Genderize params() should throw an exception if > 10 names were given",
                  "timedOut": false,
                  "duration": 0,
                  "state": "passed",
                  "speed": "fast",
                  "pass": true,
                  "fail": false,
                  "pending": false,
                  "context": null,
                  "code": "assert.throws(()=>{new Genderize().params([\"James\",\"Robert\",\"John\",\"Michael\",\"David\",\"William\",\"Richard\",\"Thomas\",\"Christopher\",\"Daniel\",\"Paul\"])},/Too many names given: 11 names provided, but 10 is the maximum allowed/)",
                  "err": {},
                  "uuid": "bb7b00d2-77a7-4c87-b00b-be2d93be65ae",
                  "parentUUID": "9ce6e0a0-b9a8-4947-830d-bb063f8750ae",
                  "isHook": false,
                  "skipped": false
                },
                {
                  "title": "should add the apiKey if given",
                  "fullTitle": "Genderize params() should add the apiKey if given",
                  "timedOut": false,
                  "duration": 0,
                  "state": "passed",
                  "speed": "fast",
                  "pass": true,
                  "fail": false,
                  "pending": false,
                  "context": null,
                  "code": "assert.equal(new Genderize(\"hello-world\").params([\"Max\",\"Lisa\"],\"DE\").toString(),\"name[]=Max&name[]=Lisa&country_id=DE&apikey=hello-world\")",
                  "err": {},
                  "uuid": "bd693b8e-f4e5-4de0-a168-61146853b0fc",
                  "parentUUID": "9ce6e0a0-b9a8-4947-830d-bb063f8750ae",
                  "isHook": false,
                  "skipped": false
                }
              ],
              "suites": [],
              "passes": [
                "2f2111a5-e579-492c-aef6-62d175503a5b",
                "ae90dd6a-4192-402a-83fd-52d346a4e2d8",
                "0545b9a8-b644-48ab-95ea-1991a61fc80d",
                "bb7b00d2-77a7-4c87-b00b-be2d93be65ae",
                "bd693b8e-f4e5-4de0-a168-61146853b0fc"
              ],
              "failures": [],
              "pending": [],
              "skipped": [],
              "duration": 0,
              "root": false,
              "rootEmpty": false,
              "_timeout": 2000
            },
            {
              "uuid": "61e88c97-9267-41ee-bd7a-3365f46c77df",
              "title": "limit()",
              "fullFile": "/home/runner/work/genderize/genderize/test/lib/index.ts",
              "file": "/test/lib/index.ts",
              "beforeHooks": [],
              "afterHooks": [],
              "tests": [
                {
                  "title": "should return null if no request was sent before",
                  "fullTitle": "Genderize limit() should return null if no request was sent before",
                  "timedOut": false,
                  "duration": 0,
                  "state": "passed",
                  "speed": "fast",
                  "pass": true,
                  "fail": false,
                  "pending": false,
                  "context": null,
                  "code": "assert.strictEqual(new Genderize().limit,null)",
                  "err": {},
                  "uuid": "dab6a3fe-4cf6-4a27-b5a6-23ce33f17b6e",
                  "parentUUID": "61e88c97-9267-41ee-bd7a-3365f46c77df",
                  "isHook": false,
                  "skipped": false
                }
              ],
              "suites": [],
              "passes": [
                "dab6a3fe-4cf6-4a27-b5a6-23ce33f17b6e"
              ],
              "failures": [],
              "pending": [],
              "skipped": [],
              "duration": 0,
              "root": false,
              "rootEmpty": false,
              "_timeout": 2000
            },
            {
              "uuid": "61db715a-e918-4f22-b3b4-1d5c9f168587",
              "title": "getIntHeader()",
              "fullFile": "/home/runner/work/genderize/genderize/test/lib/index.ts",
              "file": "/test/lib/index.ts",
              "beforeHooks": [],
              "afterHooks": [],
              "tests": [
                {
                  "title": "should work with string",
                  "fullTitle": "Genderize getIntHeader() should work with string",
                  "timedOut": false,
                  "duration": 0,
                  "state": "passed",
                  "speed": "fast",
                  "pass": true,
                  "fail": false,
                  "pending": false,
                  "context": null,
                  "code": "assert.strictEqual(Genderize.getIntHeader(\"123\"),123)",
                  "err": {},
                  "uuid": "b7b008b1-3add-4319-9074-43dbfe01889c",
                  "parentUUID": "61db715a-e918-4f22-b3b4-1d5c9f168587",
                  "isHook": false,
                  "skipped": false
                },
                {
                  "title": "should work with string[]",
                  "fullTitle": "Genderize getIntHeader() should work with string[]",
                  "timedOut": false,
                  "duration": 1,
                  "state": "passed",
                  "speed": "fast",
                  "pass": true,
                  "fail": false,
                  "pending": false,
                  "context": null,
                  "code": "assert.strictEqual(Genderize.getIntHeader([\"123\",\"456\"]),123)",
                  "err": {},
                  "uuid": "2d2412be-330b-4b9f-be7b-7375d7f9064a",
                  "parentUUID": "61db715a-e918-4f22-b3b4-1d5c9f168587",
                  "isHook": false,
                  "skipped": false
                },
                {
                  "title": "should work with undefined",
                  "fullTitle": "Genderize getIntHeader() should work with undefined",
                  "timedOut": false,
                  "duration": 0,
                  "state": "passed",
                  "speed": "fast",
                  "pass": true,
                  "fail": false,
                  "pending": false,
                  "context": null,
                  "code": "assert.strictEqual(Genderize.getIntHeader(void 0),void 0)",
                  "err": {},
                  "uuid": "aed5fba5-9b6f-47d7-a2da-3788e2bc7d37",
                  "parentUUID": "61db715a-e918-4f22-b3b4-1d5c9f168587",
                  "isHook": false,
                  "skipped": false
                }
              ],
              "suites": [],
              "passes": [
                "b7b008b1-3add-4319-9074-43dbfe01889c",
                "2d2412be-330b-4b9f-be7b-7375d7f9064a",
                "aed5fba5-9b6f-47d7-a2da-3788e2bc7d37"
              ],
              "failures": [],
              "pending": [],
              "skipped": [],
              "duration": 1,
              "root": false,
              "rootEmpty": false,
              "_timeout": 2000
            },
            {
              "uuid": "266bfbca-cb72-432c-b71d-ada1e9f736e8",
              "title": "detect()",
              "fullFile": "/home/runner/work/genderize/genderize/test/lib/index.ts",
              "file": "/test/lib/index.ts",
              "beforeHooks": [],
              "afterHooks": [],
              "tests": [
                {
                  "title": "should work with single names",
                  "fullTitle": "Genderize detect() should work with single names",
                  "timedOut": false,
                  "duration": 768,
                  "state": "passed",
                  "speed": "slow",
                  "pass": true,
                  "fail": false,
                  "pending": false,
                  "context": null,
                  "code": "const g=new Genderize;const result=await g.predict(\"Max\");assert.equal(result.name,\"Max\");assert.equal(result.gender,\"male\");assert.equal(result.gender,GenderizeGender.MALE);assert.ok(result.probability>.9,\"probability > 0.9\");assert.ok(result.count>1e4,\"count > 10000\");assert.ok(g.limit,\"limit is set\");assert.ok(g.limit.limit>0,\"limit > 0\");assert.ok(g.limit.remaining>0,\"remaining > 0\");assert.ok(g.limit.reset instanceof Date,\"reset is a Date\")",
                  "err": {},
                  "uuid": "a42f0210-d5f4-414a-bad5-9b71ce35a20a",
                  "parentUUID": "266bfbca-cb72-432c-b71d-ada1e9f736e8",
                  "isHook": false,
                  "skipped": false
                },
                {
                  "title": "should work with multiple names",
                  "fullTitle": "Genderize detect() should work with multiple names",
                  "timedOut": false,
                  "duration": 192,
                  "state": "passed",
                  "speed": "slow",
                  "pass": true,
                  "fail": false,
                  "pending": false,
                  "context": null,
                  "code": "const g=new Genderize;const result=await g.predict([\"Moritz\",\"Lisa\"]);assert.equal(result.length,2);assert.equal(result[0].name,\"Moritz\");assert.equal(result[0].gender,\"male\");assert.equal(result[0].gender,GenderizeGender.MALE);assert.ok(result[0].probability>.9,\"probability > 0.9\");assert.ok(result[0].count>1e4,\"count > 10000\");assert.equal(result[1].name,\"Lisa\");assert.equal(result[1].gender,\"female\");assert.equal(result[1].gender,GenderizeGender.FEMALE);assert.ok(result[1].probability>.9,\"probability > 0.9\");assert.ok(result[1].count>1e4,\"count > 10000\");assert.ok(g.limit,\"limit is set\");assert.ok(g.limit.limit>0,\"limit > 0\");assert.ok(g.limit.remaining>0,\"remaining > 0\");assert.ok(g.limit.reset instanceof Date,\"reset is a Date\")",
                  "err": {},
                  "uuid": "d5d62917-4769-47b5-80dc-dca45a44d840",
                  "parentUUID": "266bfbca-cb72-432c-b71d-ada1e9f736e8",
                  "isHook": false,
                  "skipped": false
                }
              ],
              "suites": [],
              "passes": [
                "a42f0210-d5f4-414a-bad5-9b71ce35a20a",
                "d5d62917-4769-47b5-80dc-dca45a44d840"
              ],
              "failures": [],
              "pending": [],
              "skipped": [],
              "duration": 960,
              "root": false,
              "rootEmpty": false,
              "_timeout": 10000
            }
          ],
          "passes": [],
          "failures": [],
          "pending": [],
          "skipped": [],
          "duration": 0,
          "root": false,
          "rootEmpty": false,
          "_timeout": 2000
        }
      ],
      "passes": [],
      "failures": [],
      "pending": [],
      "skipped": [],
      "duration": 0,
      "root": true,
      "rootEmpty": true,
      "_timeout": 2000
    }
  ],
  "meta": {
    "mocha": {
      "version": "11.5.0"
    },
    "mochawesome": {
      "options": {
        "quiet": false,
        "reportFilename": "mochawesome",
        "saveHtml": true,
        "saveJson": true,
        "consoleReporter": "spec",
        "useInlineDiffs": false,
        "code": true
      },
      "version": "7.1.3"
    },
    "marge": {
      "options": null,
      "version": "6.2.0"
    }
  }
}