{
  "stats": {
    "suites": 5,
    "tests": 11,
    "passes": 11,
    "pending": 0,
    "failures": 0,
    "start": "2024-11-19T20:31:36.200Z",
    "end": "2024-11-19T20:31:36.604Z",
    "duration": 404,
    "testsRegistered": 11,
    "passPercent": 100,
    "pendingPercent": 0,
    "other": 0,
    "hasOther": false,
    "skipped": 0,
    "hasSkipped": false
  },
  "results": [
    {
      "uuid": "eead678c-1226-401d-8aaf-7198c1724699",
      "title": "",
      "fullFile": "/home/runner/work/genderize/genderize/test/lib/index.ts",
      "file": "/test/lib/index.ts",
      "beforeHooks": [],
      "afterHooks": [],
      "tests": [],
      "suites": [
        {
          "uuid": "fdd7691d-5b63-43fa-bd70-f2ec98d6c4fe",
          "title": "Genderize",
          "fullFile": "/home/runner/work/genderize/genderize/test/lib/index.ts",
          "file": "/test/lib/index.ts",
          "beforeHooks": [],
          "afterHooks": [],
          "tests": [],
          "suites": [
            {
              "uuid": "5096431c-030e-4abe-9d2c-a58f985247c0",
              "title": "params()",
              "fullFile": "/home/runner/work/genderize/genderize/test/lib/index.ts",
              "file": "/test/lib/index.ts",
              "beforeHooks": [],
              "afterHooks": [],
              "tests": [
                {
                  "title": "should work with arrays",
                  "fullTitle": "Genderize params() should work with arrays",
                  "timedOut": false,
                  "duration": 0,
                  "state": "passed",
                  "speed": "fast",
                  "pass": true,
                  "fail": false,
                  "pending": false,
                  "context": null,
                  "code": "assert.equal(new Genderize().params([\"Max\",\"Lisa\"],\"DE\").toString(),\"name[]=Max&name[]=Lisa&country_id=DE\")",
                  "err": {},
                  "uuid": "7c1f3f61-370c-41a4-8e8c-3e0af638a664",
                  "parentUUID": "5096431c-030e-4abe-9d2c-a58f985247c0",
                  "isHook": false,
                  "skipped": false
                },
                {
                  "title": "should work with single string",
                  "fullTitle": "Genderize params() should work with single string",
                  "timedOut": false,
                  "duration": 0,
                  "state": "passed",
                  "speed": "fast",
                  "pass": true,
                  "fail": false,
                  "pending": false,
                  "context": null,
                  "code": "assert.equal(new Genderize().params(\"Max\").toString(),\"name=Max\")",
                  "err": {},
                  "uuid": "e79bfdd9-9263-4f9b-ac88-dfed68f4c36c",
                  "parentUUID": "5096431c-030e-4abe-9d2c-a58f985247c0",
                  "isHook": false,
                  "skipped": false
                },
                {
                  "title": "should throw an exception if no name was given",
                  "fullTitle": "Genderize params() should throw an exception if no name was given",
                  "timedOut": false,
                  "duration": 1,
                  "state": "passed",
                  "speed": "fast",
                  "pass": true,
                  "fail": false,
                  "pending": false,
                  "context": null,
                  "code": "assert.throws(()=>{new Genderize().params([])},/No name given, but at least one is required/)",
                  "err": {},
                  "uuid": "54941bbb-fb36-47b7-99d7-9369e6f31027",
                  "parentUUID": "5096431c-030e-4abe-9d2c-a58f985247c0",
                  "isHook": false,
                  "skipped": false
                },
                {
                  "title": "should throw an exception if > 10 names were given",
                  "fullTitle": "Genderize params() should throw an exception if > 10 names were given",
                  "timedOut": false,
                  "duration": 0,
                  "state": "passed",
                  "speed": "fast",
                  "pass": true,
                  "fail": false,
                  "pending": false,
                  "context": null,
                  "code": "assert.throws(()=>{new Genderize().params([\"James\",\"Robert\",\"John\",\"Michael\",\"David\",\"William\",\"Richard\",\"Thomas\",\"Christopher\",\"Daniel\",\"Paul\"])},/Too many names given: 11 names provided, but 10 is the maximum allowed/)",
                  "err": {},
                  "uuid": "a4b9f3f8-c627-45b3-8b0b-b69f50155abc",
                  "parentUUID": "5096431c-030e-4abe-9d2c-a58f985247c0",
                  "isHook": false,
                  "skipped": false
                },
                {
                  "title": "should add the apiKey if given",
                  "fullTitle": "Genderize params() should add the apiKey if given",
                  "timedOut": false,
                  "duration": 0,
                  "state": "passed",
                  "speed": "fast",
                  "pass": true,
                  "fail": false,
                  "pending": false,
                  "context": null,
                  "code": "assert.equal(new Genderize(\"hello-world\").params([\"Max\",\"Lisa\"],\"DE\").toString(),\"name[]=Max&name[]=Lisa&country_id=DE&apikey=hello-world\")",
                  "err": {},
                  "uuid": "3065d712-7718-43a0-ba2f-33cf326f209a",
                  "parentUUID": "5096431c-030e-4abe-9d2c-a58f985247c0",
                  "isHook": false,
                  "skipped": false
                }
              ],
              "suites": [],
              "passes": [
                "7c1f3f61-370c-41a4-8e8c-3e0af638a664",
                "e79bfdd9-9263-4f9b-ac88-dfed68f4c36c",
                "54941bbb-fb36-47b7-99d7-9369e6f31027",
                "a4b9f3f8-c627-45b3-8b0b-b69f50155abc",
                "3065d712-7718-43a0-ba2f-33cf326f209a"
              ],
              "failures": [],
              "pending": [],
              "skipped": [],
              "duration": 1,
              "root": false,
              "rootEmpty": false,
              "_timeout": 2000
            },
            {
              "uuid": "b834a363-1045-4af0-81ab-4a910b031fdb",
              "title": "limit()",
              "fullFile": "/home/runner/work/genderize/genderize/test/lib/index.ts",
              "file": "/test/lib/index.ts",
              "beforeHooks": [],
              "afterHooks": [],
              "tests": [
                {
                  "title": "should return null if no request was sent before",
                  "fullTitle": "Genderize limit() should return null if no request was sent before",
                  "timedOut": false,
                  "duration": 0,
                  "state": "passed",
                  "speed": "fast",
                  "pass": true,
                  "fail": false,
                  "pending": false,
                  "context": null,
                  "code": "assert.strictEqual(new Genderize().limit,null)",
                  "err": {},
                  "uuid": "ecc9242f-bb17-4fda-87bb-a1b677ba862b",
                  "parentUUID": "b834a363-1045-4af0-81ab-4a910b031fdb",
                  "isHook": false,
                  "skipped": false
                }
              ],
              "suites": [],
              "passes": [
                "ecc9242f-bb17-4fda-87bb-a1b677ba862b"
              ],
              "failures": [],
              "pending": [],
              "skipped": [],
              "duration": 0,
              "root": false,
              "rootEmpty": false,
              "_timeout": 2000
            },
            {
              "uuid": "771bbfe9-0717-4453-a01d-f93075bfb9dd",
              "title": "getIntHeader()",
              "fullFile": "/home/runner/work/genderize/genderize/test/lib/index.ts",
              "file": "/test/lib/index.ts",
              "beforeHooks": [],
              "afterHooks": [],
              "tests": [
                {
                  "title": "should work with string",
                  "fullTitle": "Genderize getIntHeader() should work with string",
                  "timedOut": false,
                  "duration": 0,
                  "state": "passed",
                  "speed": "fast",
                  "pass": true,
                  "fail": false,
                  "pending": false,
                  "context": null,
                  "code": "assert.strictEqual(Genderize.getIntHeader(\"123\"),123)",
                  "err": {},
                  "uuid": "ed458291-3621-4394-b334-126013b7813c",
                  "parentUUID": "771bbfe9-0717-4453-a01d-f93075bfb9dd",
                  "isHook": false,
                  "skipped": false
                },
                {
                  "title": "should work with string[]",
                  "fullTitle": "Genderize getIntHeader() should work with string[]",
                  "timedOut": false,
                  "duration": 0,
                  "state": "passed",
                  "speed": "fast",
                  "pass": true,
                  "fail": false,
                  "pending": false,
                  "context": null,
                  "code": "assert.strictEqual(Genderize.getIntHeader([\"123\",\"456\"]),123)",
                  "err": {},
                  "uuid": "da8ca913-cefc-4ec4-8a04-5cd1f3df78ea",
                  "parentUUID": "771bbfe9-0717-4453-a01d-f93075bfb9dd",
                  "isHook": false,
                  "skipped": false
                },
                {
                  "title": "should work with undefined",
                  "fullTitle": "Genderize getIntHeader() should work with undefined",
                  "timedOut": false,
                  "duration": 0,
                  "state": "passed",
                  "speed": "fast",
                  "pass": true,
                  "fail": false,
                  "pending": false,
                  "context": null,
                  "code": "assert.strictEqual(Genderize.getIntHeader(void 0),void 0)",
                  "err": {},
                  "uuid": "84373bce-b437-488a-bf00-10068b9ac82d",
                  "parentUUID": "771bbfe9-0717-4453-a01d-f93075bfb9dd",
                  "isHook": false,
                  "skipped": false
                }
              ],
              "suites": [],
              "passes": [
                "ed458291-3621-4394-b334-126013b7813c",
                "da8ca913-cefc-4ec4-8a04-5cd1f3df78ea",
                "84373bce-b437-488a-bf00-10068b9ac82d"
              ],
              "failures": [],
              "pending": [],
              "skipped": [],
              "duration": 0,
              "root": false,
              "rootEmpty": false,
              "_timeout": 2000
            },
            {
              "uuid": "ed418159-02ee-45df-a81e-12be52a4f99b",
              "title": "detect()",
              "fullFile": "/home/runner/work/genderize/genderize/test/lib/index.ts",
              "file": "/test/lib/index.ts",
              "beforeHooks": [],
              "afterHooks": [],
              "tests": [
                {
                  "title": "should work with single names",
                  "fullTitle": "Genderize detect() should work with single names",
                  "timedOut": false,
                  "duration": 363,
                  "state": "passed",
                  "speed": "slow",
                  "pass": true,
                  "fail": false,
                  "pending": false,
                  "context": null,
                  "code": "const g=new Genderize;const result=await g.predict(\"Max\");assert.equal(result.name,\"Max\");assert.equal(result.gender,\"male\");assert.equal(result.gender,GenderizeGender.MALE);assert.ok(result.probability>.9,\"probability > 0.9\");assert.ok(result.count>1e4,\"count > 10000\");assert.ok(g.limit,\"limit is set\");assert.ok(g.limit.limit>0,\"limit > 0\");assert.ok(g.limit.remaining>0,\"remaining > 0\");assert.ok(g.limit.reset instanceof Date,\"reset is a Date\")",
                  "err": {},
                  "uuid": "ba3c26a0-fed1-4468-b471-45720928d6d1",
                  "parentUUID": "ed418159-02ee-45df-a81e-12be52a4f99b",
                  "isHook": false,
                  "skipped": false
                },
                {
                  "title": "should work with multiple names",
                  "fullTitle": "Genderize detect() should work with multiple names",
                  "timedOut": false,
                  "duration": 33,
                  "state": "passed",
                  "speed": "fast",
                  "pass": true,
                  "fail": false,
                  "pending": false,
                  "context": null,
                  "code": "const g=new Genderize;const result=await g.predict([\"Moritz\",\"Lisa\"]);assert.equal(result.length,2);assert.equal(result[0].name,\"Moritz\");assert.equal(result[0].gender,\"male\");assert.equal(result[0].gender,GenderizeGender.MALE);assert.ok(result[0].probability>.9,\"probability > 0.9\");assert.ok(result[0].count>1e4,\"count > 10000\");assert.equal(result[1].name,\"Lisa\");assert.equal(result[1].gender,\"female\");assert.equal(result[1].gender,GenderizeGender.FEMALE);assert.ok(result[1].probability>.9,\"probability > 0.9\");assert.ok(result[1].count>1e4,\"count > 10000\");assert.ok(g.limit,\"limit is set\");assert.ok(g.limit.limit>0,\"limit > 0\");assert.ok(g.limit.remaining>0,\"remaining > 0\");assert.ok(g.limit.reset instanceof Date,\"reset is a Date\")",
                  "err": {},
                  "uuid": "9f6ab51f-fd31-40ff-ad78-0bc1b6ee4d91",
                  "parentUUID": "ed418159-02ee-45df-a81e-12be52a4f99b",
                  "isHook": false,
                  "skipped": false
                }
              ],
              "suites": [],
              "passes": [
                "ba3c26a0-fed1-4468-b471-45720928d6d1",
                "9f6ab51f-fd31-40ff-ad78-0bc1b6ee4d91"
              ],
              "failures": [],
              "pending": [],
              "skipped": [],
              "duration": 396,
              "root": false,
              "rootEmpty": false,
              "_timeout": 10000
            }
          ],
          "passes": [],
          "failures": [],
          "pending": [],
          "skipped": [],
          "duration": 0,
          "root": false,
          "rootEmpty": false,
          "_timeout": 2000
        }
      ],
      "passes": [],
      "failures": [],
      "pending": [],
      "skipped": [],
      "duration": 0,
      "root": true,
      "rootEmpty": true,
      "_timeout": 2000
    }
  ],
  "meta": {
    "mocha": {
      "version": "10.8.2"
    },
    "mochawesome": {
      "options": {
        "quiet": false,
        "reportFilename": "mochawesome",
        "saveHtml": true,
        "saveJson": true,
        "consoleReporter": "spec",
        "useInlineDiffs": false,
        "code": true
      },
      "version": "7.1.3"
    },
    "marge": {
      "options": null,
      "version": "6.2.0"
    }
  }
}