{
  "stats": {
    "suites": 5,
    "tests": 11,
    "passes": 11,
    "pending": 0,
    "failures": 0,
    "start": "2023-11-17T16:37:23.355Z",
    "end": "2023-11-17T16:37:24.020Z",
    "duration": 665,
    "testsRegistered": 11,
    "passPercent": 100,
    "pendingPercent": 0,
    "other": 0,
    "hasOther": false,
    "skipped": 0,
    "hasSkipped": false
  },
  "results": [
    {
      "uuid": "35a0dfd4-4bb1-4c2f-a34e-ac64078b395f",
      "title": "",
      "fullFile": "/home/runner/work/genderize/genderize/test/lib/index.ts",
      "file": "/test/lib/index.ts",
      "beforeHooks": [],
      "afterHooks": [],
      "tests": [],
      "suites": [
        {
          "uuid": "070022ec-8118-4f36-983e-af280d59620a",
          "title": "Genderize",
          "fullFile": "/home/runner/work/genderize/genderize/test/lib/index.ts",
          "file": "/test/lib/index.ts",
          "beforeHooks": [],
          "afterHooks": [],
          "tests": [],
          "suites": [
            {
              "uuid": "3bc92542-ce05-4fcb-9c1f-dea5c1dffa04",
              "title": "params()",
              "fullFile": "/home/runner/work/genderize/genderize/test/lib/index.ts",
              "file": "/test/lib/index.ts",
              "beforeHooks": [],
              "afterHooks": [],
              "tests": [
                {
                  "title": "should work with arrays",
                  "fullTitle": "Genderize params() should work with arrays",
                  "timedOut": false,
                  "duration": 0,
                  "state": "passed",
                  "speed": "fast",
                  "pass": true,
                  "fail": false,
                  "pending": false,
                  "context": null,
                  "code": "assert.equal(new Genderize().params(['Max', 'Lisa'], 'DE').toString(), 'name[]=Max&name[]=Lisa&country_id=DE');",
                  "err": {},
                  "uuid": "42c48125-1f30-4d9c-a4ab-7f1c8bd389e3",
                  "parentUUID": "3bc92542-ce05-4fcb-9c1f-dea5c1dffa04",
                  "isHook": false,
                  "skipped": false
                },
                {
                  "title": "should work with single string",
                  "fullTitle": "Genderize params() should work with single string",
                  "timedOut": false,
                  "duration": 0,
                  "state": "passed",
                  "speed": "fast",
                  "pass": true,
                  "fail": false,
                  "pending": false,
                  "context": null,
                  "code": "assert.equal(new Genderize().params('Max').toString(), 'name=Max');",
                  "err": {},
                  "uuid": "e87693d6-3fb5-43ff-bc8e-d40586e21e8d",
                  "parentUUID": "3bc92542-ce05-4fcb-9c1f-dea5c1dffa04",
                  "isHook": false,
                  "skipped": false
                },
                {
                  "title": "should throw an exception if no name was given",
                  "fullTitle": "Genderize params() should throw an exception if no name was given",
                  "timedOut": false,
                  "duration": 0,
                  "state": "passed",
                  "speed": "fast",
                  "pass": true,
                  "fail": false,
                  "pending": false,
                  "context": null,
                  "code": "assert.throws(() => {\n    new Genderize().params([]);\n}, /No name given, but at least one is required/);",
                  "err": {},
                  "uuid": "f12ccfb6-0881-4414-93f1-2f8705e2eaf6",
                  "parentUUID": "3bc92542-ce05-4fcb-9c1f-dea5c1dffa04",
                  "isHook": false,
                  "skipped": false
                },
                {
                  "title": "should throw an exception if > 10 names were given",
                  "fullTitle": "Genderize params() should throw an exception if > 10 names were given",
                  "timedOut": false,
                  "duration": 0,
                  "state": "passed",
                  "speed": "fast",
                  "pass": true,
                  "fail": false,
                  "pending": false,
                  "context": null,
                  "code": "assert.throws(() => {\n    new Genderize().params([\n        'James', 'Robert', 'John', 'Michael', 'David', 'William',\n        'Richard', 'Thomas', 'Christopher', 'Daniel', 'Paul'\n    ]);\n}, /Too many names given: 11 names provided, but 10 is the maximum allowed/);",
                  "err": {},
                  "uuid": "23f69b5b-573a-4443-b5bb-230771fa395a",
                  "parentUUID": "3bc92542-ce05-4fcb-9c1f-dea5c1dffa04",
                  "isHook": false,
                  "skipped": false
                },
                {
                  "title": "should add the apiKey if given",
                  "fullTitle": "Genderize params() should add the apiKey if given",
                  "timedOut": false,
                  "duration": 0,
                  "state": "passed",
                  "speed": "fast",
                  "pass": true,
                  "fail": false,
                  "pending": false,
                  "context": null,
                  "code": "assert.equal(new Genderize('hello-world').params(['Max', 'Lisa'], 'DE').toString(), 'name[]=Max&name[]=Lisa&country_id=DE&apikey=hello-world');",
                  "err": {},
                  "uuid": "338c69f6-2e78-4e27-8788-e6028071dadc",
                  "parentUUID": "3bc92542-ce05-4fcb-9c1f-dea5c1dffa04",
                  "isHook": false,
                  "skipped": false
                }
              ],
              "suites": [],
              "passes": [
                "42c48125-1f30-4d9c-a4ab-7f1c8bd389e3",
                "e87693d6-3fb5-43ff-bc8e-d40586e21e8d",
                "f12ccfb6-0881-4414-93f1-2f8705e2eaf6",
                "23f69b5b-573a-4443-b5bb-230771fa395a",
                "338c69f6-2e78-4e27-8788-e6028071dadc"
              ],
              "failures": [],
              "pending": [],
              "skipped": [],
              "duration": 0,
              "root": false,
              "rootEmpty": false,
              "_timeout": 2000
            },
            {
              "uuid": "60cc14cf-341a-4d2f-a191-673dd9d6afab",
              "title": "limit()",
              "fullFile": "/home/runner/work/genderize/genderize/test/lib/index.ts",
              "file": "/test/lib/index.ts",
              "beforeHooks": [],
              "afterHooks": [],
              "tests": [
                {
                  "title": "should return null if no request was sent before",
                  "fullTitle": "Genderize limit() should return null if no request was sent before",
                  "timedOut": false,
                  "duration": 0,
                  "state": "passed",
                  "speed": "fast",
                  "pass": true,
                  "fail": false,
                  "pending": false,
                  "context": null,
                  "code": "assert.strictEqual(new Genderize().limit, null);",
                  "err": {},
                  "uuid": "2c85b237-df59-47ed-b820-a374c39143e3",
                  "parentUUID": "60cc14cf-341a-4d2f-a191-673dd9d6afab",
                  "isHook": false,
                  "skipped": false
                }
              ],
              "suites": [],
              "passes": [
                "2c85b237-df59-47ed-b820-a374c39143e3"
              ],
              "failures": [],
              "pending": [],
              "skipped": [],
              "duration": 0,
              "root": false,
              "rootEmpty": false,
              "_timeout": 2000
            },
            {
              "uuid": "bdec7cf0-42e9-40bb-bdbc-23788c3be239",
              "title": "getIntHeader()",
              "fullFile": "/home/runner/work/genderize/genderize/test/lib/index.ts",
              "file": "/test/lib/index.ts",
              "beforeHooks": [],
              "afterHooks": [],
              "tests": [
                {
                  "title": "should work with string",
                  "fullTitle": "Genderize getIntHeader() should work with string",
                  "timedOut": false,
                  "duration": 0,
                  "state": "passed",
                  "speed": "fast",
                  "pass": true,
                  "fail": false,
                  "pending": false,
                  "context": null,
                  "code": "assert.strictEqual(Genderize.getIntHeader('123'), 123);",
                  "err": {},
                  "uuid": "7139970c-4ce1-4307-ba85-74e2902b4a6e",
                  "parentUUID": "bdec7cf0-42e9-40bb-bdbc-23788c3be239",
                  "isHook": false,
                  "skipped": false
                },
                {
                  "title": "should work with string[]",
                  "fullTitle": "Genderize getIntHeader() should work with string[]",
                  "timedOut": false,
                  "duration": 0,
                  "state": "passed",
                  "speed": "fast",
                  "pass": true,
                  "fail": false,
                  "pending": false,
                  "context": null,
                  "code": "assert.strictEqual(Genderize.getIntHeader(['123', '456']), 123);",
                  "err": {},
                  "uuid": "6f174da5-f959-44ad-a3ce-bcc93f88dbf5",
                  "parentUUID": "bdec7cf0-42e9-40bb-bdbc-23788c3be239",
                  "isHook": false,
                  "skipped": false
                },
                {
                  "title": "should work with undefined",
                  "fullTitle": "Genderize getIntHeader() should work with undefined",
                  "timedOut": false,
                  "duration": 0,
                  "state": "passed",
                  "speed": "fast",
                  "pass": true,
                  "fail": false,
                  "pending": false,
                  "context": null,
                  "code": "assert.strictEqual(Genderize.getIntHeader(undefined), undefined);",
                  "err": {},
                  "uuid": "5658f2c3-d86e-4b96-a4fb-5d70f7361d80",
                  "parentUUID": "bdec7cf0-42e9-40bb-bdbc-23788c3be239",
                  "isHook": false,
                  "skipped": false
                }
              ],
              "suites": [],
              "passes": [
                "7139970c-4ce1-4307-ba85-74e2902b4a6e",
                "6f174da5-f959-44ad-a3ce-bcc93f88dbf5",
                "5658f2c3-d86e-4b96-a4fb-5d70f7361d80"
              ],
              "failures": [],
              "pending": [],
              "skipped": [],
              "duration": 0,
              "root": false,
              "rootEmpty": false,
              "_timeout": 2000
            },
            {
              "uuid": "228ba0c3-8073-4b5f-b399-1015c609ed76",
              "title": "detect()",
              "fullFile": "/home/runner/work/genderize/genderize/test/lib/index.ts",
              "file": "/test/lib/index.ts",
              "beforeHooks": [],
              "afterHooks": [],
              "tests": [
                {
                  "title": "should work with single names",
                  "fullTitle": "Genderize detect() should work with single names",
                  "timedOut": false,
                  "duration": 589,
                  "state": "passed",
                  "speed": "slow",
                  "pass": true,
                  "fail": false,
                  "pending": false,
                  "context": null,
                  "code": "return __awaiter(this, void 0, void 0, function* () {\n    const g = new Genderize();\n    const result = yield g.predict('Max');\n    assert.equal(result.name, 'Max');\n    assert.equal(result.gender, 'male');\n    assert.equal(result.gender, GenderizeGender.MALE);\n    assert.ok(result.probability > 0.9, 'probability > 0.9');\n    assert.ok(result.count > 10000, 'count > 10000');\n    assert.ok(g.limit, 'limit is set');\n    assert.ok(g.limit.limit > 0, 'limit > 0');\n    assert.ok(g.limit.remaining > 0, 'remaining > 0');\n    assert.ok(g.limit.reset instanceof Date, 'reset is a Date');\n});",
                  "err": {},
                  "uuid": "ec58e33a-4da4-4e6c-99b5-7e6ad6d66191",
                  "parentUUID": "228ba0c3-8073-4b5f-b399-1015c609ed76",
                  "isHook": false,
                  "skipped": false
                },
                {
                  "title": "should work with multiple names",
                  "fullTitle": "Genderize detect() should work with multiple names",
                  "timedOut": false,
                  "duration": 70,
                  "state": "passed",
                  "speed": "medium",
                  "pass": true,
                  "fail": false,
                  "pending": false,
                  "context": null,
                  "code": "return __awaiter(this, void 0, void 0, function* () {\n    const g = new Genderize();\n    const result = yield g.predict(['Moritz', 'Lisa']);\n    assert.equal(result.length, 2);\n    assert.equal(result[0].name, 'Moritz');\n    assert.equal(result[0].gender, 'male');\n    assert.equal(result[0].gender, GenderizeGender.MALE);\n    assert.ok(result[0].probability > 0.9, 'probability > 0.9');\n    assert.ok(result[0].count > 10000, 'count > 10000');\n    assert.equal(result[1].name, 'Lisa');\n    assert.equal(result[1].gender, 'female');\n    assert.equal(result[1].gender, GenderizeGender.FEMALE);\n    assert.ok(result[1].probability > 0.9, 'probability > 0.9');\n    assert.ok(result[1].count > 10000, 'count > 10000');\n    assert.ok(g.limit, 'limit is set');\n    assert.ok(g.limit.limit > 0, 'limit > 0');\n    assert.ok(g.limit.remaining > 0, 'remaining > 0');\n    assert.ok(g.limit.reset instanceof Date, 'reset is a Date');\n});",
                  "err": {},
                  "uuid": "267e0f01-0205-4d0c-abbb-39dde62adc33",
                  "parentUUID": "228ba0c3-8073-4b5f-b399-1015c609ed76",
                  "isHook": false,
                  "skipped": false
                }
              ],
              "suites": [],
              "passes": [
                "ec58e33a-4da4-4e6c-99b5-7e6ad6d66191",
                "267e0f01-0205-4d0c-abbb-39dde62adc33"
              ],
              "failures": [],
              "pending": [],
              "skipped": [],
              "duration": 659,
              "root": false,
              "rootEmpty": false,
              "_timeout": 10000
            }
          ],
          "passes": [],
          "failures": [],
          "pending": [],
          "skipped": [],
          "duration": 0,
          "root": false,
          "rootEmpty": false,
          "_timeout": 2000
        }
      ],
      "passes": [],
      "failures": [],
      "pending": [],
      "skipped": [],
      "duration": 0,
      "root": true,
      "rootEmpty": true,
      "_timeout": 2000
    }
  ],
  "meta": {
    "mocha": {
      "version": "10.2.0"
    },
    "mochawesome": {
      "options": {
        "quiet": false,
        "reportFilename": "mochawesome",
        "saveHtml": true,
        "saveJson": true,
        "consoleReporter": "spec",
        "useInlineDiffs": false,
        "code": true
      },
      "version": "7.1.3"
    },
    "marge": {
      "options": null,
      "version": "6.2.0"
    }
  }
}