{
  "stats": {
    "suites": 5,
    "tests": 11,
    "passes": 11,
    "pending": 0,
    "failures": 0,
    "start": "2025-06-25T06:47:34.353Z",
    "end": "2025-06-25T06:47:34.775Z",
    "duration": 422,
    "testsRegistered": 11,
    "passPercent": 100,
    "pendingPercent": 0,
    "other": 0,
    "hasOther": false,
    "skipped": 0,
    "hasSkipped": false
  },
  "results": [
    {
      "uuid": "ddbf75e8-4dda-411e-a915-22aefaffa7fd",
      "title": "",
      "fullFile": "/home/runner/work/genderize/genderize/test/lib/index.ts",
      "file": "/test/lib/index.ts",
      "beforeHooks": [],
      "afterHooks": [],
      "tests": [],
      "suites": [
        {
          "uuid": "0ccdeeb9-c74f-447b-8122-82adc9a07a5d",
          "title": "Genderize",
          "fullFile": "/home/runner/work/genderize/genderize/test/lib/index.ts",
          "file": "/test/lib/index.ts",
          "beforeHooks": [],
          "afterHooks": [],
          "tests": [],
          "suites": [
            {
              "uuid": "92c3ae56-c72c-43dc-8b71-4f8f64a6f373",
              "title": "params()",
              "fullFile": "/home/runner/work/genderize/genderize/test/lib/index.ts",
              "file": "/test/lib/index.ts",
              "beforeHooks": [],
              "afterHooks": [],
              "tests": [
                {
                  "title": "should work with arrays",
                  "fullTitle": "Genderize params() should work with arrays",
                  "timedOut": false,
                  "duration": 0,
                  "state": "passed",
                  "speed": "fast",
                  "pass": true,
                  "fail": false,
                  "pending": false,
                  "context": null,
                  "code": "assert.equal(new Genderize().params([\"Max\",\"Lisa\"],\"DE\").toString(),\"name[]=Max&name[]=Lisa&country_id=DE\")",
                  "err": {},
                  "uuid": "893b16ec-37a8-48bc-85d2-e016a3d276e4",
                  "parentUUID": "92c3ae56-c72c-43dc-8b71-4f8f64a6f373",
                  "isHook": false,
                  "skipped": false
                },
                {
                  "title": "should work with single string",
                  "fullTitle": "Genderize params() should work with single string",
                  "timedOut": false,
                  "duration": 0,
                  "state": "passed",
                  "speed": "fast",
                  "pass": true,
                  "fail": false,
                  "pending": false,
                  "context": null,
                  "code": "assert.equal(new Genderize().params(\"Max\").toString(),\"name=Max\")",
                  "err": {},
                  "uuid": "9f30db0c-f66c-4521-8ee0-2a6995f768cf",
                  "parentUUID": "92c3ae56-c72c-43dc-8b71-4f8f64a6f373",
                  "isHook": false,
                  "skipped": false
                },
                {
                  "title": "should throw an exception if no name was given",
                  "fullTitle": "Genderize params() should throw an exception if no name was given",
                  "timedOut": false,
                  "duration": 0,
                  "state": "passed",
                  "speed": "fast",
                  "pass": true,
                  "fail": false,
                  "pending": false,
                  "context": null,
                  "code": "assert.throws(()=>{new Genderize().params([])},/No name given, but at least one is required/)",
                  "err": {},
                  "uuid": "e24813b3-0dad-466e-88c1-731091ebd09f",
                  "parentUUID": "92c3ae56-c72c-43dc-8b71-4f8f64a6f373",
                  "isHook": false,
                  "skipped": false
                },
                {
                  "title": "should throw an exception if > 10 names were given",
                  "fullTitle": "Genderize params() should throw an exception if > 10 names were given",
                  "timedOut": false,
                  "duration": 1,
                  "state": "passed",
                  "speed": "fast",
                  "pass": true,
                  "fail": false,
                  "pending": false,
                  "context": null,
                  "code": "assert.throws(()=>{new Genderize().params([\"James\",\"Robert\",\"John\",\"Michael\",\"David\",\"William\",\"Richard\",\"Thomas\",\"Christopher\",\"Daniel\",\"Paul\"])},/Too many names given: 11 names provided, but 10 is the maximum allowed/)",
                  "err": {},
                  "uuid": "8269e514-9342-4d63-927b-0c6c37a59205",
                  "parentUUID": "92c3ae56-c72c-43dc-8b71-4f8f64a6f373",
                  "isHook": false,
                  "skipped": false
                },
                {
                  "title": "should add the apiKey if given",
                  "fullTitle": "Genderize params() should add the apiKey if given",
                  "timedOut": false,
                  "duration": 0,
                  "state": "passed",
                  "speed": "fast",
                  "pass": true,
                  "fail": false,
                  "pending": false,
                  "context": null,
                  "code": "assert.equal(new Genderize(\"hello-world\").params([\"Max\",\"Lisa\"],\"DE\").toString(),\"name[]=Max&name[]=Lisa&country_id=DE&apikey=hello-world\")",
                  "err": {},
                  "uuid": "9efde5cd-a939-4422-903d-944c25c781c3",
                  "parentUUID": "92c3ae56-c72c-43dc-8b71-4f8f64a6f373",
                  "isHook": false,
                  "skipped": false
                }
              ],
              "suites": [],
              "passes": [
                "893b16ec-37a8-48bc-85d2-e016a3d276e4",
                "9f30db0c-f66c-4521-8ee0-2a6995f768cf",
                "e24813b3-0dad-466e-88c1-731091ebd09f",
                "8269e514-9342-4d63-927b-0c6c37a59205",
                "9efde5cd-a939-4422-903d-944c25c781c3"
              ],
              "failures": [],
              "pending": [],
              "skipped": [],
              "duration": 1,
              "root": false,
              "rootEmpty": false,
              "_timeout": 2000
            },
            {
              "uuid": "90a129fb-a7ef-4397-88d7-4a0ec0558f8b",
              "title": "limit()",
              "fullFile": "/home/runner/work/genderize/genderize/test/lib/index.ts",
              "file": "/test/lib/index.ts",
              "beforeHooks": [],
              "afterHooks": [],
              "tests": [
                {
                  "title": "should return null if no request was sent before",
                  "fullTitle": "Genderize limit() should return null if no request was sent before",
                  "timedOut": false,
                  "duration": 0,
                  "state": "passed",
                  "speed": "fast",
                  "pass": true,
                  "fail": false,
                  "pending": false,
                  "context": null,
                  "code": "assert.strictEqual(new Genderize().limit,null)",
                  "err": {},
                  "uuid": "273bd046-2b57-47aa-a5fc-2e4de0826a9e",
                  "parentUUID": "90a129fb-a7ef-4397-88d7-4a0ec0558f8b",
                  "isHook": false,
                  "skipped": false
                }
              ],
              "suites": [],
              "passes": [
                "273bd046-2b57-47aa-a5fc-2e4de0826a9e"
              ],
              "failures": [],
              "pending": [],
              "skipped": [],
              "duration": 0,
              "root": false,
              "rootEmpty": false,
              "_timeout": 2000
            },
            {
              "uuid": "94b1dc95-d5bb-4459-b707-645939f8d271",
              "title": "getIntHeader()",
              "fullFile": "/home/runner/work/genderize/genderize/test/lib/index.ts",
              "file": "/test/lib/index.ts",
              "beforeHooks": [],
              "afterHooks": [],
              "tests": [
                {
                  "title": "should work with string",
                  "fullTitle": "Genderize getIntHeader() should work with string",
                  "timedOut": false,
                  "duration": 0,
                  "state": "passed",
                  "speed": "fast",
                  "pass": true,
                  "fail": false,
                  "pending": false,
                  "context": null,
                  "code": "assert.strictEqual(Genderize.getIntHeader(\"123\"),123)",
                  "err": {},
                  "uuid": "057c67c7-1080-46fd-8fe2-89c9e0370618",
                  "parentUUID": "94b1dc95-d5bb-4459-b707-645939f8d271",
                  "isHook": false,
                  "skipped": false
                },
                {
                  "title": "should work with string[]",
                  "fullTitle": "Genderize getIntHeader() should work with string[]",
                  "timedOut": false,
                  "duration": 0,
                  "state": "passed",
                  "speed": "fast",
                  "pass": true,
                  "fail": false,
                  "pending": false,
                  "context": null,
                  "code": "assert.strictEqual(Genderize.getIntHeader([\"123\",\"456\"]),123)",
                  "err": {},
                  "uuid": "5d4a3fe7-68eb-457b-a942-9a7849faf871",
                  "parentUUID": "94b1dc95-d5bb-4459-b707-645939f8d271",
                  "isHook": false,
                  "skipped": false
                },
                {
                  "title": "should work with undefined",
                  "fullTitle": "Genderize getIntHeader() should work with undefined",
                  "timedOut": false,
                  "duration": 0,
                  "state": "passed",
                  "speed": "fast",
                  "pass": true,
                  "fail": false,
                  "pending": false,
                  "context": null,
                  "code": "assert.strictEqual(Genderize.getIntHeader(void 0),void 0)",
                  "err": {},
                  "uuid": "79994587-dfb4-4b92-8d4f-2805316f2bc0",
                  "parentUUID": "94b1dc95-d5bb-4459-b707-645939f8d271",
                  "isHook": false,
                  "skipped": false
                }
              ],
              "suites": [],
              "passes": [
                "057c67c7-1080-46fd-8fe2-89c9e0370618",
                "5d4a3fe7-68eb-457b-a942-9a7849faf871",
                "79994587-dfb4-4b92-8d4f-2805316f2bc0"
              ],
              "failures": [],
              "pending": [],
              "skipped": [],
              "duration": 0,
              "root": false,
              "rootEmpty": false,
              "_timeout": 2000
            },
            {
              "uuid": "abab6abf-531a-49ba-8c67-a9cba767f385",
              "title": "detect()",
              "fullFile": "/home/runner/work/genderize/genderize/test/lib/index.ts",
              "file": "/test/lib/index.ts",
              "beforeHooks": [],
              "afterHooks": [],
              "tests": [
                {
                  "title": "should work with single names",
                  "fullTitle": "Genderize detect() should work with single names",
                  "timedOut": false,
                  "duration": 384,
                  "state": "passed",
                  "speed": "slow",
                  "pass": true,
                  "fail": false,
                  "pending": false,
                  "context": null,
                  "code": "const g=new Genderize;const result=await g.predict(\"Max\");assert.equal(result.name,\"Max\");assert.equal(result.gender,\"male\");assert.equal(result.gender,GenderizeGender.MALE);assert.ok(result.probability>.9,\"probability > 0.9\");assert.ok(result.count>1e4,\"count > 10000\");assert.ok(g.limit,\"limit is set\");assert.ok(g.limit.limit>0,\"limit > 0\");assert.ok(g.limit.remaining>0,\"remaining > 0\");assert.ok(g.limit.reset instanceof Date,\"reset is a Date\")",
                  "err": {},
                  "uuid": "da8f30f9-293f-47ea-b620-946e37449f53",
                  "parentUUID": "abab6abf-531a-49ba-8c67-a9cba767f385",
                  "isHook": false,
                  "skipped": false
                },
                {
                  "title": "should work with multiple names",
                  "fullTitle": "Genderize detect() should work with multiple names",
                  "timedOut": false,
                  "duration": 30,
                  "state": "passed",
                  "speed": "fast",
                  "pass": true,
                  "fail": false,
                  "pending": false,
                  "context": null,
                  "code": "const g=new Genderize;const result=await g.predict([\"Moritz\",\"Lisa\"]);assert.equal(result.length,2);assert.equal(result[0].name,\"Moritz\");assert.equal(result[0].gender,\"male\");assert.equal(result[0].gender,GenderizeGender.MALE);assert.ok(result[0].probability>.9,\"probability > 0.9\");assert.ok(result[0].count>1e4,\"count > 10000\");assert.equal(result[1].name,\"Lisa\");assert.equal(result[1].gender,\"female\");assert.equal(result[1].gender,GenderizeGender.FEMALE);assert.ok(result[1].probability>.9,\"probability > 0.9\");assert.ok(result[1].count>1e4,\"count > 10000\");assert.ok(g.limit,\"limit is set\");assert.ok(g.limit.limit>0,\"limit > 0\");assert.ok(g.limit.remaining>0,\"remaining > 0\");assert.ok(g.limit.reset instanceof Date,\"reset is a Date\")",
                  "err": {},
                  "uuid": "ffcaf4c5-b2a7-4702-a019-068c144bdbd7",
                  "parentUUID": "abab6abf-531a-49ba-8c67-a9cba767f385",
                  "isHook": false,
                  "skipped": false
                }
              ],
              "suites": [],
              "passes": [
                "da8f30f9-293f-47ea-b620-946e37449f53",
                "ffcaf4c5-b2a7-4702-a019-068c144bdbd7"
              ],
              "failures": [],
              "pending": [],
              "skipped": [],
              "duration": 414,
              "root": false,
              "rootEmpty": false,
              "_timeout": 10000
            }
          ],
          "passes": [],
          "failures": [],
          "pending": [],
          "skipped": [],
          "duration": 0,
          "root": false,
          "rootEmpty": false,
          "_timeout": 2000
        }
      ],
      "passes": [],
      "failures": [],
      "pending": [],
      "skipped": [],
      "duration": 0,
      "root": true,
      "rootEmpty": true,
      "_timeout": 2000
    }
  ],
  "meta": {
    "mocha": {
      "version": "11.5.0"
    },
    "mochawesome": {
      "options": {
        "quiet": false,
        "reportFilename": "mochawesome",
        "saveHtml": true,
        "saveJson": true,
        "consoleReporter": "spec",
        "useInlineDiffs": false,
        "code": true
      },
      "version": "7.1.3"
    },
    "marge": {
      "options": null,
      "version": "6.2.0"
    }
  }
}