{
  "stats": {
    "suites": 5,
    "tests": 11,
    "passes": 11,
    "pending": 0,
    "failures": 0,
    "start": "2025-11-11T18:33:52.243Z",
    "end": "2025-11-11T18:33:52.687Z",
    "duration": 444,
    "testsRegistered": 11,
    "passPercent": 100,
    "pendingPercent": 0,
    "other": 0,
    "hasOther": false,
    "skipped": 0,
    "hasSkipped": false
  },
  "results": [
    {
      "uuid": "73672d2b-3e06-4d72-a7bd-1c21b2820900",
      "title": "",
      "fullFile": "/home/runner/work/genderize/genderize/test/lib/index.ts",
      "file": "/test/lib/index.ts",
      "beforeHooks": [],
      "afterHooks": [],
      "tests": [],
      "suites": [
        {
          "uuid": "281b35cc-7458-4c10-958f-8d6758ffe381",
          "title": "Genderize",
          "fullFile": "/home/runner/work/genderize/genderize/test/lib/index.ts",
          "file": "/test/lib/index.ts",
          "beforeHooks": [],
          "afterHooks": [],
          "tests": [],
          "suites": [
            {
              "uuid": "e18b1883-7218-4edc-acad-f0a34d769f8c",
              "title": "params()",
              "fullFile": "/home/runner/work/genderize/genderize/test/lib/index.ts",
              "file": "/test/lib/index.ts",
              "beforeHooks": [],
              "afterHooks": [],
              "tests": [
                {
                  "title": "should work with arrays",
                  "fullTitle": "Genderize params() should work with arrays",
                  "timedOut": false,
                  "duration": 0,
                  "state": "passed",
                  "speed": "fast",
                  "pass": true,
                  "fail": false,
                  "pending": false,
                  "context": null,
                  "code": "import_assert.default.equal(new import_lib.default().params([\"Max\",\"Lisa\"],\"DE\").toString(),\"name[]=Max&name[]=Lisa&country_id=DE\")",
                  "err": {},
                  "uuid": "3b6bc685-d63f-4aa8-8f1b-4a44e75c0301",
                  "parentUUID": "e18b1883-7218-4edc-acad-f0a34d769f8c",
                  "isHook": false,
                  "skipped": false
                },
                {
                  "title": "should work with single string",
                  "fullTitle": "Genderize params() should work with single string",
                  "timedOut": false,
                  "duration": 0,
                  "state": "passed",
                  "speed": "fast",
                  "pass": true,
                  "fail": false,
                  "pending": false,
                  "context": null,
                  "code": "import_assert.default.equal(new import_lib.default().params(\"Max\").toString(),\"name=Max\")",
                  "err": {},
                  "uuid": "378359d2-4bdd-4bad-b99f-ef8618b28ea6",
                  "parentUUID": "e18b1883-7218-4edc-acad-f0a34d769f8c",
                  "isHook": false,
                  "skipped": false
                },
                {
                  "title": "should throw an exception if no name was given",
                  "fullTitle": "Genderize params() should throw an exception if no name was given",
                  "timedOut": false,
                  "duration": 0,
                  "state": "passed",
                  "speed": "fast",
                  "pass": true,
                  "fail": false,
                  "pending": false,
                  "context": null,
                  "code": "import_assert.default.throws(()=>{new import_lib.default().params([])},/No name given, but at least one is required/)",
                  "err": {},
                  "uuid": "37300798-c48c-4089-a550-dde807b8b452",
                  "parentUUID": "e18b1883-7218-4edc-acad-f0a34d769f8c",
                  "isHook": false,
                  "skipped": false
                },
                {
                  "title": "should throw an exception if > 10 names were given",
                  "fullTitle": "Genderize params() should throw an exception if > 10 names were given",
                  "timedOut": false,
                  "duration": 0,
                  "state": "passed",
                  "speed": "fast",
                  "pass": true,
                  "fail": false,
                  "pending": false,
                  "context": null,
                  "code": "import_assert.default.throws(()=>{new import_lib.default().params([\"James\",\"Robert\",\"John\",\"Michael\",\"David\",\"William\",\"Richard\",\"Thomas\",\"Christopher\",\"Daniel\",\"Paul\"])},/Too many names given: 11 names provided, but 10 is the maximum allowed/)",
                  "err": {},
                  "uuid": "99b70e39-0556-4195-9fae-f31a1d9417bc",
                  "parentUUID": "e18b1883-7218-4edc-acad-f0a34d769f8c",
                  "isHook": false,
                  "skipped": false
                },
                {
                  "title": "should add the apiKey if given",
                  "fullTitle": "Genderize params() should add the apiKey if given",
                  "timedOut": false,
                  "duration": 0,
                  "state": "passed",
                  "speed": "fast",
                  "pass": true,
                  "fail": false,
                  "pending": false,
                  "context": null,
                  "code": "import_assert.default.equal(new import_lib.default(\"hello-world\").params([\"Max\",\"Lisa\"],\"DE\").toString(),\"name[]=Max&name[]=Lisa&country_id=DE&apikey=hello-world\")",
                  "err": {},
                  "uuid": "cc555ea7-14b7-4d73-95ab-750236ddbf60",
                  "parentUUID": "e18b1883-7218-4edc-acad-f0a34d769f8c",
                  "isHook": false,
                  "skipped": false
                }
              ],
              "suites": [],
              "passes": [
                "3b6bc685-d63f-4aa8-8f1b-4a44e75c0301",
                "378359d2-4bdd-4bad-b99f-ef8618b28ea6",
                "37300798-c48c-4089-a550-dde807b8b452",
                "99b70e39-0556-4195-9fae-f31a1d9417bc",
                "cc555ea7-14b7-4d73-95ab-750236ddbf60"
              ],
              "failures": [],
              "pending": [],
              "skipped": [],
              "duration": 0,
              "root": false,
              "rootEmpty": false,
              "_timeout": 2000
            },
            {
              "uuid": "143c55f7-49ab-4c61-8bab-ef491522132c",
              "title": "limit()",
              "fullFile": "/home/runner/work/genderize/genderize/test/lib/index.ts",
              "file": "/test/lib/index.ts",
              "beforeHooks": [],
              "afterHooks": [],
              "tests": [
                {
                  "title": "should return null if no request was sent before",
                  "fullTitle": "Genderize limit() should return null if no request was sent before",
                  "timedOut": false,
                  "duration": 0,
                  "state": "passed",
                  "speed": "fast",
                  "pass": true,
                  "fail": false,
                  "pending": false,
                  "context": null,
                  "code": "import_assert.default.strictEqual(new import_lib.default().limit,null)",
                  "err": {},
                  "uuid": "8978a1ee-0869-449c-92e7-b40636827eda",
                  "parentUUID": "143c55f7-49ab-4c61-8bab-ef491522132c",
                  "isHook": false,
                  "skipped": false
                }
              ],
              "suites": [],
              "passes": [
                "8978a1ee-0869-449c-92e7-b40636827eda"
              ],
              "failures": [],
              "pending": [],
              "skipped": [],
              "duration": 0,
              "root": false,
              "rootEmpty": false,
              "_timeout": 2000
            },
            {
              "uuid": "afee84d7-a2db-456d-be8a-cad605e4644f",
              "title": "getIntHeader()",
              "fullFile": "/home/runner/work/genderize/genderize/test/lib/index.ts",
              "file": "/test/lib/index.ts",
              "beforeHooks": [],
              "afterHooks": [],
              "tests": [
                {
                  "title": "should work with string",
                  "fullTitle": "Genderize getIntHeader() should work with string",
                  "timedOut": false,
                  "duration": 0,
                  "state": "passed",
                  "speed": "fast",
                  "pass": true,
                  "fail": false,
                  "pending": false,
                  "context": null,
                  "code": "import_assert.default.strictEqual(import_lib.default.getIntHeader(\"123\"),123)",
                  "err": {},
                  "uuid": "f26dc750-b782-4329-97aa-f492e2020321",
                  "parentUUID": "afee84d7-a2db-456d-be8a-cad605e4644f",
                  "isHook": false,
                  "skipped": false
                },
                {
                  "title": "should work with string[]",
                  "fullTitle": "Genderize getIntHeader() should work with string[]",
                  "timedOut": false,
                  "duration": 0,
                  "state": "passed",
                  "speed": "fast",
                  "pass": true,
                  "fail": false,
                  "pending": false,
                  "context": null,
                  "code": "import_assert.default.strictEqual(import_lib.default.getIntHeader([\"123\",\"456\"]),123)",
                  "err": {},
                  "uuid": "7b2f8b85-f5da-4762-9252-651219570cb5",
                  "parentUUID": "afee84d7-a2db-456d-be8a-cad605e4644f",
                  "isHook": false,
                  "skipped": false
                },
                {
                  "title": "should work with undefined",
                  "fullTitle": "Genderize getIntHeader() should work with undefined",
                  "timedOut": false,
                  "duration": 0,
                  "state": "passed",
                  "speed": "fast",
                  "pass": true,
                  "fail": false,
                  "pending": false,
                  "context": null,
                  "code": "import_assert.default.strictEqual(import_lib.default.getIntHeader(void 0),void 0)",
                  "err": {},
                  "uuid": "9e615aff-6ca4-41a7-8c79-ef5a9021b6e5",
                  "parentUUID": "afee84d7-a2db-456d-be8a-cad605e4644f",
                  "isHook": false,
                  "skipped": false
                }
              ],
              "suites": [],
              "passes": [
                "f26dc750-b782-4329-97aa-f492e2020321",
                "7b2f8b85-f5da-4762-9252-651219570cb5",
                "9e615aff-6ca4-41a7-8c79-ef5a9021b6e5"
              ],
              "failures": [],
              "pending": [],
              "skipped": [],
              "duration": 0,
              "root": false,
              "rootEmpty": false,
              "_timeout": 2000
            },
            {
              "uuid": "e0f92b07-b858-4c6c-8d4f-c45dbde3feda",
              "title": "detect()",
              "fullFile": "/home/runner/work/genderize/genderize/test/lib/index.ts",
              "file": "/test/lib/index.ts",
              "beforeHooks": [],
              "afterHooks": [],
              "tests": [
                {
                  "title": "should work with single names",
                  "fullTitle": "Genderize detect() should work with single names",
                  "timedOut": false,
                  "duration": 387,
                  "state": "passed",
                  "speed": "slow",
                  "pass": true,
                  "fail": false,
                  "pending": false,
                  "context": null,
                  "code": "const g=new import_lib.default;const result=await g.predict(\"Max\");import_assert.default.equal(result.name,\"Max\");import_assert.default.equal(result.gender,\"male\");import_assert.default.equal(result.gender,import_lib.GenderizeGender.MALE);import_assert.default.ok(result.probability>.9,\"probability > 0.9\");import_assert.default.ok(result.count>1e4,\"count > 10000\");import_assert.default.ok(g.limit,\"limit is set\");import_assert.default.ok(g.limit.limit>0,\"limit > 0\");import_assert.default.ok(g.limit.remaining>0,\"remaining > 0\");import_assert.default.ok(g.limit.reset instanceof Date,\"reset is a Date\")",
                  "err": {},
                  "uuid": "d1125f9f-9e53-4979-ad88-0023abf370f8",
                  "parentUUID": "e0f92b07-b858-4c6c-8d4f-c45dbde3feda",
                  "isHook": false,
                  "skipped": false
                },
                {
                  "title": "should work with multiple names",
                  "fullTitle": "Genderize detect() should work with multiple names",
                  "timedOut": false,
                  "duration": 45,
                  "state": "passed",
                  "speed": "medium",
                  "pass": true,
                  "fail": false,
                  "pending": false,
                  "context": null,
                  "code": "const g=new import_lib.default;const result=await g.predict([\"Moritz\",\"Lisa\"]);import_assert.default.equal(result.length,2);import_assert.default.equal(result[0].name,\"Moritz\");import_assert.default.equal(result[0].gender,\"male\");import_assert.default.equal(result[0].gender,import_lib.GenderizeGender.MALE);import_assert.default.ok(result[0].probability>.9,\"probability > 0.9\");import_assert.default.ok(result[0].count>1e4,\"count > 10000\");import_assert.default.equal(result[1].name,\"Lisa\");import_assert.default.equal(result[1].gender,\"female\");import_assert.default.equal(result[1].gender,import_lib.GenderizeGender.FEMALE);import_assert.default.ok(result[1].probability>.9,\"probability > 0.9\");import_assert.default.ok(result[1].count>1e4,\"count > 10000\");import_assert.default.ok(g.limit,\"limit is set\");import_assert.default.ok(g.limit.limit>0,\"limit > 0\");import_assert.default.ok(g.limit.remaining>0,\"remaining > 0\");import_assert.default.ok(g.limit.reset instanceof Date,\"reset is a Date\")",
                  "err": {},
                  "uuid": "45a31b72-defd-453b-ba65-7157184323b6",
                  "parentUUID": "e0f92b07-b858-4c6c-8d4f-c45dbde3feda",
                  "isHook": false,
                  "skipped": false
                }
              ],
              "suites": [],
              "passes": [
                "d1125f9f-9e53-4979-ad88-0023abf370f8",
                "45a31b72-defd-453b-ba65-7157184323b6"
              ],
              "failures": [],
              "pending": [],
              "skipped": [],
              "duration": 432,
              "root": false,
              "rootEmpty": false,
              "_timeout": 10000
            }
          ],
          "passes": [],
          "failures": [],
          "pending": [],
          "skipped": [],
          "duration": 0,
          "root": false,
          "rootEmpty": false,
          "_timeout": 2000
        }
      ],
      "passes": [],
      "failures": [],
      "pending": [],
      "skipped": [],
      "duration": 0,
      "root": true,
      "rootEmpty": true,
      "_timeout": 2000
    }
  ],
  "meta": {
    "mocha": {
      "version": "11.7.4"
    },
    "mochawesome": {
      "options": {
        "quiet": false,
        "reportFilename": "mochawesome",
        "saveHtml": true,
        "saveJson": true,
        "consoleReporter": "spec",
        "useInlineDiffs": false,
        "code": true
      },
      "version": "7.1.4"
    },
    "marge": {
      "options": null,
      "version": "6.3.0"
    }
  }
}