{
  "stats": {
    "suites": 5,
    "tests": 11,
    "passes": 11,
    "pending": 0,
    "failures": 0,
    "start": "2022-06-09T16:26:05.828Z",
    "end": "2022-06-09T16:26:07.386Z",
    "duration": 1558,
    "testsRegistered": 11,
    "passPercent": 100,
    "pendingPercent": 0,
    "other": 0,
    "hasOther": false,
    "skipped": 0,
    "hasSkipped": false
  },
  "results": [
    {
      "uuid": "ea0fc37a-f300-471b-84c4-8d70bdf3923c",
      "title": "",
      "fullFile": "",
      "file": "",
      "beforeHooks": [],
      "afterHooks": [],
      "tests": [],
      "suites": [
        {
          "uuid": "a6f7b4a6-e916-49c5-a67d-5bd0d8d82960",
          "title": "Genderize",
          "fullFile": "/home/runner/work/genderize/genderize/test/lib/index.ts",
          "file": "/test/lib/index.ts",
          "beforeHooks": [],
          "afterHooks": [],
          "tests": [],
          "suites": [
            {
              "uuid": "e86b9931-ab2f-43a7-8f92-e6315eb550fc",
              "title": "params()",
              "fullFile": "/home/runner/work/genderize/genderize/test/lib/index.ts",
              "file": "/test/lib/index.ts",
              "beforeHooks": [],
              "afterHooks": [],
              "tests": [
                {
                  "title": "should work with arrays",
                  "fullTitle": "Genderize params() should work with arrays",
                  "timedOut": false,
                  "duration": 1,
                  "state": "passed",
                  "speed": "fast",
                  "pass": true,
                  "fail": false,
                  "pending": false,
                  "context": null,
                  "code": "assert_1.default.equal(new lib_1.default().params(['Max', 'Lisa'], 'DE').toString(), 'name=Max&name=Lisa&country_id=DE');",
                  "err": {},
                  "uuid": "1897c5ad-ce28-4417-8551-246a162a0a56",
                  "parentUUID": "e86b9931-ab2f-43a7-8f92-e6315eb550fc",
                  "isHook": false,
                  "skipped": false
                },
                {
                  "title": "should work with single string",
                  "fullTitle": "Genderize params() should work with single string",
                  "timedOut": false,
                  "duration": 0,
                  "state": "passed",
                  "speed": "fast",
                  "pass": true,
                  "fail": false,
                  "pending": false,
                  "context": null,
                  "code": "assert_1.default.equal(new lib_1.default().params('Max').toString(), 'name=Max');",
                  "err": {},
                  "uuid": "06561305-c923-4a6d-92b0-6a46a3a296b9",
                  "parentUUID": "e86b9931-ab2f-43a7-8f92-e6315eb550fc",
                  "isHook": false,
                  "skipped": false
                },
                {
                  "title": "should throw an exception if no name was given",
                  "fullTitle": "Genderize params() should throw an exception if no name was given",
                  "timedOut": false,
                  "duration": 0,
                  "state": "passed",
                  "speed": "fast",
                  "pass": true,
                  "fail": false,
                  "pending": false,
                  "context": null,
                  "code": "assert_1.default.throws(() => {\n    new lib_1.default().params([]);\n}, /No name given, but at least one is required/);",
                  "err": {},
                  "uuid": "b9580eb5-5924-4e76-ba34-1d4d0c516188",
                  "parentUUID": "e86b9931-ab2f-43a7-8f92-e6315eb550fc",
                  "isHook": false,
                  "skipped": false
                },
                {
                  "title": "should throw an exception if > 10 names were given",
                  "fullTitle": "Genderize params() should throw an exception if > 10 names were given",
                  "timedOut": false,
                  "duration": 0,
                  "state": "passed",
                  "speed": "fast",
                  "pass": true,
                  "fail": false,
                  "pending": false,
                  "context": null,
                  "code": "assert_1.default.throws(() => {\n    new lib_1.default().params([\n        'James', 'Robert', 'John', 'Michael', 'David', 'William',\n        'Richard', 'Thomas', 'Christopher', 'Daniel', 'Paul'\n    ]);\n}, /Too many names given: 11 names provided, but 10 is the maximum allowed/);",
                  "err": {},
                  "uuid": "23846177-6109-401b-a54a-2d9fb75d72c2",
                  "parentUUID": "e86b9931-ab2f-43a7-8f92-e6315eb550fc",
                  "isHook": false,
                  "skipped": false
                },
                {
                  "title": "should add the apiKey if given",
                  "fullTitle": "Genderize params() should add the apiKey if given",
                  "timedOut": false,
                  "duration": 1,
                  "state": "passed",
                  "speed": "fast",
                  "pass": true,
                  "fail": false,
                  "pending": false,
                  "context": null,
                  "code": "assert_1.default.equal(new lib_1.default('hello-world').params(['Max', 'Lisa'], 'DE').toString(), 'name=Max&name=Lisa&country_id=DE&apikey=hello-world');",
                  "err": {},
                  "uuid": "d877938c-8fa7-4103-9cc9-e0cdce996a2f",
                  "parentUUID": "e86b9931-ab2f-43a7-8f92-e6315eb550fc",
                  "isHook": false,
                  "skipped": false
                }
              ],
              "suites": [],
              "passes": [
                "1897c5ad-ce28-4417-8551-246a162a0a56",
                "06561305-c923-4a6d-92b0-6a46a3a296b9",
                "b9580eb5-5924-4e76-ba34-1d4d0c516188",
                "23846177-6109-401b-a54a-2d9fb75d72c2",
                "d877938c-8fa7-4103-9cc9-e0cdce996a2f"
              ],
              "failures": [],
              "pending": [],
              "skipped": [],
              "duration": 2,
              "root": false,
              "rootEmpty": false,
              "_timeout": 2000
            },
            {
              "uuid": "573faa1d-1a13-4fcc-bab3-065d9eaf6623",
              "title": "limit()",
              "fullFile": "/home/runner/work/genderize/genderize/test/lib/index.ts",
              "file": "/test/lib/index.ts",
              "beforeHooks": [],
              "afterHooks": [],
              "tests": [
                {
                  "title": "should return null if no request was sent before",
                  "fullTitle": "Genderize limit() should return null if no request was sent before",
                  "timedOut": false,
                  "duration": 0,
                  "state": "passed",
                  "speed": "fast",
                  "pass": true,
                  "fail": false,
                  "pending": false,
                  "context": null,
                  "code": "assert_1.default.strictEqual(new lib_1.default().limit, null);",
                  "err": {},
                  "uuid": "bbd04aef-6fb4-4820-b3bb-6b49d761457e",
                  "parentUUID": "573faa1d-1a13-4fcc-bab3-065d9eaf6623",
                  "isHook": false,
                  "skipped": false
                }
              ],
              "suites": [],
              "passes": [
                "bbd04aef-6fb4-4820-b3bb-6b49d761457e"
              ],
              "failures": [],
              "pending": [],
              "skipped": [],
              "duration": 0,
              "root": false,
              "rootEmpty": false,
              "_timeout": 2000
            },
            {
              "uuid": "477d297e-c2b5-452c-911a-52be1278b22a",
              "title": "getIntHeader()",
              "fullFile": "/home/runner/work/genderize/genderize/test/lib/index.ts",
              "file": "/test/lib/index.ts",
              "beforeHooks": [],
              "afterHooks": [],
              "tests": [
                {
                  "title": "should work with string",
                  "fullTitle": "Genderize getIntHeader() should work with string",
                  "timedOut": false,
                  "duration": 0,
                  "state": "passed",
                  "speed": "fast",
                  "pass": true,
                  "fail": false,
                  "pending": false,
                  "context": null,
                  "code": "assert_1.default.strictEqual(lib_1.default.getIntHeader('123'), 123);",
                  "err": {},
                  "uuid": "8b1c63d2-da24-41b7-b120-84048e606908",
                  "parentUUID": "477d297e-c2b5-452c-911a-52be1278b22a",
                  "isHook": false,
                  "skipped": false
                },
                {
                  "title": "should work with string[]",
                  "fullTitle": "Genderize getIntHeader() should work with string[]",
                  "timedOut": false,
                  "duration": 0,
                  "state": "passed",
                  "speed": "fast",
                  "pass": true,
                  "fail": false,
                  "pending": false,
                  "context": null,
                  "code": "assert_1.default.strictEqual(lib_1.default.getIntHeader(['123', '456']), 123);",
                  "err": {},
                  "uuid": "21cc8a41-b676-4879-93a2-136b7137d83b",
                  "parentUUID": "477d297e-c2b5-452c-911a-52be1278b22a",
                  "isHook": false,
                  "skipped": false
                },
                {
                  "title": "should work with undefined",
                  "fullTitle": "Genderize getIntHeader() should work with undefined",
                  "timedOut": false,
                  "duration": 0,
                  "state": "passed",
                  "speed": "fast",
                  "pass": true,
                  "fail": false,
                  "pending": false,
                  "context": null,
                  "code": "assert_1.default.strictEqual(lib_1.default.getIntHeader(undefined), undefined);",
                  "err": {},
                  "uuid": "86e60294-7255-447a-8ccd-2528b8bf9b75",
                  "parentUUID": "477d297e-c2b5-452c-911a-52be1278b22a",
                  "isHook": false,
                  "skipped": false
                }
              ],
              "suites": [],
              "passes": [
                "8b1c63d2-da24-41b7-b120-84048e606908",
                "21cc8a41-b676-4879-93a2-136b7137d83b",
                "86e60294-7255-447a-8ccd-2528b8bf9b75"
              ],
              "failures": [],
              "pending": [],
              "skipped": [],
              "duration": 0,
              "root": false,
              "rootEmpty": false,
              "_timeout": 2000
            },
            {
              "uuid": "359ab24f-be31-48a0-b0ac-8e11b759787d",
              "title": "detect()",
              "fullFile": "/home/runner/work/genderize/genderize/test/lib/index.ts",
              "file": "/test/lib/index.ts",
              "beforeHooks": [],
              "afterHooks": [],
              "tests": [
                {
                  "title": "should work with single names",
                  "fullTitle": "Genderize detect() should work with single names",
                  "timedOut": false,
                  "duration": 506,
                  "state": "passed",
                  "speed": "slow",
                  "pass": true,
                  "fail": false,
                  "pending": false,
                  "context": null,
                  "code": "return __awaiter(this, void 0, void 0, function* () {\n    const g = new lib_1.default();\n    const result = yield g.predict('Max');\n    assert_1.default.equal(result.name, 'Max');\n    assert_1.default.equal(result.gender, 'male');\n    assert_1.default.equal(result.gender, lib_1.GenderizeGender.MALE);\n    assert_1.default.ok(result.probability > 0.9, 'probability > 0.9');\n    assert_1.default.ok(result.count > 10000, 'count > 10000');\n    assert_1.default.ok(g.limit, 'limit is set');\n    assert_1.default.ok(g.limit.limit > 0, 'limit > 0');\n    assert_1.default.ok(g.limit.remaining > 0, 'remaining > 0');\n    assert_1.default.ok(g.limit.reset instanceof Date, 'reset is a Date');\n});",
                  "err": {},
                  "uuid": "97aeec30-b131-4f48-8040-2bbc92fc4c9c",
                  "parentUUID": "359ab24f-be31-48a0-b0ac-8e11b759787d",
                  "isHook": false,
                  "skipped": false
                },
                {
                  "title": "should work with multiple names",
                  "fullTitle": "Genderize detect() should work with multiple names",
                  "timedOut": false,
                  "duration": 1038,
                  "state": "passed",
                  "speed": "slow",
                  "pass": true,
                  "fail": false,
                  "pending": false,
                  "context": null,
                  "code": "return __awaiter(this, void 0, void 0, function* () {\n    const g = new lib_1.default();\n    const result = yield g.predict(['Max', 'Lisa']);\n    assert_1.default.equal(result.length, 2);\n    assert_1.default.equal(result[0].name, 'Max');\n    assert_1.default.equal(result[0].gender, 'male');\n    assert_1.default.equal(result[0].gender, lib_1.GenderizeGender.MALE);\n    assert_1.default.ok(result[0].probability > 0.9, 'probability > 0.9');\n    assert_1.default.ok(result[0].count > 10000, 'count > 10000');\n    assert_1.default.equal(result[1].name, 'Lisa');\n    assert_1.default.equal(result[1].gender, 'female');\n    assert_1.default.equal(result[1].gender, lib_1.GenderizeGender.FEMALE);\n    assert_1.default.ok(result[1].probability > 0.9, 'probability > 0.9');\n    assert_1.default.ok(result[1].count > 10000, 'count > 10000');\n    assert_1.default.ok(g.limit, 'limit is set');\n    assert_1.default.ok(g.limit.limit > 0, 'limit > 0');\n    assert_1.default.ok(g.limit.remaining > 0, 'remaining > 0');\n    assert_1.default.ok(g.limit.reset instanceof Date, 'reset is a Date');\n});",
                  "err": {},
                  "uuid": "8fac21a9-0717-4f7e-aa8f-2b73c54012e4",
                  "parentUUID": "359ab24f-be31-48a0-b0ac-8e11b759787d",
                  "isHook": false,
                  "skipped": false
                }
              ],
              "suites": [],
              "passes": [
                "97aeec30-b131-4f48-8040-2bbc92fc4c9c",
                "8fac21a9-0717-4f7e-aa8f-2b73c54012e4"
              ],
              "failures": [],
              "pending": [],
              "skipped": [],
              "duration": 1544,
              "root": false,
              "rootEmpty": false,
              "_timeout": 10000
            }
          ],
          "passes": [],
          "failures": [],
          "pending": [],
          "skipped": [],
          "duration": 0,
          "root": false,
          "rootEmpty": false,
          "_timeout": 2000
        }
      ],
      "passes": [],
      "failures": [],
      "pending": [],
      "skipped": [],
      "duration": 0,
      "root": true,
      "rootEmpty": true,
      "_timeout": 2000
    }
  ],
  "meta": {
    "mocha": {
      "version": "9.1.3"
    },
    "mochawesome": {
      "options": {
        "quiet": false,
        "reportFilename": "mochawesome",
        "saveHtml": true,
        "saveJson": true,
        "consoleReporter": "spec",
        "useInlineDiffs": false,
        "code": true
      },
      "version": "7.0.1"
    },
    "marge": {
      "options": null,
      "version": "6.0.1"
    }
  }
}