{
  "stats": {
    "suites": 5,
    "tests": 11,
    "passes": 11,
    "pending": 0,
    "failures": 0,
    "start": "2022-11-13T17:14:42.364Z",
    "end": "2022-11-13T17:14:43.165Z",
    "duration": 801,
    "testsRegistered": 11,
    "passPercent": 100,
    "pendingPercent": 0,
    "other": 0,
    "hasOther": false,
    "skipped": 0,
    "hasSkipped": false
  },
  "results": [
    {
      "uuid": "161b09ee-b54d-4db1-98c0-63fc92cd60d7",
      "title": "",
      "fullFile": "",
      "file": "",
      "beforeHooks": [],
      "afterHooks": [],
      "tests": [],
      "suites": [
        {
          "uuid": "8b1869d7-5be7-4fcd-b2f2-d895dfd7f615",
          "title": "Genderize",
          "fullFile": "/home/runner/work/genderize/genderize/test/lib/index.ts",
          "file": "/test/lib/index.ts",
          "beforeHooks": [],
          "afterHooks": [],
          "tests": [],
          "suites": [
            {
              "uuid": "0b790737-67f2-45d3-8b47-a41387eb58fb",
              "title": "params()",
              "fullFile": "/home/runner/work/genderize/genderize/test/lib/index.ts",
              "file": "/test/lib/index.ts",
              "beforeHooks": [],
              "afterHooks": [],
              "tests": [
                {
                  "title": "should work with arrays",
                  "fullTitle": "Genderize params() should work with arrays",
                  "timedOut": false,
                  "duration": 0,
                  "state": "passed",
                  "speed": "fast",
                  "pass": true,
                  "fail": false,
                  "pending": false,
                  "context": null,
                  "code": "assert_1.default.equal(new lib_1.default().params(['Max', 'Lisa'], 'DE').toString(), 'name[]=Max&name[]=Lisa&country_id=DE');",
                  "err": {},
                  "uuid": "460c55dd-3dc0-4f3d-801e-650b625dfcb1",
                  "parentUUID": "0b790737-67f2-45d3-8b47-a41387eb58fb",
                  "isHook": false,
                  "skipped": false
                },
                {
                  "title": "should work with single string",
                  "fullTitle": "Genderize params() should work with single string",
                  "timedOut": false,
                  "duration": 0,
                  "state": "passed",
                  "speed": "fast",
                  "pass": true,
                  "fail": false,
                  "pending": false,
                  "context": null,
                  "code": "assert_1.default.equal(new lib_1.default().params('Max').toString(), 'name=Max');",
                  "err": {},
                  "uuid": "27734578-594b-412d-9cd5-b8c39e25ae85",
                  "parentUUID": "0b790737-67f2-45d3-8b47-a41387eb58fb",
                  "isHook": false,
                  "skipped": false
                },
                {
                  "title": "should throw an exception if no name was given",
                  "fullTitle": "Genderize params() should throw an exception if no name was given",
                  "timedOut": false,
                  "duration": 1,
                  "state": "passed",
                  "speed": "fast",
                  "pass": true,
                  "fail": false,
                  "pending": false,
                  "context": null,
                  "code": "assert_1.default.throws(() => {\n    new lib_1.default().params([]);\n}, /No name given, but at least one is required/);",
                  "err": {},
                  "uuid": "4b6bdf29-ccb3-4faf-adfd-46bedcfc3333",
                  "parentUUID": "0b790737-67f2-45d3-8b47-a41387eb58fb",
                  "isHook": false,
                  "skipped": false
                },
                {
                  "title": "should throw an exception if > 10 names were given",
                  "fullTitle": "Genderize params() should throw an exception if > 10 names were given",
                  "timedOut": false,
                  "duration": 0,
                  "state": "passed",
                  "speed": "fast",
                  "pass": true,
                  "fail": false,
                  "pending": false,
                  "context": null,
                  "code": "assert_1.default.throws(() => {\n    new lib_1.default().params([\n        'James', 'Robert', 'John', 'Michael', 'David', 'William',\n        'Richard', 'Thomas', 'Christopher', 'Daniel', 'Paul'\n    ]);\n}, /Too many names given: 11 names provided, but 10 is the maximum allowed/);",
                  "err": {},
                  "uuid": "531aad2d-b3be-458e-9d33-f1cb52853b28",
                  "parentUUID": "0b790737-67f2-45d3-8b47-a41387eb58fb",
                  "isHook": false,
                  "skipped": false
                },
                {
                  "title": "should add the apiKey if given",
                  "fullTitle": "Genderize params() should add the apiKey if given",
                  "timedOut": false,
                  "duration": 0,
                  "state": "passed",
                  "speed": "fast",
                  "pass": true,
                  "fail": false,
                  "pending": false,
                  "context": null,
                  "code": "assert_1.default.equal(new lib_1.default('hello-world').params(['Max', 'Lisa'], 'DE').toString(), 'name[]=Max&name[]=Lisa&country_id=DE&apikey=hello-world');",
                  "err": {},
                  "uuid": "a884eb6a-4e7f-40aa-a7ae-a8a765f16d08",
                  "parentUUID": "0b790737-67f2-45d3-8b47-a41387eb58fb",
                  "isHook": false,
                  "skipped": false
                }
              ],
              "suites": [],
              "passes": [
                "460c55dd-3dc0-4f3d-801e-650b625dfcb1",
                "27734578-594b-412d-9cd5-b8c39e25ae85",
                "4b6bdf29-ccb3-4faf-adfd-46bedcfc3333",
                "531aad2d-b3be-458e-9d33-f1cb52853b28",
                "a884eb6a-4e7f-40aa-a7ae-a8a765f16d08"
              ],
              "failures": [],
              "pending": [],
              "skipped": [],
              "duration": 1,
              "root": false,
              "rootEmpty": false,
              "_timeout": 2000
            },
            {
              "uuid": "013744aa-9bbc-4e4e-91ab-310ace57199b",
              "title": "limit()",
              "fullFile": "/home/runner/work/genderize/genderize/test/lib/index.ts",
              "file": "/test/lib/index.ts",
              "beforeHooks": [],
              "afterHooks": [],
              "tests": [
                {
                  "title": "should return null if no request was sent before",
                  "fullTitle": "Genderize limit() should return null if no request was sent before",
                  "timedOut": false,
                  "duration": 0,
                  "state": "passed",
                  "speed": "fast",
                  "pass": true,
                  "fail": false,
                  "pending": false,
                  "context": null,
                  "code": "assert_1.default.strictEqual(new lib_1.default().limit, null);",
                  "err": {},
                  "uuid": "a0dfb7ef-00a4-4468-877c-c4c94892079f",
                  "parentUUID": "013744aa-9bbc-4e4e-91ab-310ace57199b",
                  "isHook": false,
                  "skipped": false
                }
              ],
              "suites": [],
              "passes": [
                "a0dfb7ef-00a4-4468-877c-c4c94892079f"
              ],
              "failures": [],
              "pending": [],
              "skipped": [],
              "duration": 0,
              "root": false,
              "rootEmpty": false,
              "_timeout": 2000
            },
            {
              "uuid": "4ff0aad1-0841-4160-bd11-8ec25a28da1c",
              "title": "getIntHeader()",
              "fullFile": "/home/runner/work/genderize/genderize/test/lib/index.ts",
              "file": "/test/lib/index.ts",
              "beforeHooks": [],
              "afterHooks": [],
              "tests": [
                {
                  "title": "should work with string",
                  "fullTitle": "Genderize getIntHeader() should work with string",
                  "timedOut": false,
                  "duration": 0,
                  "state": "passed",
                  "speed": "fast",
                  "pass": true,
                  "fail": false,
                  "pending": false,
                  "context": null,
                  "code": "assert_1.default.strictEqual(lib_1.default.getIntHeader('123'), 123);",
                  "err": {},
                  "uuid": "9067a05a-87d6-47b3-a21b-5f604be028fa",
                  "parentUUID": "4ff0aad1-0841-4160-bd11-8ec25a28da1c",
                  "isHook": false,
                  "skipped": false
                },
                {
                  "title": "should work with string[]",
                  "fullTitle": "Genderize getIntHeader() should work with string[]",
                  "timedOut": false,
                  "duration": 0,
                  "state": "passed",
                  "speed": "fast",
                  "pass": true,
                  "fail": false,
                  "pending": false,
                  "context": null,
                  "code": "assert_1.default.strictEqual(lib_1.default.getIntHeader(['123', '456']), 123);",
                  "err": {},
                  "uuid": "cc39d9c4-d67d-4bac-bbe4-40a2f9590f85",
                  "parentUUID": "4ff0aad1-0841-4160-bd11-8ec25a28da1c",
                  "isHook": false,
                  "skipped": false
                },
                {
                  "title": "should work with undefined",
                  "fullTitle": "Genderize getIntHeader() should work with undefined",
                  "timedOut": false,
                  "duration": 0,
                  "state": "passed",
                  "speed": "fast",
                  "pass": true,
                  "fail": false,
                  "pending": false,
                  "context": null,
                  "code": "assert_1.default.strictEqual(lib_1.default.getIntHeader(undefined), undefined);",
                  "err": {},
                  "uuid": "0197d9ea-7492-43dc-891b-6c31610ebfaf",
                  "parentUUID": "4ff0aad1-0841-4160-bd11-8ec25a28da1c",
                  "isHook": false,
                  "skipped": false
                }
              ],
              "suites": [],
              "passes": [
                "9067a05a-87d6-47b3-a21b-5f604be028fa",
                "cc39d9c4-d67d-4bac-bbe4-40a2f9590f85",
                "0197d9ea-7492-43dc-891b-6c31610ebfaf"
              ],
              "failures": [],
              "pending": [],
              "skipped": [],
              "duration": 0,
              "root": false,
              "rootEmpty": false,
              "_timeout": 2000
            },
            {
              "uuid": "ec60089c-643d-484c-a272-4cdf6581612a",
              "title": "detect()",
              "fullFile": "/home/runner/work/genderize/genderize/test/lib/index.ts",
              "file": "/test/lib/index.ts",
              "beforeHooks": [],
              "afterHooks": [],
              "tests": [
                {
                  "title": "should work with single names",
                  "fullTitle": "Genderize detect() should work with single names",
                  "timedOut": false,
                  "duration": 506,
                  "state": "passed",
                  "speed": "slow",
                  "pass": true,
                  "fail": false,
                  "pending": false,
                  "context": null,
                  "code": "return __awaiter(this, void 0, void 0, function* () {\n    const g = new lib_1.default();\n    const result = yield g.predict('Max');\n    assert_1.default.equal(result.name, 'Max');\n    assert_1.default.equal(result.gender, 'male');\n    assert_1.default.equal(result.gender, lib_1.GenderizeGender.MALE);\n    assert_1.default.ok(result.probability > 0.9, 'probability > 0.9');\n    assert_1.default.ok(result.count > 10000, 'count > 10000');\n    assert_1.default.ok(g.limit, 'limit is set');\n    assert_1.default.ok(g.limit.limit > 0, 'limit > 0');\n    assert_1.default.ok(g.limit.remaining > 0, 'remaining > 0');\n    assert_1.default.ok(g.limit.reset instanceof Date, 'reset is a Date');\n});",
                  "err": {},
                  "uuid": "c90a144e-e15d-433d-8e98-c8c2574a3e95",
                  "parentUUID": "ec60089c-643d-484c-a272-4cdf6581612a",
                  "isHook": false,
                  "skipped": false
                },
                {
                  "title": "should work with multiple names",
                  "fullTitle": "Genderize detect() should work with multiple names",
                  "timedOut": false,
                  "duration": 283,
                  "state": "passed",
                  "speed": "slow",
                  "pass": true,
                  "fail": false,
                  "pending": false,
                  "context": null,
                  "code": "return __awaiter(this, void 0, void 0, function* () {\n    const g = new lib_1.default();\n    const result = yield g.predict(['Moritz', 'Lisa']);\n    assert_1.default.equal(result.length, 2);\n    assert_1.default.equal(result[0].name, 'Moritz');\n    assert_1.default.equal(result[0].gender, 'male');\n    assert_1.default.equal(result[0].gender, lib_1.GenderizeGender.MALE);\n    assert_1.default.ok(result[0].probability > 0.9, 'probability > 0.9');\n    assert_1.default.ok(result[0].count > 10000, 'count > 10000');\n    assert_1.default.equal(result[1].name, 'Lisa');\n    assert_1.default.equal(result[1].gender, 'female');\n    assert_1.default.equal(result[1].gender, lib_1.GenderizeGender.FEMALE);\n    assert_1.default.ok(result[1].probability > 0.9, 'probability > 0.9');\n    assert_1.default.ok(result[1].count > 10000, 'count > 10000');\n    assert_1.default.ok(g.limit, 'limit is set');\n    assert_1.default.ok(g.limit.limit > 0, 'limit > 0');\n    assert_1.default.ok(g.limit.remaining > 0, 'remaining > 0');\n    assert_1.default.ok(g.limit.reset instanceof Date, 'reset is a Date');\n});",
                  "err": {},
                  "uuid": "69e668fd-2225-41b3-b09b-6c5ee7fa7842",
                  "parentUUID": "ec60089c-643d-484c-a272-4cdf6581612a",
                  "isHook": false,
                  "skipped": false
                }
              ],
              "suites": [],
              "passes": [
                "c90a144e-e15d-433d-8e98-c8c2574a3e95",
                "69e668fd-2225-41b3-b09b-6c5ee7fa7842"
              ],
              "failures": [],
              "pending": [],
              "skipped": [],
              "duration": 789,
              "root": false,
              "rootEmpty": false,
              "_timeout": 10000
            }
          ],
          "passes": [],
          "failures": [],
          "pending": [],
          "skipped": [],
          "duration": 0,
          "root": false,
          "rootEmpty": false,
          "_timeout": 2000
        }
      ],
      "passes": [],
      "failures": [],
      "pending": [],
      "skipped": [],
      "duration": 0,
      "root": true,
      "rootEmpty": true,
      "_timeout": 2000
    }
  ],
  "meta": {
    "mocha": {
      "version": "9.2.2"
    },
    "mochawesome": {
      "options": {
        "quiet": false,
        "reportFilename": "mochawesome",
        "saveHtml": true,
        "saveJson": true,
        "consoleReporter": "spec",
        "useInlineDiffs": false,
        "code": true
      },
      "version": "7.0.1"
    },
    "marge": {
      "options": null,
      "version": "6.0.1"
    }
  }
}