{
  "stats": {
    "suites": 5,
    "tests": 11,
    "passes": 11,
    "pending": 0,
    "failures": 0,
    "start": "2023-02-12T17:16:01.620Z",
    "end": "2023-02-12T17:16:01.912Z",
    "duration": 292,
    "testsRegistered": 11,
    "passPercent": 100,
    "pendingPercent": 0,
    "other": 0,
    "hasOther": false,
    "skipped": 0,
    "hasSkipped": false
  },
  "results": [
    {
      "uuid": "9f83bc87-bd4b-4a8e-8574-60fc58afaa25",
      "title": "",
      "fullFile": "/home/runner/work/genderize/genderize/test/lib/index.ts",
      "file": "/test/lib/index.ts",
      "beforeHooks": [],
      "afterHooks": [],
      "tests": [],
      "suites": [
        {
          "uuid": "a8c863a0-d703-4301-9691-e1bdf4ebd354",
          "title": "Genderize",
          "fullFile": "/home/runner/work/genderize/genderize/test/lib/index.ts",
          "file": "/test/lib/index.ts",
          "beforeHooks": [],
          "afterHooks": [],
          "tests": [],
          "suites": [
            {
              "uuid": "6e2dbe83-d828-440d-9f9f-815d5008ef58",
              "title": "params()",
              "fullFile": "/home/runner/work/genderize/genderize/test/lib/index.ts",
              "file": "/test/lib/index.ts",
              "beforeHooks": [],
              "afterHooks": [],
              "tests": [
                {
                  "title": "should work with arrays",
                  "fullTitle": "Genderize params() should work with arrays",
                  "timedOut": false,
                  "duration": 1,
                  "state": "passed",
                  "speed": "fast",
                  "pass": true,
                  "fail": false,
                  "pending": false,
                  "context": null,
                  "code": "assert.equal(new Genderize().params(['Max', 'Lisa'], 'DE').toString(), 'name[]=Max&name[]=Lisa&country_id=DE');",
                  "err": {},
                  "uuid": "09111ce2-7912-4098-91c1-ae13468e70f0",
                  "parentUUID": "6e2dbe83-d828-440d-9f9f-815d5008ef58",
                  "isHook": false,
                  "skipped": false
                },
                {
                  "title": "should work with single string",
                  "fullTitle": "Genderize params() should work with single string",
                  "timedOut": false,
                  "duration": 0,
                  "state": "passed",
                  "speed": "fast",
                  "pass": true,
                  "fail": false,
                  "pending": false,
                  "context": null,
                  "code": "assert.equal(new Genderize().params('Max').toString(), 'name=Max');",
                  "err": {},
                  "uuid": "78a972a0-af69-4660-81e1-4d833255b374",
                  "parentUUID": "6e2dbe83-d828-440d-9f9f-815d5008ef58",
                  "isHook": false,
                  "skipped": false
                },
                {
                  "title": "should throw an exception if no name was given",
                  "fullTitle": "Genderize params() should throw an exception if no name was given",
                  "timedOut": false,
                  "duration": 1,
                  "state": "passed",
                  "speed": "fast",
                  "pass": true,
                  "fail": false,
                  "pending": false,
                  "context": null,
                  "code": "assert.throws(() => {\n    new Genderize().params([]);\n}, /No name given, but at least one is required/);",
                  "err": {},
                  "uuid": "9afe28c4-33c0-4708-81d8-9dfe44db7c7e",
                  "parentUUID": "6e2dbe83-d828-440d-9f9f-815d5008ef58",
                  "isHook": false,
                  "skipped": false
                },
                {
                  "title": "should throw an exception if > 10 names were given",
                  "fullTitle": "Genderize params() should throw an exception if > 10 names were given",
                  "timedOut": false,
                  "duration": 0,
                  "state": "passed",
                  "speed": "fast",
                  "pass": true,
                  "fail": false,
                  "pending": false,
                  "context": null,
                  "code": "assert.throws(() => {\n    new Genderize().params([\n        'James', 'Robert', 'John', 'Michael', 'David', 'William',\n        'Richard', 'Thomas', 'Christopher', 'Daniel', 'Paul'\n    ]);\n}, /Too many names given: 11 names provided, but 10 is the maximum allowed/);",
                  "err": {},
                  "uuid": "51b25bd1-052a-493c-8727-30e3d524d176",
                  "parentUUID": "6e2dbe83-d828-440d-9f9f-815d5008ef58",
                  "isHook": false,
                  "skipped": false
                },
                {
                  "title": "should add the apiKey if given",
                  "fullTitle": "Genderize params() should add the apiKey if given",
                  "timedOut": false,
                  "duration": 0,
                  "state": "passed",
                  "speed": "fast",
                  "pass": true,
                  "fail": false,
                  "pending": false,
                  "context": null,
                  "code": "assert.equal(new Genderize('hello-world').params(['Max', 'Lisa'], 'DE').toString(), 'name[]=Max&name[]=Lisa&country_id=DE&apikey=hello-world');",
                  "err": {},
                  "uuid": "93b0a14f-11dc-4575-845a-1617b3bb7655",
                  "parentUUID": "6e2dbe83-d828-440d-9f9f-815d5008ef58",
                  "isHook": false,
                  "skipped": false
                }
              ],
              "suites": [],
              "passes": [
                "09111ce2-7912-4098-91c1-ae13468e70f0",
                "78a972a0-af69-4660-81e1-4d833255b374",
                "9afe28c4-33c0-4708-81d8-9dfe44db7c7e",
                "51b25bd1-052a-493c-8727-30e3d524d176",
                "93b0a14f-11dc-4575-845a-1617b3bb7655"
              ],
              "failures": [],
              "pending": [],
              "skipped": [],
              "duration": 2,
              "root": false,
              "rootEmpty": false,
              "_timeout": 2000
            },
            {
              "uuid": "5400a646-c62e-45d2-b8bd-ee007a63ac00",
              "title": "limit()",
              "fullFile": "/home/runner/work/genderize/genderize/test/lib/index.ts",
              "file": "/test/lib/index.ts",
              "beforeHooks": [],
              "afterHooks": [],
              "tests": [
                {
                  "title": "should return null if no request was sent before",
                  "fullTitle": "Genderize limit() should return null if no request was sent before",
                  "timedOut": false,
                  "duration": 0,
                  "state": "passed",
                  "speed": "fast",
                  "pass": true,
                  "fail": false,
                  "pending": false,
                  "context": null,
                  "code": "assert.strictEqual(new Genderize().limit, null);",
                  "err": {},
                  "uuid": "bededfd1-7e3b-403d-95c8-b9de709a479f",
                  "parentUUID": "5400a646-c62e-45d2-b8bd-ee007a63ac00",
                  "isHook": false,
                  "skipped": false
                }
              ],
              "suites": [],
              "passes": [
                "bededfd1-7e3b-403d-95c8-b9de709a479f"
              ],
              "failures": [],
              "pending": [],
              "skipped": [],
              "duration": 0,
              "root": false,
              "rootEmpty": false,
              "_timeout": 2000
            },
            {
              "uuid": "98a69203-495e-49d6-9ebd-ca75164ca207",
              "title": "getIntHeader()",
              "fullFile": "/home/runner/work/genderize/genderize/test/lib/index.ts",
              "file": "/test/lib/index.ts",
              "beforeHooks": [],
              "afterHooks": [],
              "tests": [
                {
                  "title": "should work with string",
                  "fullTitle": "Genderize getIntHeader() should work with string",
                  "timedOut": false,
                  "duration": 0,
                  "state": "passed",
                  "speed": "fast",
                  "pass": true,
                  "fail": false,
                  "pending": false,
                  "context": null,
                  "code": "assert.strictEqual(Genderize.getIntHeader('123'), 123);",
                  "err": {},
                  "uuid": "b8ef8b83-baec-41f2-b57d-453b4bf85850",
                  "parentUUID": "98a69203-495e-49d6-9ebd-ca75164ca207",
                  "isHook": false,
                  "skipped": false
                },
                {
                  "title": "should work with string[]",
                  "fullTitle": "Genderize getIntHeader() should work with string[]",
                  "timedOut": false,
                  "duration": 0,
                  "state": "passed",
                  "speed": "fast",
                  "pass": true,
                  "fail": false,
                  "pending": false,
                  "context": null,
                  "code": "assert.strictEqual(Genderize.getIntHeader(['123', '456']), 123);",
                  "err": {},
                  "uuid": "931c68c8-6b7d-4de7-8ec9-0f13f45e74f8",
                  "parentUUID": "98a69203-495e-49d6-9ebd-ca75164ca207",
                  "isHook": false,
                  "skipped": false
                },
                {
                  "title": "should work with undefined",
                  "fullTitle": "Genderize getIntHeader() should work with undefined",
                  "timedOut": false,
                  "duration": 0,
                  "state": "passed",
                  "speed": "fast",
                  "pass": true,
                  "fail": false,
                  "pending": false,
                  "context": null,
                  "code": "assert.strictEqual(Genderize.getIntHeader(undefined), undefined);",
                  "err": {},
                  "uuid": "98ac0058-13b9-421e-9301-f875e0c75f64",
                  "parentUUID": "98a69203-495e-49d6-9ebd-ca75164ca207",
                  "isHook": false,
                  "skipped": false
                }
              ],
              "suites": [],
              "passes": [
                "b8ef8b83-baec-41f2-b57d-453b4bf85850",
                "931c68c8-6b7d-4de7-8ec9-0f13f45e74f8",
                "98ac0058-13b9-421e-9301-f875e0c75f64"
              ],
              "failures": [],
              "pending": [],
              "skipped": [],
              "duration": 0,
              "root": false,
              "rootEmpty": false,
              "_timeout": 2000
            },
            {
              "uuid": "fc08b9cc-00d4-4e55-8ce2-27dc76caa292",
              "title": "detect()",
              "fullFile": "/home/runner/work/genderize/genderize/test/lib/index.ts",
              "file": "/test/lib/index.ts",
              "beforeHooks": [],
              "afterHooks": [],
              "tests": [
                {
                  "title": "should work with single names",
                  "fullTitle": "Genderize detect() should work with single names",
                  "timedOut": false,
                  "duration": 152,
                  "state": "passed",
                  "speed": "slow",
                  "pass": true,
                  "fail": false,
                  "pending": false,
                  "context": null,
                  "code": "return __awaiter(this, void 0, void 0, function* () {\n    const g = new Genderize();\n    const result = yield g.predict('Max');\n    assert.equal(result.name, 'Max');\n    assert.equal(result.gender, 'male');\n    assert.equal(result.gender, GenderizeGender.MALE);\n    assert.ok(result.probability > 0.9, 'probability > 0.9');\n    assert.ok(result.count > 10000, 'count > 10000');\n    assert.ok(g.limit, 'limit is set');\n    assert.ok(g.limit.limit > 0, 'limit > 0');\n    assert.ok(g.limit.remaining > 0, 'remaining > 0');\n    assert.ok(g.limit.reset instanceof Date, 'reset is a Date');\n});",
                  "err": {},
                  "uuid": "39cbe554-e761-4fda-9790-e26388b529a4",
                  "parentUUID": "fc08b9cc-00d4-4e55-8ce2-27dc76caa292",
                  "isHook": false,
                  "skipped": false
                },
                {
                  "title": "should work with multiple names",
                  "fullTitle": "Genderize detect() should work with multiple names",
                  "timedOut": false,
                  "duration": 122,
                  "state": "passed",
                  "speed": "slow",
                  "pass": true,
                  "fail": false,
                  "pending": false,
                  "context": null,
                  "code": "return __awaiter(this, void 0, void 0, function* () {\n    const g = new Genderize();\n    const result = yield g.predict(['Moritz', 'Lisa']);\n    assert.equal(result.length, 2);\n    assert.equal(result[0].name, 'Moritz');\n    assert.equal(result[0].gender, 'male');\n    assert.equal(result[0].gender, GenderizeGender.MALE);\n    assert.ok(result[0].probability > 0.9, 'probability > 0.9');\n    assert.ok(result[0].count > 10000, 'count > 10000');\n    assert.equal(result[1].name, 'Lisa');\n    assert.equal(result[1].gender, 'female');\n    assert.equal(result[1].gender, GenderizeGender.FEMALE);\n    assert.ok(result[1].probability > 0.9, 'probability > 0.9');\n    assert.ok(result[1].count > 10000, 'count > 10000');\n    assert.ok(g.limit, 'limit is set');\n    assert.ok(g.limit.limit > 0, 'limit > 0');\n    assert.ok(g.limit.remaining > 0, 'remaining > 0');\n    assert.ok(g.limit.reset instanceof Date, 'reset is a Date');\n});",
                  "err": {},
                  "uuid": "efe48fda-2442-47b2-a08c-ac1a7ce88860",
                  "parentUUID": "fc08b9cc-00d4-4e55-8ce2-27dc76caa292",
                  "isHook": false,
                  "skipped": false
                }
              ],
              "suites": [],
              "passes": [
                "39cbe554-e761-4fda-9790-e26388b529a4",
                "efe48fda-2442-47b2-a08c-ac1a7ce88860"
              ],
              "failures": [],
              "pending": [],
              "skipped": [],
              "duration": 274,
              "root": false,
              "rootEmpty": false,
              "_timeout": 10000
            }
          ],
          "passes": [],
          "failures": [],
          "pending": [],
          "skipped": [],
          "duration": 0,
          "root": false,
          "rootEmpty": false,
          "_timeout": 2000
        }
      ],
      "passes": [],
      "failures": [],
      "pending": [],
      "skipped": [],
      "duration": 0,
      "root": true,
      "rootEmpty": true,
      "_timeout": 2000
    }
  ],
  "meta": {
    "mocha": {
      "version": "10.2.0"
    },
    "mochawesome": {
      "options": {
        "quiet": false,
        "reportFilename": "mochawesome",
        "saveHtml": true,
        "saveJson": true,
        "consoleReporter": "spec",
        "useInlineDiffs": false,
        "code": true
      },
      "version": "7.1.3"
    },
    "marge": {
      "options": null,
      "version": "6.2.0"
    }
  }
}