{
  "stats": {
    "suites": 5,
    "tests": 11,
    "passes": 11,
    "pending": 0,
    "failures": 0,
    "start": "2025-07-14T18:19:29.188Z",
    "end": "2025-07-14T18:19:29.598Z",
    "duration": 410,
    "testsRegistered": 11,
    "passPercent": 100,
    "pendingPercent": 0,
    "other": 0,
    "hasOther": false,
    "skipped": 0,
    "hasSkipped": false
  },
  "results": [
    {
      "uuid": "4752de9c-61b8-409d-9457-fdb36a59cd4b",
      "title": "",
      "fullFile": "/home/runner/work/genderize/genderize/test/lib/index.ts",
      "file": "/test/lib/index.ts",
      "beforeHooks": [],
      "afterHooks": [],
      "tests": [],
      "suites": [
        {
          "uuid": "d2ccef9e-3da1-43be-81e9-eebbc248623a",
          "title": "Genderize",
          "fullFile": "/home/runner/work/genderize/genderize/test/lib/index.ts",
          "file": "/test/lib/index.ts",
          "beforeHooks": [],
          "afterHooks": [],
          "tests": [],
          "suites": [
            {
              "uuid": "4cfd097b-2e3a-47cf-a18b-18b933850119",
              "title": "params()",
              "fullFile": "/home/runner/work/genderize/genderize/test/lib/index.ts",
              "file": "/test/lib/index.ts",
              "beforeHooks": [],
              "afterHooks": [],
              "tests": [
                {
                  "title": "should work with arrays",
                  "fullTitle": "Genderize params() should work with arrays",
                  "timedOut": false,
                  "duration": 1,
                  "state": "passed",
                  "speed": "fast",
                  "pass": true,
                  "fail": false,
                  "pending": false,
                  "context": null,
                  "code": "import_assert.default.equal(new import_lib.default().params([\"Max\",\"Lisa\"],\"DE\").toString(),\"name[]=Max&name[]=Lisa&country_id=DE\")",
                  "err": {},
                  "uuid": "050164db-2bd1-4359-b934-4877137c211b",
                  "parentUUID": "4cfd097b-2e3a-47cf-a18b-18b933850119",
                  "isHook": false,
                  "skipped": false
                },
                {
                  "title": "should work with single string",
                  "fullTitle": "Genderize params() should work with single string",
                  "timedOut": false,
                  "duration": 0,
                  "state": "passed",
                  "speed": "fast",
                  "pass": true,
                  "fail": false,
                  "pending": false,
                  "context": null,
                  "code": "import_assert.default.equal(new import_lib.default().params(\"Max\").toString(),\"name=Max\")",
                  "err": {},
                  "uuid": "fede3569-1738-421f-86f0-ecf297f813f9",
                  "parentUUID": "4cfd097b-2e3a-47cf-a18b-18b933850119",
                  "isHook": false,
                  "skipped": false
                },
                {
                  "title": "should throw an exception if no name was given",
                  "fullTitle": "Genderize params() should throw an exception if no name was given",
                  "timedOut": false,
                  "duration": 1,
                  "state": "passed",
                  "speed": "fast",
                  "pass": true,
                  "fail": false,
                  "pending": false,
                  "context": null,
                  "code": "import_assert.default.throws(()=>{new import_lib.default().params([])},/No name given, but at least one is required/)",
                  "err": {},
                  "uuid": "4d14ec67-8988-4d84-adbf-3c38ed469e78",
                  "parentUUID": "4cfd097b-2e3a-47cf-a18b-18b933850119",
                  "isHook": false,
                  "skipped": false
                },
                {
                  "title": "should throw an exception if > 10 names were given",
                  "fullTitle": "Genderize params() should throw an exception if > 10 names were given",
                  "timedOut": false,
                  "duration": 0,
                  "state": "passed",
                  "speed": "fast",
                  "pass": true,
                  "fail": false,
                  "pending": false,
                  "context": null,
                  "code": "import_assert.default.throws(()=>{new import_lib.default().params([\"James\",\"Robert\",\"John\",\"Michael\",\"David\",\"William\",\"Richard\",\"Thomas\",\"Christopher\",\"Daniel\",\"Paul\"])},/Too many names given: 11 names provided, but 10 is the maximum allowed/)",
                  "err": {},
                  "uuid": "d2141179-7f7c-401e-8967-eba8b9280084",
                  "parentUUID": "4cfd097b-2e3a-47cf-a18b-18b933850119",
                  "isHook": false,
                  "skipped": false
                },
                {
                  "title": "should add the apiKey if given",
                  "fullTitle": "Genderize params() should add the apiKey if given",
                  "timedOut": false,
                  "duration": 0,
                  "state": "passed",
                  "speed": "fast",
                  "pass": true,
                  "fail": false,
                  "pending": false,
                  "context": null,
                  "code": "import_assert.default.equal(new import_lib.default(\"hello-world\").params([\"Max\",\"Lisa\"],\"DE\").toString(),\"name[]=Max&name[]=Lisa&country_id=DE&apikey=hello-world\")",
                  "err": {},
                  "uuid": "43688a37-637c-4367-9963-7b364b6168f5",
                  "parentUUID": "4cfd097b-2e3a-47cf-a18b-18b933850119",
                  "isHook": false,
                  "skipped": false
                }
              ],
              "suites": [],
              "passes": [
                "050164db-2bd1-4359-b934-4877137c211b",
                "fede3569-1738-421f-86f0-ecf297f813f9",
                "4d14ec67-8988-4d84-adbf-3c38ed469e78",
                "d2141179-7f7c-401e-8967-eba8b9280084",
                "43688a37-637c-4367-9963-7b364b6168f5"
              ],
              "failures": [],
              "pending": [],
              "skipped": [],
              "duration": 2,
              "root": false,
              "rootEmpty": false,
              "_timeout": 2000
            },
            {
              "uuid": "2210fbb1-fab1-4666-a8e9-74eeb1491d90",
              "title": "limit()",
              "fullFile": "/home/runner/work/genderize/genderize/test/lib/index.ts",
              "file": "/test/lib/index.ts",
              "beforeHooks": [],
              "afterHooks": [],
              "tests": [
                {
                  "title": "should return null if no request was sent before",
                  "fullTitle": "Genderize limit() should return null if no request was sent before",
                  "timedOut": false,
                  "duration": 0,
                  "state": "passed",
                  "speed": "fast",
                  "pass": true,
                  "fail": false,
                  "pending": false,
                  "context": null,
                  "code": "import_assert.default.strictEqual(new import_lib.default().limit,null)",
                  "err": {},
                  "uuid": "7b834510-e0c2-436c-8320-1d8f87378a7b",
                  "parentUUID": "2210fbb1-fab1-4666-a8e9-74eeb1491d90",
                  "isHook": false,
                  "skipped": false
                }
              ],
              "suites": [],
              "passes": [
                "7b834510-e0c2-436c-8320-1d8f87378a7b"
              ],
              "failures": [],
              "pending": [],
              "skipped": [],
              "duration": 0,
              "root": false,
              "rootEmpty": false,
              "_timeout": 2000
            },
            {
              "uuid": "245c2e75-31ad-4072-9062-20abc8bb422b",
              "title": "getIntHeader()",
              "fullFile": "/home/runner/work/genderize/genderize/test/lib/index.ts",
              "file": "/test/lib/index.ts",
              "beforeHooks": [],
              "afterHooks": [],
              "tests": [
                {
                  "title": "should work with string",
                  "fullTitle": "Genderize getIntHeader() should work with string",
                  "timedOut": false,
                  "duration": 0,
                  "state": "passed",
                  "speed": "fast",
                  "pass": true,
                  "fail": false,
                  "pending": false,
                  "context": null,
                  "code": "import_assert.default.strictEqual(import_lib.default.getIntHeader(\"123\"),123)",
                  "err": {},
                  "uuid": "ea1eb8b4-abc8-497c-857b-a74ba740fa99",
                  "parentUUID": "245c2e75-31ad-4072-9062-20abc8bb422b",
                  "isHook": false,
                  "skipped": false
                },
                {
                  "title": "should work with string[]",
                  "fullTitle": "Genderize getIntHeader() should work with string[]",
                  "timedOut": false,
                  "duration": 0,
                  "state": "passed",
                  "speed": "fast",
                  "pass": true,
                  "fail": false,
                  "pending": false,
                  "context": null,
                  "code": "import_assert.default.strictEqual(import_lib.default.getIntHeader([\"123\",\"456\"]),123)",
                  "err": {},
                  "uuid": "8e3523d1-51ea-4dbe-8b86-b2c6a58f4ffe",
                  "parentUUID": "245c2e75-31ad-4072-9062-20abc8bb422b",
                  "isHook": false,
                  "skipped": false
                },
                {
                  "title": "should work with undefined",
                  "fullTitle": "Genderize getIntHeader() should work with undefined",
                  "timedOut": false,
                  "duration": 0,
                  "state": "passed",
                  "speed": "fast",
                  "pass": true,
                  "fail": false,
                  "pending": false,
                  "context": null,
                  "code": "import_assert.default.strictEqual(import_lib.default.getIntHeader(void 0),void 0)",
                  "err": {},
                  "uuid": "7aaf9fbb-0f09-486a-893c-325a641b4554",
                  "parentUUID": "245c2e75-31ad-4072-9062-20abc8bb422b",
                  "isHook": false,
                  "skipped": false
                }
              ],
              "suites": [],
              "passes": [
                "ea1eb8b4-abc8-497c-857b-a74ba740fa99",
                "8e3523d1-51ea-4dbe-8b86-b2c6a58f4ffe",
                "7aaf9fbb-0f09-486a-893c-325a641b4554"
              ],
              "failures": [],
              "pending": [],
              "skipped": [],
              "duration": 0,
              "root": false,
              "rootEmpty": false,
              "_timeout": 2000
            },
            {
              "uuid": "f239b657-482f-4104-9710-2499264a2666",
              "title": "detect()",
              "fullFile": "/home/runner/work/genderize/genderize/test/lib/index.ts",
              "file": "/test/lib/index.ts",
              "beforeHooks": [],
              "afterHooks": [],
              "tests": [
                {
                  "title": "should work with single names",
                  "fullTitle": "Genderize detect() should work with single names",
                  "timedOut": false,
                  "duration": 368,
                  "state": "passed",
                  "speed": "slow",
                  "pass": true,
                  "fail": false,
                  "pending": false,
                  "context": null,
                  "code": "const g=new import_lib.default;const result=await g.predict(\"Max\");import_assert.default.equal(result.name,\"Max\");import_assert.default.equal(result.gender,\"male\");import_assert.default.equal(result.gender,import_lib.GenderizeGender.MALE);import_assert.default.ok(result.probability>.9,\"probability > 0.9\");import_assert.default.ok(result.count>1e4,\"count > 10000\");import_assert.default.ok(g.limit,\"limit is set\");import_assert.default.ok(g.limit.limit>0,\"limit > 0\");import_assert.default.ok(g.limit.remaining>0,\"remaining > 0\");import_assert.default.ok(g.limit.reset instanceof Date,\"reset is a Date\")",
                  "err": {},
                  "uuid": "18c58cd8-2d00-4972-b73c-dc31256ac70e",
                  "parentUUID": "f239b657-482f-4104-9710-2499264a2666",
                  "isHook": false,
                  "skipped": false
                },
                {
                  "title": "should work with multiple names",
                  "fullTitle": "Genderize detect() should work with multiple names",
                  "timedOut": false,
                  "duration": 30,
                  "state": "passed",
                  "speed": "fast",
                  "pass": true,
                  "fail": false,
                  "pending": false,
                  "context": null,
                  "code": "const g=new import_lib.default;const result=await g.predict([\"Moritz\",\"Lisa\"]);import_assert.default.equal(result.length,2);import_assert.default.equal(result[0].name,\"Moritz\");import_assert.default.equal(result[0].gender,\"male\");import_assert.default.equal(result[0].gender,import_lib.GenderizeGender.MALE);import_assert.default.ok(result[0].probability>.9,\"probability > 0.9\");import_assert.default.ok(result[0].count>1e4,\"count > 10000\");import_assert.default.equal(result[1].name,\"Lisa\");import_assert.default.equal(result[1].gender,\"female\");import_assert.default.equal(result[1].gender,import_lib.GenderizeGender.FEMALE);import_assert.default.ok(result[1].probability>.9,\"probability > 0.9\");import_assert.default.ok(result[1].count>1e4,\"count > 10000\");import_assert.default.ok(g.limit,\"limit is set\");import_assert.default.ok(g.limit.limit>0,\"limit > 0\");import_assert.default.ok(g.limit.remaining>0,\"remaining > 0\");import_assert.default.ok(g.limit.reset instanceof Date,\"reset is a Date\")",
                  "err": {},
                  "uuid": "74c0e586-cc70-4630-9956-c3f52649ceb1",
                  "parentUUID": "f239b657-482f-4104-9710-2499264a2666",
                  "isHook": false,
                  "skipped": false
                }
              ],
              "suites": [],
              "passes": [
                "18c58cd8-2d00-4972-b73c-dc31256ac70e",
                "74c0e586-cc70-4630-9956-c3f52649ceb1"
              ],
              "failures": [],
              "pending": [],
              "skipped": [],
              "duration": 398,
              "root": false,
              "rootEmpty": false,
              "_timeout": 10000
            }
          ],
          "passes": [],
          "failures": [],
          "pending": [],
          "skipped": [],
          "duration": 0,
          "root": false,
          "rootEmpty": false,
          "_timeout": 2000
        }
      ],
      "passes": [],
      "failures": [],
      "pending": [],
      "skipped": [],
      "duration": 0,
      "root": true,
      "rootEmpty": true,
      "_timeout": 2000
    }
  ],
  "meta": {
    "mocha": {
      "version": "11.7.1"
    },
    "mochawesome": {
      "options": {
        "quiet": false,
        "reportFilename": "mochawesome",
        "saveHtml": true,
        "saveJson": true,
        "consoleReporter": "spec",
        "useInlineDiffs": false,
        "code": true
      },
      "version": "7.1.3"
    },
    "marge": {
      "options": null,
      "version": "6.2.0"
    }
  }
}