{
  "stats": {
    "suites": 5,
    "tests": 11,
    "passes": 11,
    "pending": 0,
    "failures": 0,
    "start": "2025-09-25T05:32:38.134Z",
    "end": "2025-09-25T05:32:38.786Z",
    "duration": 652,
    "testsRegistered": 11,
    "passPercent": 100,
    "pendingPercent": 0,
    "other": 0,
    "hasOther": false,
    "skipped": 0,
    "hasSkipped": false
  },
  "results": [
    {
      "uuid": "94b99ba3-422d-4e6c-9df6-baa4e4e4e284",
      "title": "",
      "fullFile": "/home/runner/work/genderize/genderize/test/lib/index.ts",
      "file": "/test/lib/index.ts",
      "beforeHooks": [],
      "afterHooks": [],
      "tests": [],
      "suites": [
        {
          "uuid": "8d17cd3a-9509-4d45-8018-54c6039ba74d",
          "title": "Genderize",
          "fullFile": "/home/runner/work/genderize/genderize/test/lib/index.ts",
          "file": "/test/lib/index.ts",
          "beforeHooks": [],
          "afterHooks": [],
          "tests": [],
          "suites": [
            {
              "uuid": "83fa2fcd-80d8-4817-acef-45fd2ed17d0c",
              "title": "params()",
              "fullFile": "/home/runner/work/genderize/genderize/test/lib/index.ts",
              "file": "/test/lib/index.ts",
              "beforeHooks": [],
              "afterHooks": [],
              "tests": [
                {
                  "title": "should work with arrays",
                  "fullTitle": "Genderize params() should work with arrays",
                  "timedOut": false,
                  "duration": 0,
                  "state": "passed",
                  "speed": "fast",
                  "pass": true,
                  "fail": false,
                  "pending": false,
                  "context": null,
                  "code": "import_assert.default.equal(new import_lib.default().params([\"Max\",\"Lisa\"],\"DE\").toString(),\"name[]=Max&name[]=Lisa&country_id=DE\")",
                  "err": {},
                  "uuid": "1a2e06bb-b969-45e6-b749-84b645ec7217",
                  "parentUUID": "83fa2fcd-80d8-4817-acef-45fd2ed17d0c",
                  "isHook": false,
                  "skipped": false
                },
                {
                  "title": "should work with single string",
                  "fullTitle": "Genderize params() should work with single string",
                  "timedOut": false,
                  "duration": 0,
                  "state": "passed",
                  "speed": "fast",
                  "pass": true,
                  "fail": false,
                  "pending": false,
                  "context": null,
                  "code": "import_assert.default.equal(new import_lib.default().params(\"Max\").toString(),\"name=Max\")",
                  "err": {},
                  "uuid": "69f8c1c3-c9fe-4396-bf12-a9b36c85c49f",
                  "parentUUID": "83fa2fcd-80d8-4817-acef-45fd2ed17d0c",
                  "isHook": false,
                  "skipped": false
                },
                {
                  "title": "should throw an exception if no name was given",
                  "fullTitle": "Genderize params() should throw an exception if no name was given",
                  "timedOut": false,
                  "duration": 0,
                  "state": "passed",
                  "speed": "fast",
                  "pass": true,
                  "fail": false,
                  "pending": false,
                  "context": null,
                  "code": "import_assert.default.throws(()=>{new import_lib.default().params([])},/No name given, but at least one is required/)",
                  "err": {},
                  "uuid": "fbe84074-cfa2-40f0-aae1-0acde0d3e466",
                  "parentUUID": "83fa2fcd-80d8-4817-acef-45fd2ed17d0c",
                  "isHook": false,
                  "skipped": false
                },
                {
                  "title": "should throw an exception if > 10 names were given",
                  "fullTitle": "Genderize params() should throw an exception if > 10 names were given",
                  "timedOut": false,
                  "duration": 0,
                  "state": "passed",
                  "speed": "fast",
                  "pass": true,
                  "fail": false,
                  "pending": false,
                  "context": null,
                  "code": "import_assert.default.throws(()=>{new import_lib.default().params([\"James\",\"Robert\",\"John\",\"Michael\",\"David\",\"William\",\"Richard\",\"Thomas\",\"Christopher\",\"Daniel\",\"Paul\"])},/Too many names given: 11 names provided, but 10 is the maximum allowed/)",
                  "err": {},
                  "uuid": "e694815f-a738-42a3-bb0a-8daa7d9e54c3",
                  "parentUUID": "83fa2fcd-80d8-4817-acef-45fd2ed17d0c",
                  "isHook": false,
                  "skipped": false
                },
                {
                  "title": "should add the apiKey if given",
                  "fullTitle": "Genderize params() should add the apiKey if given",
                  "timedOut": false,
                  "duration": 0,
                  "state": "passed",
                  "speed": "fast",
                  "pass": true,
                  "fail": false,
                  "pending": false,
                  "context": null,
                  "code": "import_assert.default.equal(new import_lib.default(\"hello-world\").params([\"Max\",\"Lisa\"],\"DE\").toString(),\"name[]=Max&name[]=Lisa&country_id=DE&apikey=hello-world\")",
                  "err": {},
                  "uuid": "95568f1a-ff98-4e73-a4ba-e24774752c43",
                  "parentUUID": "83fa2fcd-80d8-4817-acef-45fd2ed17d0c",
                  "isHook": false,
                  "skipped": false
                }
              ],
              "suites": [],
              "passes": [
                "1a2e06bb-b969-45e6-b749-84b645ec7217",
                "69f8c1c3-c9fe-4396-bf12-a9b36c85c49f",
                "fbe84074-cfa2-40f0-aae1-0acde0d3e466",
                "e694815f-a738-42a3-bb0a-8daa7d9e54c3",
                "95568f1a-ff98-4e73-a4ba-e24774752c43"
              ],
              "failures": [],
              "pending": [],
              "skipped": [],
              "duration": 0,
              "root": false,
              "rootEmpty": false,
              "_timeout": 2000
            },
            {
              "uuid": "5c548c4a-68c0-4039-b2f7-0bb202aa468d",
              "title": "limit()",
              "fullFile": "/home/runner/work/genderize/genderize/test/lib/index.ts",
              "file": "/test/lib/index.ts",
              "beforeHooks": [],
              "afterHooks": [],
              "tests": [
                {
                  "title": "should return null if no request was sent before",
                  "fullTitle": "Genderize limit() should return null if no request was sent before",
                  "timedOut": false,
                  "duration": 0,
                  "state": "passed",
                  "speed": "fast",
                  "pass": true,
                  "fail": false,
                  "pending": false,
                  "context": null,
                  "code": "import_assert.default.strictEqual(new import_lib.default().limit,null)",
                  "err": {},
                  "uuid": "b3c2e6c7-9c18-4e5e-916d-a878a3d27400",
                  "parentUUID": "5c548c4a-68c0-4039-b2f7-0bb202aa468d",
                  "isHook": false,
                  "skipped": false
                }
              ],
              "suites": [],
              "passes": [
                "b3c2e6c7-9c18-4e5e-916d-a878a3d27400"
              ],
              "failures": [],
              "pending": [],
              "skipped": [],
              "duration": 0,
              "root": false,
              "rootEmpty": false,
              "_timeout": 2000
            },
            {
              "uuid": "49f62bb0-f5be-4672-b19a-c0cc406380e6",
              "title": "getIntHeader()",
              "fullFile": "/home/runner/work/genderize/genderize/test/lib/index.ts",
              "file": "/test/lib/index.ts",
              "beforeHooks": [],
              "afterHooks": [],
              "tests": [
                {
                  "title": "should work with string",
                  "fullTitle": "Genderize getIntHeader() should work with string",
                  "timedOut": false,
                  "duration": 0,
                  "state": "passed",
                  "speed": "fast",
                  "pass": true,
                  "fail": false,
                  "pending": false,
                  "context": null,
                  "code": "import_assert.default.strictEqual(import_lib.default.getIntHeader(\"123\"),123)",
                  "err": {},
                  "uuid": "07c32246-8113-4848-abbc-3b274bad5916",
                  "parentUUID": "49f62bb0-f5be-4672-b19a-c0cc406380e6",
                  "isHook": false,
                  "skipped": false
                },
                {
                  "title": "should work with string[]",
                  "fullTitle": "Genderize getIntHeader() should work with string[]",
                  "timedOut": false,
                  "duration": 0,
                  "state": "passed",
                  "speed": "fast",
                  "pass": true,
                  "fail": false,
                  "pending": false,
                  "context": null,
                  "code": "import_assert.default.strictEqual(import_lib.default.getIntHeader([\"123\",\"456\"]),123)",
                  "err": {},
                  "uuid": "f192d2ad-5511-4f72-84d0-c4bc2966b024",
                  "parentUUID": "49f62bb0-f5be-4672-b19a-c0cc406380e6",
                  "isHook": false,
                  "skipped": false
                },
                {
                  "title": "should work with undefined",
                  "fullTitle": "Genderize getIntHeader() should work with undefined",
                  "timedOut": false,
                  "duration": 0,
                  "state": "passed",
                  "speed": "fast",
                  "pass": true,
                  "fail": false,
                  "pending": false,
                  "context": null,
                  "code": "import_assert.default.strictEqual(import_lib.default.getIntHeader(void 0),void 0)",
                  "err": {},
                  "uuid": "8fc95ebe-0d7d-421b-be4b-e60ba196b94b",
                  "parentUUID": "49f62bb0-f5be-4672-b19a-c0cc406380e6",
                  "isHook": false,
                  "skipped": false
                }
              ],
              "suites": [],
              "passes": [
                "07c32246-8113-4848-abbc-3b274bad5916",
                "f192d2ad-5511-4f72-84d0-c4bc2966b024",
                "8fc95ebe-0d7d-421b-be4b-e60ba196b94b"
              ],
              "failures": [],
              "pending": [],
              "skipped": [],
              "duration": 0,
              "root": false,
              "rootEmpty": false,
              "_timeout": 2000
            },
            {
              "uuid": "739bd081-8dc5-4556-be92-b17ac0806180",
              "title": "detect()",
              "fullFile": "/home/runner/work/genderize/genderize/test/lib/index.ts",
              "file": "/test/lib/index.ts",
              "beforeHooks": [],
              "afterHooks": [],
              "tests": [
                {
                  "title": "should work with single names",
                  "fullTitle": "Genderize detect() should work with single names",
                  "timedOut": false,
                  "duration": 562,
                  "state": "passed",
                  "speed": "slow",
                  "pass": true,
                  "fail": false,
                  "pending": false,
                  "context": null,
                  "code": "const g=new import_lib.default;const result=await g.predict(\"Max\");import_assert.default.equal(result.name,\"Max\");import_assert.default.equal(result.gender,\"male\");import_assert.default.equal(result.gender,import_lib.GenderizeGender.MALE);import_assert.default.ok(result.probability>.9,\"probability > 0.9\");import_assert.default.ok(result.count>1e4,\"count > 10000\");import_assert.default.ok(g.limit,\"limit is set\");import_assert.default.ok(g.limit.limit>0,\"limit > 0\");import_assert.default.ok(g.limit.remaining>0,\"remaining > 0\");import_assert.default.ok(g.limit.reset instanceof Date,\"reset is a Date\")",
                  "err": {},
                  "uuid": "6933da54-fa2a-4a6d-9273-9db5b8398554",
                  "parentUUID": "739bd081-8dc5-4556-be92-b17ac0806180",
                  "isHook": false,
                  "skipped": false
                },
                {
                  "title": "should work with multiple names",
                  "fullTitle": "Genderize detect() should work with multiple names",
                  "timedOut": false,
                  "duration": 76,
                  "state": "passed",
                  "speed": "slow",
                  "pass": true,
                  "fail": false,
                  "pending": false,
                  "context": null,
                  "code": "const g=new import_lib.default;const result=await g.predict([\"Moritz\",\"Lisa\"]);import_assert.default.equal(result.length,2);import_assert.default.equal(result[0].name,\"Moritz\");import_assert.default.equal(result[0].gender,\"male\");import_assert.default.equal(result[0].gender,import_lib.GenderizeGender.MALE);import_assert.default.ok(result[0].probability>.9,\"probability > 0.9\");import_assert.default.ok(result[0].count>1e4,\"count > 10000\");import_assert.default.equal(result[1].name,\"Lisa\");import_assert.default.equal(result[1].gender,\"female\");import_assert.default.equal(result[1].gender,import_lib.GenderizeGender.FEMALE);import_assert.default.ok(result[1].probability>.9,\"probability > 0.9\");import_assert.default.ok(result[1].count>1e4,\"count > 10000\");import_assert.default.ok(g.limit,\"limit is set\");import_assert.default.ok(g.limit.limit>0,\"limit > 0\");import_assert.default.ok(g.limit.remaining>0,\"remaining > 0\");import_assert.default.ok(g.limit.reset instanceof Date,\"reset is a Date\")",
                  "err": {},
                  "uuid": "704d04e1-448d-42f9-8305-ba0f5e7c1d6a",
                  "parentUUID": "739bd081-8dc5-4556-be92-b17ac0806180",
                  "isHook": false,
                  "skipped": false
                }
              ],
              "suites": [],
              "passes": [
                "6933da54-fa2a-4a6d-9273-9db5b8398554",
                "704d04e1-448d-42f9-8305-ba0f5e7c1d6a"
              ],
              "failures": [],
              "pending": [],
              "skipped": [],
              "duration": 638,
              "root": false,
              "rootEmpty": false,
              "_timeout": 10000
            }
          ],
          "passes": [],
          "failures": [],
          "pending": [],
          "skipped": [],
          "duration": 0,
          "root": false,
          "rootEmpty": false,
          "_timeout": 2000
        }
      ],
      "passes": [],
      "failures": [],
      "pending": [],
      "skipped": [],
      "duration": 0,
      "root": true,
      "rootEmpty": true,
      "_timeout": 2000
    }
  ],
  "meta": {
    "mocha": {
      "version": "11.7.2"
    },
    "mochawesome": {
      "options": {
        "quiet": false,
        "reportFilename": "mochawesome",
        "saveHtml": true,
        "saveJson": true,
        "consoleReporter": "spec",
        "useInlineDiffs": false,
        "code": true
      },
      "version": "7.1.4"
    },
    "marge": {
      "options": null,
      "version": "6.3.0"
    }
  }
}