{
  "stats": {
    "suites": 5,
    "tests": 11,
    "passes": 11,
    "pending": 0,
    "failures": 0,
    "start": "2022-12-07T11:09:54.777Z",
    "end": "2022-12-07T11:09:55.694Z",
    "duration": 917,
    "testsRegistered": 11,
    "passPercent": 100,
    "pendingPercent": 0,
    "other": 0,
    "hasOther": false,
    "skipped": 0,
    "hasSkipped": false
  },
  "results": [
    {
      "uuid": "6e60c419-2667-45f8-95ea-44f35dd37583",
      "title": "",
      "fullFile": "/home/runner/work/genderize/genderize/test/lib/index.ts",
      "file": "/test/lib/index.ts",
      "beforeHooks": [],
      "afterHooks": [],
      "tests": [],
      "suites": [
        {
          "uuid": "447cdb4f-05e2-457e-8880-418f379284e4",
          "title": "Genderize",
          "fullFile": "/home/runner/work/genderize/genderize/test/lib/index.ts",
          "file": "/test/lib/index.ts",
          "beforeHooks": [],
          "afterHooks": [],
          "tests": [],
          "suites": [
            {
              "uuid": "8ed77dcd-ff2a-4e9c-b3fe-f348bc585a4f",
              "title": "params()",
              "fullFile": "/home/runner/work/genderize/genderize/test/lib/index.ts",
              "file": "/test/lib/index.ts",
              "beforeHooks": [],
              "afterHooks": [],
              "tests": [
                {
                  "title": "should work with arrays",
                  "fullTitle": "Genderize params() should work with arrays",
                  "timedOut": false,
                  "duration": 0,
                  "state": "passed",
                  "speed": "fast",
                  "pass": true,
                  "fail": false,
                  "pending": false,
                  "context": null,
                  "code": "assert.equal(new Genderize().params(['Max', 'Lisa'], 'DE').toString(), 'name[]=Max&name[]=Lisa&country_id=DE');",
                  "err": {},
                  "uuid": "c202f692-11a7-4716-9cde-68662fe5af3c",
                  "parentUUID": "8ed77dcd-ff2a-4e9c-b3fe-f348bc585a4f",
                  "isHook": false,
                  "skipped": false
                },
                {
                  "title": "should work with single string",
                  "fullTitle": "Genderize params() should work with single string",
                  "timedOut": false,
                  "duration": 0,
                  "state": "passed",
                  "speed": "fast",
                  "pass": true,
                  "fail": false,
                  "pending": false,
                  "context": null,
                  "code": "assert.equal(new Genderize().params('Max').toString(), 'name=Max');",
                  "err": {},
                  "uuid": "899887a1-a2aa-4c14-ab1c-62841605a05f",
                  "parentUUID": "8ed77dcd-ff2a-4e9c-b3fe-f348bc585a4f",
                  "isHook": false,
                  "skipped": false
                },
                {
                  "title": "should throw an exception if no name was given",
                  "fullTitle": "Genderize params() should throw an exception if no name was given",
                  "timedOut": false,
                  "duration": 1,
                  "state": "passed",
                  "speed": "fast",
                  "pass": true,
                  "fail": false,
                  "pending": false,
                  "context": null,
                  "code": "assert.throws(() => {\n    new Genderize().params([]);\n}, /No name given, but at least one is required/);",
                  "err": {},
                  "uuid": "1f2b1f3a-394a-4464-a274-ef53eafd5a1b",
                  "parentUUID": "8ed77dcd-ff2a-4e9c-b3fe-f348bc585a4f",
                  "isHook": false,
                  "skipped": false
                },
                {
                  "title": "should throw an exception if > 10 names were given",
                  "fullTitle": "Genderize params() should throw an exception if > 10 names were given",
                  "timedOut": false,
                  "duration": 0,
                  "state": "passed",
                  "speed": "fast",
                  "pass": true,
                  "fail": false,
                  "pending": false,
                  "context": null,
                  "code": "assert.throws(() => {\n    new Genderize().params([\n        'James', 'Robert', 'John', 'Michael', 'David', 'William',\n        'Richard', 'Thomas', 'Christopher', 'Daniel', 'Paul'\n    ]);\n}, /Too many names given: 11 names provided, but 10 is the maximum allowed/);",
                  "err": {},
                  "uuid": "18b6aae9-1bd4-4a74-b396-b1a2279cee8b",
                  "parentUUID": "8ed77dcd-ff2a-4e9c-b3fe-f348bc585a4f",
                  "isHook": false,
                  "skipped": false
                },
                {
                  "title": "should add the apiKey if given",
                  "fullTitle": "Genderize params() should add the apiKey if given",
                  "timedOut": false,
                  "duration": 0,
                  "state": "passed",
                  "speed": "fast",
                  "pass": true,
                  "fail": false,
                  "pending": false,
                  "context": null,
                  "code": "assert.equal(new Genderize('hello-world').params(['Max', 'Lisa'], 'DE').toString(), 'name[]=Max&name[]=Lisa&country_id=DE&apikey=hello-world');",
                  "err": {},
                  "uuid": "5d63db91-85aa-44d0-ba82-313e38554ed8",
                  "parentUUID": "8ed77dcd-ff2a-4e9c-b3fe-f348bc585a4f",
                  "isHook": false,
                  "skipped": false
                }
              ],
              "suites": [],
              "passes": [
                "c202f692-11a7-4716-9cde-68662fe5af3c",
                "899887a1-a2aa-4c14-ab1c-62841605a05f",
                "1f2b1f3a-394a-4464-a274-ef53eafd5a1b",
                "18b6aae9-1bd4-4a74-b396-b1a2279cee8b",
                "5d63db91-85aa-44d0-ba82-313e38554ed8"
              ],
              "failures": [],
              "pending": [],
              "skipped": [],
              "duration": 1,
              "root": false,
              "rootEmpty": false,
              "_timeout": 2000
            },
            {
              "uuid": "0176bfd9-6eea-469f-a3a2-b554fce88ba6",
              "title": "limit()",
              "fullFile": "/home/runner/work/genderize/genderize/test/lib/index.ts",
              "file": "/test/lib/index.ts",
              "beforeHooks": [],
              "afterHooks": [],
              "tests": [
                {
                  "title": "should return null if no request was sent before",
                  "fullTitle": "Genderize limit() should return null if no request was sent before",
                  "timedOut": false,
                  "duration": 0,
                  "state": "passed",
                  "speed": "fast",
                  "pass": true,
                  "fail": false,
                  "pending": false,
                  "context": null,
                  "code": "assert.strictEqual(new Genderize().limit, null);",
                  "err": {},
                  "uuid": "9aa1a092-1575-4291-a19f-90e51a513ad6",
                  "parentUUID": "0176bfd9-6eea-469f-a3a2-b554fce88ba6",
                  "isHook": false,
                  "skipped": false
                }
              ],
              "suites": [],
              "passes": [
                "9aa1a092-1575-4291-a19f-90e51a513ad6"
              ],
              "failures": [],
              "pending": [],
              "skipped": [],
              "duration": 0,
              "root": false,
              "rootEmpty": false,
              "_timeout": 2000
            },
            {
              "uuid": "3f1752b2-75c6-46bc-99e5-c15a8df787d0",
              "title": "getIntHeader()",
              "fullFile": "/home/runner/work/genderize/genderize/test/lib/index.ts",
              "file": "/test/lib/index.ts",
              "beforeHooks": [],
              "afterHooks": [],
              "tests": [
                {
                  "title": "should work with string",
                  "fullTitle": "Genderize getIntHeader() should work with string",
                  "timedOut": false,
                  "duration": 0,
                  "state": "passed",
                  "speed": "fast",
                  "pass": true,
                  "fail": false,
                  "pending": false,
                  "context": null,
                  "code": "assert.strictEqual(Genderize.getIntHeader('123'), 123);",
                  "err": {},
                  "uuid": "42bdf1c8-177c-4307-a3f8-8d6a0f8e0e98",
                  "parentUUID": "3f1752b2-75c6-46bc-99e5-c15a8df787d0",
                  "isHook": false,
                  "skipped": false
                },
                {
                  "title": "should work with string[]",
                  "fullTitle": "Genderize getIntHeader() should work with string[]",
                  "timedOut": false,
                  "duration": 0,
                  "state": "passed",
                  "speed": "fast",
                  "pass": true,
                  "fail": false,
                  "pending": false,
                  "context": null,
                  "code": "assert.strictEqual(Genderize.getIntHeader(['123', '456']), 123);",
                  "err": {},
                  "uuid": "7158c88e-c177-40d9-93e9-03d85fcb7cd6",
                  "parentUUID": "3f1752b2-75c6-46bc-99e5-c15a8df787d0",
                  "isHook": false,
                  "skipped": false
                },
                {
                  "title": "should work with undefined",
                  "fullTitle": "Genderize getIntHeader() should work with undefined",
                  "timedOut": false,
                  "duration": 0,
                  "state": "passed",
                  "speed": "fast",
                  "pass": true,
                  "fail": false,
                  "pending": false,
                  "context": null,
                  "code": "assert.strictEqual(Genderize.getIntHeader(undefined), undefined);",
                  "err": {},
                  "uuid": "440a93c6-02ba-4711-a985-d084401b6cd3",
                  "parentUUID": "3f1752b2-75c6-46bc-99e5-c15a8df787d0",
                  "isHook": false,
                  "skipped": false
                }
              ],
              "suites": [],
              "passes": [
                "42bdf1c8-177c-4307-a3f8-8d6a0f8e0e98",
                "7158c88e-c177-40d9-93e9-03d85fcb7cd6",
                "440a93c6-02ba-4711-a985-d084401b6cd3"
              ],
              "failures": [],
              "pending": [],
              "skipped": [],
              "duration": 0,
              "root": false,
              "rootEmpty": false,
              "_timeout": 2000
            },
            {
              "uuid": "d12552cc-9585-42cd-ad9e-91940bbb9f1c",
              "title": "detect()",
              "fullFile": "/home/runner/work/genderize/genderize/test/lib/index.ts",
              "file": "/test/lib/index.ts",
              "beforeHooks": [],
              "afterHooks": [],
              "tests": [
                {
                  "title": "should work with single names",
                  "fullTitle": "Genderize detect() should work with single names",
                  "timedOut": false,
                  "duration": 507,
                  "state": "passed",
                  "speed": "slow",
                  "pass": true,
                  "fail": false,
                  "pending": false,
                  "context": null,
                  "code": "return __awaiter(this, void 0, void 0, function* () {\n    const g = new Genderize();\n    const result = yield g.predict('Max');\n    assert.equal(result.name, 'Max');\n    assert.equal(result.gender, 'male');\n    assert.equal(result.gender, GenderizeGender.MALE);\n    assert.ok(result.probability > 0.9, 'probability > 0.9');\n    assert.ok(result.count > 10000, 'count > 10000');\n    assert.ok(g.limit, 'limit is set');\n    assert.ok(g.limit.limit > 0, 'limit > 0');\n    assert.ok(g.limit.remaining > 0, 'remaining > 0');\n    assert.ok(g.limit.reset instanceof Date, 'reset is a Date');\n});",
                  "err": {},
                  "uuid": "b5f6397f-1cf2-4c93-bbf2-ceb20f57ca21",
                  "parentUUID": "d12552cc-9585-42cd-ad9e-91940bbb9f1c",
                  "isHook": false,
                  "skipped": false
                },
                {
                  "title": "should work with multiple names",
                  "fullTitle": "Genderize detect() should work with multiple names",
                  "timedOut": false,
                  "duration": 395,
                  "state": "passed",
                  "speed": "slow",
                  "pass": true,
                  "fail": false,
                  "pending": false,
                  "context": null,
                  "code": "return __awaiter(this, void 0, void 0, function* () {\n    const g = new Genderize();\n    const result = yield g.predict(['Moritz', 'Lisa']);\n    assert.equal(result.length, 2);\n    assert.equal(result[0].name, 'Moritz');\n    assert.equal(result[0].gender, 'male');\n    assert.equal(result[0].gender, GenderizeGender.MALE);\n    assert.ok(result[0].probability > 0.9, 'probability > 0.9');\n    assert.ok(result[0].count > 10000, 'count > 10000');\n    assert.equal(result[1].name, 'Lisa');\n    assert.equal(result[1].gender, 'female');\n    assert.equal(result[1].gender, GenderizeGender.FEMALE);\n    assert.ok(result[1].probability > 0.9, 'probability > 0.9');\n    assert.ok(result[1].count > 10000, 'count > 10000');\n    assert.ok(g.limit, 'limit is set');\n    assert.ok(g.limit.limit > 0, 'limit > 0');\n    assert.ok(g.limit.remaining > 0, 'remaining > 0');\n    assert.ok(g.limit.reset instanceof Date, 'reset is a Date');\n});",
                  "err": {},
                  "uuid": "64645f23-2311-4b4b-b23c-dd48ae0437d4",
                  "parentUUID": "d12552cc-9585-42cd-ad9e-91940bbb9f1c",
                  "isHook": false,
                  "skipped": false
                }
              ],
              "suites": [],
              "passes": [
                "b5f6397f-1cf2-4c93-bbf2-ceb20f57ca21",
                "64645f23-2311-4b4b-b23c-dd48ae0437d4"
              ],
              "failures": [],
              "pending": [],
              "skipped": [],
              "duration": 902,
              "root": false,
              "rootEmpty": false,
              "_timeout": 10000
            }
          ],
          "passes": [],
          "failures": [],
          "pending": [],
          "skipped": [],
          "duration": 0,
          "root": false,
          "rootEmpty": false,
          "_timeout": 2000
        }
      ],
      "passes": [],
      "failures": [],
      "pending": [],
      "skipped": [],
      "duration": 0,
      "root": true,
      "rootEmpty": true,
      "_timeout": 2000
    }
  ],
  "meta": {
    "mocha": {
      "version": "10.1.0"
    },
    "mochawesome": {
      "options": {
        "quiet": false,
        "reportFilename": "mochawesome",
        "saveHtml": true,
        "saveJson": true,
        "consoleReporter": "spec",
        "useInlineDiffs": false,
        "code": true
      },
      "version": "7.1.3"
    },
    "marge": {
      "options": null,
      "version": "6.2.0"
    }
  }
}