{
  "stats": {
    "suites": 5,
    "tests": 11,
    "passes": 11,
    "pending": 0,
    "failures": 0,
    "start": "2024-08-03T20:40:36.609Z",
    "end": "2024-08-03T20:40:37.412Z",
    "duration": 803,
    "testsRegistered": 11,
    "passPercent": 100,
    "pendingPercent": 0,
    "other": 0,
    "hasOther": false,
    "skipped": 0,
    "hasSkipped": false
  },
  "results": [
    {
      "uuid": "3a8768e3-a18a-4fa9-b0fc-fd562732a35d",
      "title": "",
      "fullFile": "/home/runner/work/genderize/genderize/test/lib/index.ts",
      "file": "/test/lib/index.ts",
      "beforeHooks": [],
      "afterHooks": [],
      "tests": [],
      "suites": [
        {
          "uuid": "4379144c-ab56-472f-bc31-694810f1d90d",
          "title": "Genderize",
          "fullFile": "/home/runner/work/genderize/genderize/test/lib/index.ts",
          "file": "/test/lib/index.ts",
          "beforeHooks": [],
          "afterHooks": [],
          "tests": [],
          "suites": [
            {
              "uuid": "ee88a7b6-8eab-4d87-8eeb-f65e8f4c02c9",
              "title": "params()",
              "fullFile": "/home/runner/work/genderize/genderize/test/lib/index.ts",
              "file": "/test/lib/index.ts",
              "beforeHooks": [],
              "afterHooks": [],
              "tests": [
                {
                  "title": "should work with arrays",
                  "fullTitle": "Genderize params() should work with arrays",
                  "timedOut": false,
                  "duration": 1,
                  "state": "passed",
                  "speed": "fast",
                  "pass": true,
                  "fail": false,
                  "pending": false,
                  "context": null,
                  "code": "assert.equal(new Genderize().params(['Max', 'Lisa'], 'DE').toString(), 'name[]=Max&name[]=Lisa&country_id=DE');",
                  "err": {},
                  "uuid": "b6d47eaf-48d6-4f60-9824-1722df45ff06",
                  "parentUUID": "ee88a7b6-8eab-4d87-8eeb-f65e8f4c02c9",
                  "isHook": false,
                  "skipped": false
                },
                {
                  "title": "should work with single string",
                  "fullTitle": "Genderize params() should work with single string",
                  "timedOut": false,
                  "duration": 1,
                  "state": "passed",
                  "speed": "fast",
                  "pass": true,
                  "fail": false,
                  "pending": false,
                  "context": null,
                  "code": "assert.equal(new Genderize().params('Max').toString(), 'name=Max');",
                  "err": {},
                  "uuid": "eb49a3ec-7ad4-44f9-af0e-4162798f3fbc",
                  "parentUUID": "ee88a7b6-8eab-4d87-8eeb-f65e8f4c02c9",
                  "isHook": false,
                  "skipped": false
                },
                {
                  "title": "should throw an exception if no name was given",
                  "fullTitle": "Genderize params() should throw an exception if no name was given",
                  "timedOut": false,
                  "duration": 0,
                  "state": "passed",
                  "speed": "fast",
                  "pass": true,
                  "fail": false,
                  "pending": false,
                  "context": null,
                  "code": "assert.throws(() => {\n    new Genderize().params([]);\n}, /No name given, but at least one is required/);",
                  "err": {},
                  "uuid": "21e0c524-d189-4a52-8672-6d3561d8f397",
                  "parentUUID": "ee88a7b6-8eab-4d87-8eeb-f65e8f4c02c9",
                  "isHook": false,
                  "skipped": false
                },
                {
                  "title": "should throw an exception if > 10 names were given",
                  "fullTitle": "Genderize params() should throw an exception if > 10 names were given",
                  "timedOut": false,
                  "duration": 0,
                  "state": "passed",
                  "speed": "fast",
                  "pass": true,
                  "fail": false,
                  "pending": false,
                  "context": null,
                  "code": "assert.throws(() => {\n    new Genderize().params([\n        'James', 'Robert', 'John', 'Michael', 'David', 'William',\n        'Richard', 'Thomas', 'Christopher', 'Daniel', 'Paul'\n    ]);\n}, /Too many names given: 11 names provided, but 10 is the maximum allowed/);",
                  "err": {},
                  "uuid": "4d63927b-17b3-4e33-99e8-8e2b7bd9cf71",
                  "parentUUID": "ee88a7b6-8eab-4d87-8eeb-f65e8f4c02c9",
                  "isHook": false,
                  "skipped": false
                },
                {
                  "title": "should add the apiKey if given",
                  "fullTitle": "Genderize params() should add the apiKey if given",
                  "timedOut": false,
                  "duration": 0,
                  "state": "passed",
                  "speed": "fast",
                  "pass": true,
                  "fail": false,
                  "pending": false,
                  "context": null,
                  "code": "assert.equal(new Genderize('hello-world').params(['Max', 'Lisa'], 'DE').toString(), 'name[]=Max&name[]=Lisa&country_id=DE&apikey=hello-world');",
                  "err": {},
                  "uuid": "928e82e2-3e8c-4513-85b0-f694996aceb9",
                  "parentUUID": "ee88a7b6-8eab-4d87-8eeb-f65e8f4c02c9",
                  "isHook": false,
                  "skipped": false
                }
              ],
              "suites": [],
              "passes": [
                "b6d47eaf-48d6-4f60-9824-1722df45ff06",
                "eb49a3ec-7ad4-44f9-af0e-4162798f3fbc",
                "21e0c524-d189-4a52-8672-6d3561d8f397",
                "4d63927b-17b3-4e33-99e8-8e2b7bd9cf71",
                "928e82e2-3e8c-4513-85b0-f694996aceb9"
              ],
              "failures": [],
              "pending": [],
              "skipped": [],
              "duration": 2,
              "root": false,
              "rootEmpty": false,
              "_timeout": 2000
            },
            {
              "uuid": "ad9bdc71-6c7e-41fa-8681-d36511ae3fd5",
              "title": "limit()",
              "fullFile": "/home/runner/work/genderize/genderize/test/lib/index.ts",
              "file": "/test/lib/index.ts",
              "beforeHooks": [],
              "afterHooks": [],
              "tests": [
                {
                  "title": "should return null if no request was sent before",
                  "fullTitle": "Genderize limit() should return null if no request was sent before",
                  "timedOut": false,
                  "duration": 0,
                  "state": "passed",
                  "speed": "fast",
                  "pass": true,
                  "fail": false,
                  "pending": false,
                  "context": null,
                  "code": "assert.strictEqual(new Genderize().limit, null);",
                  "err": {},
                  "uuid": "7dcbd8ab-19ff-40e4-b55c-757deb60117f",
                  "parentUUID": "ad9bdc71-6c7e-41fa-8681-d36511ae3fd5",
                  "isHook": false,
                  "skipped": false
                }
              ],
              "suites": [],
              "passes": [
                "7dcbd8ab-19ff-40e4-b55c-757deb60117f"
              ],
              "failures": [],
              "pending": [],
              "skipped": [],
              "duration": 0,
              "root": false,
              "rootEmpty": false,
              "_timeout": 2000
            },
            {
              "uuid": "5e72f7e5-6a4c-4c68-85b5-d03dc662909e",
              "title": "getIntHeader()",
              "fullFile": "/home/runner/work/genderize/genderize/test/lib/index.ts",
              "file": "/test/lib/index.ts",
              "beforeHooks": [],
              "afterHooks": [],
              "tests": [
                {
                  "title": "should work with string",
                  "fullTitle": "Genderize getIntHeader() should work with string",
                  "timedOut": false,
                  "duration": 0,
                  "state": "passed",
                  "speed": "fast",
                  "pass": true,
                  "fail": false,
                  "pending": false,
                  "context": null,
                  "code": "assert.strictEqual(Genderize.getIntHeader('123'), 123);",
                  "err": {},
                  "uuid": "5883306e-92a8-4feb-891e-1886c2fe159f",
                  "parentUUID": "5e72f7e5-6a4c-4c68-85b5-d03dc662909e",
                  "isHook": false,
                  "skipped": false
                },
                {
                  "title": "should work with string[]",
                  "fullTitle": "Genderize getIntHeader() should work with string[]",
                  "timedOut": false,
                  "duration": 0,
                  "state": "passed",
                  "speed": "fast",
                  "pass": true,
                  "fail": false,
                  "pending": false,
                  "context": null,
                  "code": "assert.strictEqual(Genderize.getIntHeader(['123', '456']), 123);",
                  "err": {},
                  "uuid": "20274707-2e25-4eee-b467-d761fb29f958",
                  "parentUUID": "5e72f7e5-6a4c-4c68-85b5-d03dc662909e",
                  "isHook": false,
                  "skipped": false
                },
                {
                  "title": "should work with undefined",
                  "fullTitle": "Genderize getIntHeader() should work with undefined",
                  "timedOut": false,
                  "duration": 0,
                  "state": "passed",
                  "speed": "fast",
                  "pass": true,
                  "fail": false,
                  "pending": false,
                  "context": null,
                  "code": "assert.strictEqual(Genderize.getIntHeader(undefined), undefined);",
                  "err": {},
                  "uuid": "cf617e0d-6f07-4bb0-85b6-a1b9375baa33",
                  "parentUUID": "5e72f7e5-6a4c-4c68-85b5-d03dc662909e",
                  "isHook": false,
                  "skipped": false
                }
              ],
              "suites": [],
              "passes": [
                "5883306e-92a8-4feb-891e-1886c2fe159f",
                "20274707-2e25-4eee-b467-d761fb29f958",
                "cf617e0d-6f07-4bb0-85b6-a1b9375baa33"
              ],
              "failures": [],
              "pending": [],
              "skipped": [],
              "duration": 0,
              "root": false,
              "rootEmpty": false,
              "_timeout": 2000
            },
            {
              "uuid": "6a091942-cd51-4a87-b5dd-8629e2f06edc",
              "title": "detect()",
              "fullFile": "/home/runner/work/genderize/genderize/test/lib/index.ts",
              "file": "/test/lib/index.ts",
              "beforeHooks": [],
              "afterHooks": [],
              "tests": [
                {
                  "title": "should work with single names",
                  "fullTitle": "Genderize detect() should work with single names",
                  "timedOut": false,
                  "duration": 706,
                  "state": "passed",
                  "speed": "slow",
                  "pass": true,
                  "fail": false,
                  "pending": false,
                  "context": null,
                  "code": "const g = new Genderize();\nconst result = await g.predict('Max');\nassert.equal(result.name, 'Max');\nassert.equal(result.gender, 'male');\nassert.equal(result.gender, GenderizeGender.MALE);\nassert.ok(result.probability > 0.9, 'probability > 0.9');\nassert.ok(result.count > 10000, 'count > 10000');\nassert.ok(g.limit, 'limit is set');\nassert.ok(g.limit.limit > 0, 'limit > 0');\nassert.ok(g.limit.remaining > 0, 'remaining > 0');\nassert.ok(g.limit.reset instanceof Date, 'reset is a Date');",
                  "err": {},
                  "uuid": "545dc5c2-84e4-49f3-9328-631be6be6b92",
                  "parentUUID": "6a091942-cd51-4a87-b5dd-8629e2f06edc",
                  "isHook": false,
                  "skipped": false
                },
                {
                  "title": "should work with multiple names",
                  "fullTitle": "Genderize detect() should work with multiple names",
                  "timedOut": false,
                  "duration": 89,
                  "state": "passed",
                  "speed": "slow",
                  "pass": true,
                  "fail": false,
                  "pending": false,
                  "context": null,
                  "code": "const g = new Genderize();\nconst result = await g.predict(['Moritz', 'Lisa']);\nassert.equal(result.length, 2);\nassert.equal(result[0].name, 'Moritz');\nassert.equal(result[0].gender, 'male');\nassert.equal(result[0].gender, GenderizeGender.MALE);\nassert.ok(result[0].probability > 0.9, 'probability > 0.9');\nassert.ok(result[0].count > 10000, 'count > 10000');\nassert.equal(result[1].name, 'Lisa');\nassert.equal(result[1].gender, 'female');\nassert.equal(result[1].gender, GenderizeGender.FEMALE);\nassert.ok(result[1].probability > 0.9, 'probability > 0.9');\nassert.ok(result[1].count > 10000, 'count > 10000');\nassert.ok(g.limit, 'limit is set');\nassert.ok(g.limit.limit > 0, 'limit > 0');\nassert.ok(g.limit.remaining > 0, 'remaining > 0');\nassert.ok(g.limit.reset instanceof Date, 'reset is a Date');",
                  "err": {},
                  "uuid": "b684ddaf-2f74-4f04-bfc4-ad6bb17a5bd8",
                  "parentUUID": "6a091942-cd51-4a87-b5dd-8629e2f06edc",
                  "isHook": false,
                  "skipped": false
                }
              ],
              "suites": [],
              "passes": [
                "545dc5c2-84e4-49f3-9328-631be6be6b92",
                "b684ddaf-2f74-4f04-bfc4-ad6bb17a5bd8"
              ],
              "failures": [],
              "pending": [],
              "skipped": [],
              "duration": 795,
              "root": false,
              "rootEmpty": false,
              "_timeout": 10000
            }
          ],
          "passes": [],
          "failures": [],
          "pending": [],
          "skipped": [],
          "duration": 0,
          "root": false,
          "rootEmpty": false,
          "_timeout": 2000
        }
      ],
      "passes": [],
      "failures": [],
      "pending": [],
      "skipped": [],
      "duration": 0,
      "root": true,
      "rootEmpty": true,
      "_timeout": 2000
    }
  ],
  "meta": {
    "mocha": {
      "version": "10.7.0"
    },
    "mochawesome": {
      "options": {
        "quiet": false,
        "reportFilename": "mochawesome",
        "saveHtml": true,
        "saveJson": true,
        "consoleReporter": "spec",
        "useInlineDiffs": false,
        "code": true
      },
      "version": "7.1.3"
    },
    "marge": {
      "options": null,
      "version": "6.2.0"
    }
  }
}