{
  "stats": {
    "suites": 5,
    "tests": 11,
    "passes": 11,
    "pending": 0,
    "failures": 0,
    "start": "2024-04-02T08:19:31.353Z",
    "end": "2024-04-02T08:19:31.855Z",
    "duration": 502,
    "testsRegistered": 11,
    "passPercent": 100,
    "pendingPercent": 0,
    "other": 0,
    "hasOther": false,
    "skipped": 0,
    "hasSkipped": false
  },
  "results": [
    {
      "uuid": "11864b50-f90d-4fee-b9da-2e48e533db5b",
      "title": "",
      "fullFile": "/home/runner/work/genderize/genderize/test/lib/index.ts",
      "file": "/test/lib/index.ts",
      "beforeHooks": [],
      "afterHooks": [],
      "tests": [],
      "suites": [
        {
          "uuid": "b7e552e4-f876-4a72-9ec0-9136465cc770",
          "title": "Genderize",
          "fullFile": "/home/runner/work/genderize/genderize/test/lib/index.ts",
          "file": "/test/lib/index.ts",
          "beforeHooks": [],
          "afterHooks": [],
          "tests": [],
          "suites": [
            {
              "uuid": "c775ee4d-10f1-49a5-b7dd-01a97e26f348",
              "title": "params()",
              "fullFile": "/home/runner/work/genderize/genderize/test/lib/index.ts",
              "file": "/test/lib/index.ts",
              "beforeHooks": [],
              "afterHooks": [],
              "tests": [
                {
                  "title": "should work with arrays",
                  "fullTitle": "Genderize params() should work with arrays",
                  "timedOut": false,
                  "duration": 1,
                  "state": "passed",
                  "speed": "fast",
                  "pass": true,
                  "fail": false,
                  "pending": false,
                  "context": null,
                  "code": "assert.equal(new Genderize().params(['Max', 'Lisa'], 'DE').toString(), 'name[]=Max&name[]=Lisa&country_id=DE');",
                  "err": {},
                  "uuid": "05e4eaf5-4d3c-4aea-9c76-44adb3bb4ed7",
                  "parentUUID": "c775ee4d-10f1-49a5-b7dd-01a97e26f348",
                  "isHook": false,
                  "skipped": false
                },
                {
                  "title": "should work with single string",
                  "fullTitle": "Genderize params() should work with single string",
                  "timedOut": false,
                  "duration": 0,
                  "state": "passed",
                  "speed": "fast",
                  "pass": true,
                  "fail": false,
                  "pending": false,
                  "context": null,
                  "code": "assert.equal(new Genderize().params('Max').toString(), 'name=Max');",
                  "err": {},
                  "uuid": "f12b9e48-f0db-4fab-8ba4-2aad1e7a5a9c",
                  "parentUUID": "c775ee4d-10f1-49a5-b7dd-01a97e26f348",
                  "isHook": false,
                  "skipped": false
                },
                {
                  "title": "should throw an exception if no name was given",
                  "fullTitle": "Genderize params() should throw an exception if no name was given",
                  "timedOut": false,
                  "duration": 0,
                  "state": "passed",
                  "speed": "fast",
                  "pass": true,
                  "fail": false,
                  "pending": false,
                  "context": null,
                  "code": "assert.throws(() => {\n    new Genderize().params([]);\n}, /No name given, but at least one is required/);",
                  "err": {},
                  "uuid": "e0a9d572-f9fb-4ba6-b685-1c9ce2860b0b",
                  "parentUUID": "c775ee4d-10f1-49a5-b7dd-01a97e26f348",
                  "isHook": false,
                  "skipped": false
                },
                {
                  "title": "should throw an exception if > 10 names were given",
                  "fullTitle": "Genderize params() should throw an exception if > 10 names were given",
                  "timedOut": false,
                  "duration": 0,
                  "state": "passed",
                  "speed": "fast",
                  "pass": true,
                  "fail": false,
                  "pending": false,
                  "context": null,
                  "code": "assert.throws(() => {\n    new Genderize().params([\n        'James', 'Robert', 'John', 'Michael', 'David', 'William',\n        'Richard', 'Thomas', 'Christopher', 'Daniel', 'Paul'\n    ]);\n}, /Too many names given: 11 names provided, but 10 is the maximum allowed/);",
                  "err": {},
                  "uuid": "0ca77459-2449-4753-a768-da18724788e5",
                  "parentUUID": "c775ee4d-10f1-49a5-b7dd-01a97e26f348",
                  "isHook": false,
                  "skipped": false
                },
                {
                  "title": "should add the apiKey if given",
                  "fullTitle": "Genderize params() should add the apiKey if given",
                  "timedOut": false,
                  "duration": 0,
                  "state": "passed",
                  "speed": "fast",
                  "pass": true,
                  "fail": false,
                  "pending": false,
                  "context": null,
                  "code": "assert.equal(new Genderize('hello-world').params(['Max', 'Lisa'], 'DE').toString(), 'name[]=Max&name[]=Lisa&country_id=DE&apikey=hello-world');",
                  "err": {},
                  "uuid": "a20a38fc-eb1e-4743-a265-4a3cde0541ab",
                  "parentUUID": "c775ee4d-10f1-49a5-b7dd-01a97e26f348",
                  "isHook": false,
                  "skipped": false
                }
              ],
              "suites": [],
              "passes": [
                "05e4eaf5-4d3c-4aea-9c76-44adb3bb4ed7",
                "f12b9e48-f0db-4fab-8ba4-2aad1e7a5a9c",
                "e0a9d572-f9fb-4ba6-b685-1c9ce2860b0b",
                "0ca77459-2449-4753-a768-da18724788e5",
                "a20a38fc-eb1e-4743-a265-4a3cde0541ab"
              ],
              "failures": [],
              "pending": [],
              "skipped": [],
              "duration": 1,
              "root": false,
              "rootEmpty": false,
              "_timeout": 2000
            },
            {
              "uuid": "7748b179-d493-4323-af01-94cb52e69f54",
              "title": "limit()",
              "fullFile": "/home/runner/work/genderize/genderize/test/lib/index.ts",
              "file": "/test/lib/index.ts",
              "beforeHooks": [],
              "afterHooks": [],
              "tests": [
                {
                  "title": "should return null if no request was sent before",
                  "fullTitle": "Genderize limit() should return null if no request was sent before",
                  "timedOut": false,
                  "duration": 0,
                  "state": "passed",
                  "speed": "fast",
                  "pass": true,
                  "fail": false,
                  "pending": false,
                  "context": null,
                  "code": "assert.strictEqual(new Genderize().limit, null);",
                  "err": {},
                  "uuid": "3a0a0a50-3fe4-4294-ae16-2a74b9910a94",
                  "parentUUID": "7748b179-d493-4323-af01-94cb52e69f54",
                  "isHook": false,
                  "skipped": false
                }
              ],
              "suites": [],
              "passes": [
                "3a0a0a50-3fe4-4294-ae16-2a74b9910a94"
              ],
              "failures": [],
              "pending": [],
              "skipped": [],
              "duration": 0,
              "root": false,
              "rootEmpty": false,
              "_timeout": 2000
            },
            {
              "uuid": "122a0501-bf2c-4b5f-a780-66dfe98ab759",
              "title": "getIntHeader()",
              "fullFile": "/home/runner/work/genderize/genderize/test/lib/index.ts",
              "file": "/test/lib/index.ts",
              "beforeHooks": [],
              "afterHooks": [],
              "tests": [
                {
                  "title": "should work with string",
                  "fullTitle": "Genderize getIntHeader() should work with string",
                  "timedOut": false,
                  "duration": 0,
                  "state": "passed",
                  "speed": "fast",
                  "pass": true,
                  "fail": false,
                  "pending": false,
                  "context": null,
                  "code": "assert.strictEqual(Genderize.getIntHeader('123'), 123);",
                  "err": {},
                  "uuid": "1d8e9f4e-4a99-4c08-a340-2d451224acd4",
                  "parentUUID": "122a0501-bf2c-4b5f-a780-66dfe98ab759",
                  "isHook": false,
                  "skipped": false
                },
                {
                  "title": "should work with string[]",
                  "fullTitle": "Genderize getIntHeader() should work with string[]",
                  "timedOut": false,
                  "duration": 0,
                  "state": "passed",
                  "speed": "fast",
                  "pass": true,
                  "fail": false,
                  "pending": false,
                  "context": null,
                  "code": "assert.strictEqual(Genderize.getIntHeader(['123', '456']), 123);",
                  "err": {},
                  "uuid": "648844cc-7ea8-4002-a1b7-66edeb2594a1",
                  "parentUUID": "122a0501-bf2c-4b5f-a780-66dfe98ab759",
                  "isHook": false,
                  "skipped": false
                },
                {
                  "title": "should work with undefined",
                  "fullTitle": "Genderize getIntHeader() should work with undefined",
                  "timedOut": false,
                  "duration": 0,
                  "state": "passed",
                  "speed": "fast",
                  "pass": true,
                  "fail": false,
                  "pending": false,
                  "context": null,
                  "code": "assert.strictEqual(Genderize.getIntHeader(undefined), undefined);",
                  "err": {},
                  "uuid": "d29a3776-0860-4ef2-a8eb-d1d4a6124344",
                  "parentUUID": "122a0501-bf2c-4b5f-a780-66dfe98ab759",
                  "isHook": false,
                  "skipped": false
                }
              ],
              "suites": [],
              "passes": [
                "1d8e9f4e-4a99-4c08-a340-2d451224acd4",
                "648844cc-7ea8-4002-a1b7-66edeb2594a1",
                "d29a3776-0860-4ef2-a8eb-d1d4a6124344"
              ],
              "failures": [],
              "pending": [],
              "skipped": [],
              "duration": 0,
              "root": false,
              "rootEmpty": false,
              "_timeout": 2000
            },
            {
              "uuid": "7a338220-8620-4c82-aca7-f52e5f2483b0",
              "title": "detect()",
              "fullFile": "/home/runner/work/genderize/genderize/test/lib/index.ts",
              "file": "/test/lib/index.ts",
              "beforeHooks": [],
              "afterHooks": [],
              "tests": [
                {
                  "title": "should work with single names",
                  "fullTitle": "Genderize detect() should work with single names",
                  "timedOut": false,
                  "duration": 449,
                  "state": "passed",
                  "speed": "slow",
                  "pass": true,
                  "fail": false,
                  "pending": false,
                  "context": null,
                  "code": "return __awaiter(this, void 0, void 0, function* () {\n    const g = new Genderize();\n    const result = yield g.predict('Max');\n    assert.equal(result.name, 'Max');\n    assert.equal(result.gender, 'male');\n    assert.equal(result.gender, GenderizeGender.MALE);\n    assert.ok(result.probability > 0.9, 'probability > 0.9');\n    assert.ok(result.count > 10000, 'count > 10000');\n    assert.ok(g.limit, 'limit is set');\n    assert.ok(g.limit.limit > 0, 'limit > 0');\n    assert.ok(g.limit.remaining > 0, 'remaining > 0');\n    assert.ok(g.limit.reset instanceof Date, 'reset is a Date');\n});",
                  "err": {},
                  "uuid": "58a2b67c-547c-46f4-bf7e-34c4c2d2f3cc",
                  "parentUUID": "7a338220-8620-4c82-aca7-f52e5f2483b0",
                  "isHook": false,
                  "skipped": false
                },
                {
                  "title": "should work with multiple names",
                  "fullTitle": "Genderize detect() should work with multiple names",
                  "timedOut": false,
                  "duration": 45,
                  "state": "passed",
                  "speed": "medium",
                  "pass": true,
                  "fail": false,
                  "pending": false,
                  "context": null,
                  "code": "return __awaiter(this, void 0, void 0, function* () {\n    const g = new Genderize();\n    const result = yield g.predict(['Moritz', 'Lisa']);\n    assert.equal(result.length, 2);\n    assert.equal(result[0].name, 'Moritz');\n    assert.equal(result[0].gender, 'male');\n    assert.equal(result[0].gender, GenderizeGender.MALE);\n    assert.ok(result[0].probability > 0.9, 'probability > 0.9');\n    assert.ok(result[0].count > 10000, 'count > 10000');\n    assert.equal(result[1].name, 'Lisa');\n    assert.equal(result[1].gender, 'female');\n    assert.equal(result[1].gender, GenderizeGender.FEMALE);\n    assert.ok(result[1].probability > 0.9, 'probability > 0.9');\n    assert.ok(result[1].count > 10000, 'count > 10000');\n    assert.ok(g.limit, 'limit is set');\n    assert.ok(g.limit.limit > 0, 'limit > 0');\n    assert.ok(g.limit.remaining > 0, 'remaining > 0');\n    assert.ok(g.limit.reset instanceof Date, 'reset is a Date');\n});",
                  "err": {},
                  "uuid": "af880beb-3489-4207-bae3-0f2183e96d53",
                  "parentUUID": "7a338220-8620-4c82-aca7-f52e5f2483b0",
                  "isHook": false,
                  "skipped": false
                }
              ],
              "suites": [],
              "passes": [
                "58a2b67c-547c-46f4-bf7e-34c4c2d2f3cc",
                "af880beb-3489-4207-bae3-0f2183e96d53"
              ],
              "failures": [],
              "pending": [],
              "skipped": [],
              "duration": 494,
              "root": false,
              "rootEmpty": false,
              "_timeout": 10000
            }
          ],
          "passes": [],
          "failures": [],
          "pending": [],
          "skipped": [],
          "duration": 0,
          "root": false,
          "rootEmpty": false,
          "_timeout": 2000
        }
      ],
      "passes": [],
      "failures": [],
      "pending": [],
      "skipped": [],
      "duration": 0,
      "root": true,
      "rootEmpty": true,
      "_timeout": 2000
    }
  ],
  "meta": {
    "mocha": {
      "version": "10.3.0"
    },
    "mochawesome": {
      "options": {
        "quiet": false,
        "reportFilename": "mochawesome",
        "saveHtml": true,
        "saveJson": true,
        "consoleReporter": "spec",
        "useInlineDiffs": false,
        "code": true
      },
      "version": "7.1.3"
    },
    "marge": {
      "options": null,
      "version": "6.2.0"
    }
  }
}