{
  "stats": {
    "suites": 5,
    "tests": 11,
    "passes": 11,
    "pending": 0,
    "failures": 0,
    "start": "2025-09-17T16:21:15.880Z",
    "end": "2025-09-17T16:21:16.527Z",
    "duration": 647,
    "testsRegistered": 11,
    "passPercent": 100,
    "pendingPercent": 0,
    "other": 0,
    "hasOther": false,
    "skipped": 0,
    "hasSkipped": false
  },
  "results": [
    {
      "uuid": "f15f2a43-50fb-4799-906a-3b5b887177a3",
      "title": "",
      "fullFile": "/home/runner/work/genderize/genderize/test/lib/index.ts",
      "file": "/test/lib/index.ts",
      "beforeHooks": [],
      "afterHooks": [],
      "tests": [],
      "suites": [
        {
          "uuid": "a0bd8ac8-172d-4bcb-816b-1b6edd515afc",
          "title": "Genderize",
          "fullFile": "/home/runner/work/genderize/genderize/test/lib/index.ts",
          "file": "/test/lib/index.ts",
          "beforeHooks": [],
          "afterHooks": [],
          "tests": [],
          "suites": [
            {
              "uuid": "16477042-df47-4dfd-9fba-1d103859f08c",
              "title": "params()",
              "fullFile": "/home/runner/work/genderize/genderize/test/lib/index.ts",
              "file": "/test/lib/index.ts",
              "beforeHooks": [],
              "afterHooks": [],
              "tests": [
                {
                  "title": "should work with arrays",
                  "fullTitle": "Genderize params() should work with arrays",
                  "timedOut": false,
                  "duration": 1,
                  "state": "passed",
                  "speed": "fast",
                  "pass": true,
                  "fail": false,
                  "pending": false,
                  "context": null,
                  "code": "import_assert.default.equal(new import_lib.default().params([\"Max\",\"Lisa\"],\"DE\").toString(),\"name[]=Max&name[]=Lisa&country_id=DE\")",
                  "err": {},
                  "uuid": "9256db2e-b226-4392-a330-671c0f999d77",
                  "parentUUID": "16477042-df47-4dfd-9fba-1d103859f08c",
                  "isHook": false,
                  "skipped": false
                },
                {
                  "title": "should work with single string",
                  "fullTitle": "Genderize params() should work with single string",
                  "timedOut": false,
                  "duration": 0,
                  "state": "passed",
                  "speed": "fast",
                  "pass": true,
                  "fail": false,
                  "pending": false,
                  "context": null,
                  "code": "import_assert.default.equal(new import_lib.default().params(\"Max\").toString(),\"name=Max\")",
                  "err": {},
                  "uuid": "c045ff52-6978-4966-b6f7-6e491879b6fc",
                  "parentUUID": "16477042-df47-4dfd-9fba-1d103859f08c",
                  "isHook": false,
                  "skipped": false
                },
                {
                  "title": "should throw an exception if no name was given",
                  "fullTitle": "Genderize params() should throw an exception if no name was given",
                  "timedOut": false,
                  "duration": 1,
                  "state": "passed",
                  "speed": "fast",
                  "pass": true,
                  "fail": false,
                  "pending": false,
                  "context": null,
                  "code": "import_assert.default.throws(()=>{new import_lib.default().params([])},/No name given, but at least one is required/)",
                  "err": {},
                  "uuid": "1f3f91ac-c26e-4d0a-8454-0c1553c71635",
                  "parentUUID": "16477042-df47-4dfd-9fba-1d103859f08c",
                  "isHook": false,
                  "skipped": false
                },
                {
                  "title": "should throw an exception if > 10 names were given",
                  "fullTitle": "Genderize params() should throw an exception if > 10 names were given",
                  "timedOut": false,
                  "duration": 0,
                  "state": "passed",
                  "speed": "fast",
                  "pass": true,
                  "fail": false,
                  "pending": false,
                  "context": null,
                  "code": "import_assert.default.throws(()=>{new import_lib.default().params([\"James\",\"Robert\",\"John\",\"Michael\",\"David\",\"William\",\"Richard\",\"Thomas\",\"Christopher\",\"Daniel\",\"Paul\"])},/Too many names given: 11 names provided, but 10 is the maximum allowed/)",
                  "err": {},
                  "uuid": "b3b868d2-7307-4a16-87be-2d3c6743cf04",
                  "parentUUID": "16477042-df47-4dfd-9fba-1d103859f08c",
                  "isHook": false,
                  "skipped": false
                },
                {
                  "title": "should add the apiKey if given",
                  "fullTitle": "Genderize params() should add the apiKey if given",
                  "timedOut": false,
                  "duration": 0,
                  "state": "passed",
                  "speed": "fast",
                  "pass": true,
                  "fail": false,
                  "pending": false,
                  "context": null,
                  "code": "import_assert.default.equal(new import_lib.default(\"hello-world\").params([\"Max\",\"Lisa\"],\"DE\").toString(),\"name[]=Max&name[]=Lisa&country_id=DE&apikey=hello-world\")",
                  "err": {},
                  "uuid": "51404fc4-dd13-48dd-a817-3851608375c1",
                  "parentUUID": "16477042-df47-4dfd-9fba-1d103859f08c",
                  "isHook": false,
                  "skipped": false
                }
              ],
              "suites": [],
              "passes": [
                "9256db2e-b226-4392-a330-671c0f999d77",
                "c045ff52-6978-4966-b6f7-6e491879b6fc",
                "1f3f91ac-c26e-4d0a-8454-0c1553c71635",
                "b3b868d2-7307-4a16-87be-2d3c6743cf04",
                "51404fc4-dd13-48dd-a817-3851608375c1"
              ],
              "failures": [],
              "pending": [],
              "skipped": [],
              "duration": 2,
              "root": false,
              "rootEmpty": false,
              "_timeout": 2000
            },
            {
              "uuid": "43e33c3b-cea6-4854-b636-b90456decb88",
              "title": "limit()",
              "fullFile": "/home/runner/work/genderize/genderize/test/lib/index.ts",
              "file": "/test/lib/index.ts",
              "beforeHooks": [],
              "afterHooks": [],
              "tests": [
                {
                  "title": "should return null if no request was sent before",
                  "fullTitle": "Genderize limit() should return null if no request was sent before",
                  "timedOut": false,
                  "duration": 0,
                  "state": "passed",
                  "speed": "fast",
                  "pass": true,
                  "fail": false,
                  "pending": false,
                  "context": null,
                  "code": "import_assert.default.strictEqual(new import_lib.default().limit,null)",
                  "err": {},
                  "uuid": "294030ef-da68-4486-bed6-eef28f3c2ecc",
                  "parentUUID": "43e33c3b-cea6-4854-b636-b90456decb88",
                  "isHook": false,
                  "skipped": false
                }
              ],
              "suites": [],
              "passes": [
                "294030ef-da68-4486-bed6-eef28f3c2ecc"
              ],
              "failures": [],
              "pending": [],
              "skipped": [],
              "duration": 0,
              "root": false,
              "rootEmpty": false,
              "_timeout": 2000
            },
            {
              "uuid": "4d3e68f0-b074-42fa-904f-5c273f5f4c8e",
              "title": "getIntHeader()",
              "fullFile": "/home/runner/work/genderize/genderize/test/lib/index.ts",
              "file": "/test/lib/index.ts",
              "beforeHooks": [],
              "afterHooks": [],
              "tests": [
                {
                  "title": "should work with string",
                  "fullTitle": "Genderize getIntHeader() should work with string",
                  "timedOut": false,
                  "duration": 0,
                  "state": "passed",
                  "speed": "fast",
                  "pass": true,
                  "fail": false,
                  "pending": false,
                  "context": null,
                  "code": "import_assert.default.strictEqual(import_lib.default.getIntHeader(\"123\"),123)",
                  "err": {},
                  "uuid": "c84c46ac-fb66-4d96-9027-c03baecb8b03",
                  "parentUUID": "4d3e68f0-b074-42fa-904f-5c273f5f4c8e",
                  "isHook": false,
                  "skipped": false
                },
                {
                  "title": "should work with string[]",
                  "fullTitle": "Genderize getIntHeader() should work with string[]",
                  "timedOut": false,
                  "duration": 0,
                  "state": "passed",
                  "speed": "fast",
                  "pass": true,
                  "fail": false,
                  "pending": false,
                  "context": null,
                  "code": "import_assert.default.strictEqual(import_lib.default.getIntHeader([\"123\",\"456\"]),123)",
                  "err": {},
                  "uuid": "a4b96995-e58d-4ba1-9505-f54062d86dd9",
                  "parentUUID": "4d3e68f0-b074-42fa-904f-5c273f5f4c8e",
                  "isHook": false,
                  "skipped": false
                },
                {
                  "title": "should work with undefined",
                  "fullTitle": "Genderize getIntHeader() should work with undefined",
                  "timedOut": false,
                  "duration": 0,
                  "state": "passed",
                  "speed": "fast",
                  "pass": true,
                  "fail": false,
                  "pending": false,
                  "context": null,
                  "code": "import_assert.default.strictEqual(import_lib.default.getIntHeader(void 0),void 0)",
                  "err": {},
                  "uuid": "4d129a2a-67c6-4f30-911b-7b45da588361",
                  "parentUUID": "4d3e68f0-b074-42fa-904f-5c273f5f4c8e",
                  "isHook": false,
                  "skipped": false
                }
              ],
              "suites": [],
              "passes": [
                "c84c46ac-fb66-4d96-9027-c03baecb8b03",
                "a4b96995-e58d-4ba1-9505-f54062d86dd9",
                "4d129a2a-67c6-4f30-911b-7b45da588361"
              ],
              "failures": [],
              "pending": [],
              "skipped": [],
              "duration": 0,
              "root": false,
              "rootEmpty": false,
              "_timeout": 2000
            },
            {
              "uuid": "946fe397-03bc-411d-b7a0-f09702760694",
              "title": "detect()",
              "fullFile": "/home/runner/work/genderize/genderize/test/lib/index.ts",
              "file": "/test/lib/index.ts",
              "beforeHooks": [],
              "afterHooks": [],
              "tests": [
                {
                  "title": "should work with single names",
                  "fullTitle": "Genderize detect() should work with single names",
                  "timedOut": false,
                  "duration": 557,
                  "state": "passed",
                  "speed": "slow",
                  "pass": true,
                  "fail": false,
                  "pending": false,
                  "context": null,
                  "code": "const g=new import_lib.default;const result=await g.predict(\"Max\");import_assert.default.equal(result.name,\"Max\");import_assert.default.equal(result.gender,\"male\");import_assert.default.equal(result.gender,import_lib.GenderizeGender.MALE);import_assert.default.ok(result.probability>.9,\"probability > 0.9\");import_assert.default.ok(result.count>1e4,\"count > 10000\");import_assert.default.ok(g.limit,\"limit is set\");import_assert.default.ok(g.limit.limit>0,\"limit > 0\");import_assert.default.ok(g.limit.remaining>0,\"remaining > 0\");import_assert.default.ok(g.limit.reset instanceof Date,\"reset is a Date\")",
                  "err": {},
                  "uuid": "116fc9b2-5643-47e6-b21e-01d82087b515",
                  "parentUUID": "946fe397-03bc-411d-b7a0-f09702760694",
                  "isHook": false,
                  "skipped": false
                },
                {
                  "title": "should work with multiple names",
                  "fullTitle": "Genderize detect() should work with multiple names",
                  "timedOut": false,
                  "duration": 78,
                  "state": "passed",
                  "speed": "slow",
                  "pass": true,
                  "fail": false,
                  "pending": false,
                  "context": null,
                  "code": "const g=new import_lib.default;const result=await g.predict([\"Moritz\",\"Lisa\"]);import_assert.default.equal(result.length,2);import_assert.default.equal(result[0].name,\"Moritz\");import_assert.default.equal(result[0].gender,\"male\");import_assert.default.equal(result[0].gender,import_lib.GenderizeGender.MALE);import_assert.default.ok(result[0].probability>.9,\"probability > 0.9\");import_assert.default.ok(result[0].count>1e4,\"count > 10000\");import_assert.default.equal(result[1].name,\"Lisa\");import_assert.default.equal(result[1].gender,\"female\");import_assert.default.equal(result[1].gender,import_lib.GenderizeGender.FEMALE);import_assert.default.ok(result[1].probability>.9,\"probability > 0.9\");import_assert.default.ok(result[1].count>1e4,\"count > 10000\");import_assert.default.ok(g.limit,\"limit is set\");import_assert.default.ok(g.limit.limit>0,\"limit > 0\");import_assert.default.ok(g.limit.remaining>0,\"remaining > 0\");import_assert.default.ok(g.limit.reset instanceof Date,\"reset is a Date\")",
                  "err": {},
                  "uuid": "480631fe-b29e-4515-afe8-ef03ff983e7e",
                  "parentUUID": "946fe397-03bc-411d-b7a0-f09702760694",
                  "isHook": false,
                  "skipped": false
                }
              ],
              "suites": [],
              "passes": [
                "116fc9b2-5643-47e6-b21e-01d82087b515",
                "480631fe-b29e-4515-afe8-ef03ff983e7e"
              ],
              "failures": [],
              "pending": [],
              "skipped": [],
              "duration": 635,
              "root": false,
              "rootEmpty": false,
              "_timeout": 10000
            }
          ],
          "passes": [],
          "failures": [],
          "pending": [],
          "skipped": [],
          "duration": 0,
          "root": false,
          "rootEmpty": false,
          "_timeout": 2000
        }
      ],
      "passes": [],
      "failures": [],
      "pending": [],
      "skipped": [],
      "duration": 0,
      "root": true,
      "rootEmpty": true,
      "_timeout": 2000
    }
  ],
  "meta": {
    "mocha": {
      "version": "11.7.2"
    },
    "mochawesome": {
      "options": {
        "quiet": false,
        "reportFilename": "mochawesome",
        "saveHtml": true,
        "saveJson": true,
        "consoleReporter": "spec",
        "useInlineDiffs": false,
        "code": true
      },
      "version": "7.1.3"
    },
    "marge": {
      "options": null,
      "version": "6.2.0"
    }
  }
}