{
  "stats": {
    "suites": 5,
    "tests": 11,
    "passes": 11,
    "pending": 0,
    "failures": 0,
    "start": "2022-06-09T16:28:40.657Z",
    "end": "2022-06-09T16:28:40.927Z",
    "duration": 270,
    "testsRegistered": 11,
    "passPercent": 100,
    "pendingPercent": 0,
    "other": 0,
    "hasOther": false,
    "skipped": 0,
    "hasSkipped": false
  },
  "results": [
    {
      "uuid": "92a745cf-adea-4122-8fb1-8933afdd214b",
      "title": "",
      "fullFile": "",
      "file": "",
      "beforeHooks": [],
      "afterHooks": [],
      "tests": [],
      "suites": [
        {
          "uuid": "9f5905a0-94d2-4cc4-a31c-6b17869c5b7c",
          "title": "Genderize",
          "fullFile": "/home/runner/work/genderize/genderize/test/lib/index.ts",
          "file": "/test/lib/index.ts",
          "beforeHooks": [],
          "afterHooks": [],
          "tests": [],
          "suites": [
            {
              "uuid": "e9c205f8-1e23-4efb-9bb2-dd24f118ce93",
              "title": "params()",
              "fullFile": "/home/runner/work/genderize/genderize/test/lib/index.ts",
              "file": "/test/lib/index.ts",
              "beforeHooks": [],
              "afterHooks": [],
              "tests": [
                {
                  "title": "should work with arrays",
                  "fullTitle": "Genderize params() should work with arrays",
                  "timedOut": false,
                  "duration": 0,
                  "state": "passed",
                  "speed": "fast",
                  "pass": true,
                  "fail": false,
                  "pending": false,
                  "context": null,
                  "code": "assert_1.default.equal(new lib_1.default().params(['Max', 'Lisa'], 'DE').toString(), 'name=Max&name=Lisa&country_id=DE');",
                  "err": {},
                  "uuid": "92ad4e01-0722-4921-839c-f9204a0a0ead",
                  "parentUUID": "e9c205f8-1e23-4efb-9bb2-dd24f118ce93",
                  "isHook": false,
                  "skipped": false
                },
                {
                  "title": "should work with single string",
                  "fullTitle": "Genderize params() should work with single string",
                  "timedOut": false,
                  "duration": 0,
                  "state": "passed",
                  "speed": "fast",
                  "pass": true,
                  "fail": false,
                  "pending": false,
                  "context": null,
                  "code": "assert_1.default.equal(new lib_1.default().params('Max').toString(), 'name=Max');",
                  "err": {},
                  "uuid": "0902e66e-66a7-4a53-b7d5-cb6eed82b937",
                  "parentUUID": "e9c205f8-1e23-4efb-9bb2-dd24f118ce93",
                  "isHook": false,
                  "skipped": false
                },
                {
                  "title": "should throw an exception if no name was given",
                  "fullTitle": "Genderize params() should throw an exception if no name was given",
                  "timedOut": false,
                  "duration": 1,
                  "state": "passed",
                  "speed": "fast",
                  "pass": true,
                  "fail": false,
                  "pending": false,
                  "context": null,
                  "code": "assert_1.default.throws(() => {\n    new lib_1.default().params([]);\n}, /No name given, but at least one is required/);",
                  "err": {},
                  "uuid": "b8b5272d-6560-42c2-ab89-8e68a7e8e5f8",
                  "parentUUID": "e9c205f8-1e23-4efb-9bb2-dd24f118ce93",
                  "isHook": false,
                  "skipped": false
                },
                {
                  "title": "should throw an exception if > 10 names were given",
                  "fullTitle": "Genderize params() should throw an exception if > 10 names were given",
                  "timedOut": false,
                  "duration": 0,
                  "state": "passed",
                  "speed": "fast",
                  "pass": true,
                  "fail": false,
                  "pending": false,
                  "context": null,
                  "code": "assert_1.default.throws(() => {\n    new lib_1.default().params([\n        'James', 'Robert', 'John', 'Michael', 'David', 'William',\n        'Richard', 'Thomas', 'Christopher', 'Daniel', 'Paul'\n    ]);\n}, /Too many names given: 11 names provided, but 10 is the maximum allowed/);",
                  "err": {},
                  "uuid": "ecb24ac1-5c3a-4665-a396-8a150e724c2a",
                  "parentUUID": "e9c205f8-1e23-4efb-9bb2-dd24f118ce93",
                  "isHook": false,
                  "skipped": false
                },
                {
                  "title": "should add the apiKey if given",
                  "fullTitle": "Genderize params() should add the apiKey if given",
                  "timedOut": false,
                  "duration": 0,
                  "state": "passed",
                  "speed": "fast",
                  "pass": true,
                  "fail": false,
                  "pending": false,
                  "context": null,
                  "code": "assert_1.default.equal(new lib_1.default('hello-world').params(['Max', 'Lisa'], 'DE').toString(), 'name=Max&name=Lisa&country_id=DE&apikey=hello-world');",
                  "err": {},
                  "uuid": "bc27d334-488d-418d-87ad-13aff6f86f8a",
                  "parentUUID": "e9c205f8-1e23-4efb-9bb2-dd24f118ce93",
                  "isHook": false,
                  "skipped": false
                }
              ],
              "suites": [],
              "passes": [
                "92ad4e01-0722-4921-839c-f9204a0a0ead",
                "0902e66e-66a7-4a53-b7d5-cb6eed82b937",
                "b8b5272d-6560-42c2-ab89-8e68a7e8e5f8",
                "ecb24ac1-5c3a-4665-a396-8a150e724c2a",
                "bc27d334-488d-418d-87ad-13aff6f86f8a"
              ],
              "failures": [],
              "pending": [],
              "skipped": [],
              "duration": 1,
              "root": false,
              "rootEmpty": false,
              "_timeout": 2000
            },
            {
              "uuid": "4db3e0cc-1af9-4fdf-9805-6276486be294",
              "title": "limit()",
              "fullFile": "/home/runner/work/genderize/genderize/test/lib/index.ts",
              "file": "/test/lib/index.ts",
              "beforeHooks": [],
              "afterHooks": [],
              "tests": [
                {
                  "title": "should return null if no request was sent before",
                  "fullTitle": "Genderize limit() should return null if no request was sent before",
                  "timedOut": false,
                  "duration": 0,
                  "state": "passed",
                  "speed": "fast",
                  "pass": true,
                  "fail": false,
                  "pending": false,
                  "context": null,
                  "code": "assert_1.default.strictEqual(new lib_1.default().limit, null);",
                  "err": {},
                  "uuid": "a290ffb7-16f9-4dbf-b8cd-718d66f51079",
                  "parentUUID": "4db3e0cc-1af9-4fdf-9805-6276486be294",
                  "isHook": false,
                  "skipped": false
                }
              ],
              "suites": [],
              "passes": [
                "a290ffb7-16f9-4dbf-b8cd-718d66f51079"
              ],
              "failures": [],
              "pending": [],
              "skipped": [],
              "duration": 0,
              "root": false,
              "rootEmpty": false,
              "_timeout": 2000
            },
            {
              "uuid": "af04a728-0b6b-4150-8b8d-734aa008fd5a",
              "title": "getIntHeader()",
              "fullFile": "/home/runner/work/genderize/genderize/test/lib/index.ts",
              "file": "/test/lib/index.ts",
              "beforeHooks": [],
              "afterHooks": [],
              "tests": [
                {
                  "title": "should work with string",
                  "fullTitle": "Genderize getIntHeader() should work with string",
                  "timedOut": false,
                  "duration": 0,
                  "state": "passed",
                  "speed": "fast",
                  "pass": true,
                  "fail": false,
                  "pending": false,
                  "context": null,
                  "code": "assert_1.default.strictEqual(lib_1.default.getIntHeader('123'), 123);",
                  "err": {},
                  "uuid": "a8d1e909-81ab-445b-a091-e3f90e1bd865",
                  "parentUUID": "af04a728-0b6b-4150-8b8d-734aa008fd5a",
                  "isHook": false,
                  "skipped": false
                },
                {
                  "title": "should work with string[]",
                  "fullTitle": "Genderize getIntHeader() should work with string[]",
                  "timedOut": false,
                  "duration": 0,
                  "state": "passed",
                  "speed": "fast",
                  "pass": true,
                  "fail": false,
                  "pending": false,
                  "context": null,
                  "code": "assert_1.default.strictEqual(lib_1.default.getIntHeader(['123', '456']), 123);",
                  "err": {},
                  "uuid": "c70e32d9-49ee-4ea2-ba58-4a62b3d42262",
                  "parentUUID": "af04a728-0b6b-4150-8b8d-734aa008fd5a",
                  "isHook": false,
                  "skipped": false
                },
                {
                  "title": "should work with undefined",
                  "fullTitle": "Genderize getIntHeader() should work with undefined",
                  "timedOut": false,
                  "duration": 0,
                  "state": "passed",
                  "speed": "fast",
                  "pass": true,
                  "fail": false,
                  "pending": false,
                  "context": null,
                  "code": "assert_1.default.strictEqual(lib_1.default.getIntHeader(undefined), undefined);",
                  "err": {},
                  "uuid": "f7f8bd14-b915-47ab-8707-d3ffdcb71f60",
                  "parentUUID": "af04a728-0b6b-4150-8b8d-734aa008fd5a",
                  "isHook": false,
                  "skipped": false
                }
              ],
              "suites": [],
              "passes": [
                "a8d1e909-81ab-445b-a091-e3f90e1bd865",
                "c70e32d9-49ee-4ea2-ba58-4a62b3d42262",
                "f7f8bd14-b915-47ab-8707-d3ffdcb71f60"
              ],
              "failures": [],
              "pending": [],
              "skipped": [],
              "duration": 0,
              "root": false,
              "rootEmpty": false,
              "_timeout": 2000
            },
            {
              "uuid": "2138ea43-8300-41b1-a3be-c6a5f90f4ea0",
              "title": "detect()",
              "fullFile": "/home/runner/work/genderize/genderize/test/lib/index.ts",
              "file": "/test/lib/index.ts",
              "beforeHooks": [],
              "afterHooks": [],
              "tests": [
                {
                  "title": "should work with single names",
                  "fullTitle": "Genderize detect() should work with single names",
                  "timedOut": false,
                  "duration": 146,
                  "state": "passed",
                  "speed": "slow",
                  "pass": true,
                  "fail": false,
                  "pending": false,
                  "context": null,
                  "code": "return __awaiter(this, void 0, void 0, function* () {\n    const g = new lib_1.default();\n    const result = yield g.predict('Max');\n    assert_1.default.equal(result.name, 'Max');\n    assert_1.default.equal(result.gender, 'male');\n    assert_1.default.equal(result.gender, lib_1.GenderizeGender.MALE);\n    assert_1.default.ok(result.probability > 0.9, 'probability > 0.9');\n    assert_1.default.ok(result.count > 10000, 'count > 10000');\n    assert_1.default.ok(g.limit, 'limit is set');\n    assert_1.default.ok(g.limit.limit > 0, 'limit > 0');\n    assert_1.default.ok(g.limit.remaining > 0, 'remaining > 0');\n    assert_1.default.ok(g.limit.reset instanceof Date, 'reset is a Date');\n});",
                  "err": {},
                  "uuid": "d97b3a6b-eddb-47ec-81db-8878be183991",
                  "parentUUID": "2138ea43-8300-41b1-a3be-c6a5f90f4ea0",
                  "isHook": false,
                  "skipped": false
                },
                {
                  "title": "should work with multiple names",
                  "fullTitle": "Genderize detect() should work with multiple names",
                  "timedOut": false,
                  "duration": 113,
                  "state": "passed",
                  "speed": "slow",
                  "pass": true,
                  "fail": false,
                  "pending": false,
                  "context": null,
                  "code": "return __awaiter(this, void 0, void 0, function* () {\n    const g = new lib_1.default();\n    const result = yield g.predict(['Max', 'Lisa']);\n    assert_1.default.equal(result.length, 2);\n    assert_1.default.equal(result[0].name, 'Max');\n    assert_1.default.equal(result[0].gender, 'male');\n    assert_1.default.equal(result[0].gender, lib_1.GenderizeGender.MALE);\n    assert_1.default.ok(result[0].probability > 0.9, 'probability > 0.9');\n    assert_1.default.ok(result[0].count > 10000, 'count > 10000');\n    assert_1.default.equal(result[1].name, 'Lisa');\n    assert_1.default.equal(result[1].gender, 'female');\n    assert_1.default.equal(result[1].gender, lib_1.GenderizeGender.FEMALE);\n    assert_1.default.ok(result[1].probability > 0.9, 'probability > 0.9');\n    assert_1.default.ok(result[1].count > 10000, 'count > 10000');\n    assert_1.default.ok(g.limit, 'limit is set');\n    assert_1.default.ok(g.limit.limit > 0, 'limit > 0');\n    assert_1.default.ok(g.limit.remaining > 0, 'remaining > 0');\n    assert_1.default.ok(g.limit.reset instanceof Date, 'reset is a Date');\n});",
                  "err": {},
                  "uuid": "55c11954-1339-4e0f-83df-9c73e5a05d8f",
                  "parentUUID": "2138ea43-8300-41b1-a3be-c6a5f90f4ea0",
                  "isHook": false,
                  "skipped": false
                }
              ],
              "suites": [],
              "passes": [
                "d97b3a6b-eddb-47ec-81db-8878be183991",
                "55c11954-1339-4e0f-83df-9c73e5a05d8f"
              ],
              "failures": [],
              "pending": [],
              "skipped": [],
              "duration": 259,
              "root": false,
              "rootEmpty": false,
              "_timeout": 10000
            }
          ],
          "passes": [],
          "failures": [],
          "pending": [],
          "skipped": [],
          "duration": 0,
          "root": false,
          "rootEmpty": false,
          "_timeout": 2000
        }
      ],
      "passes": [],
      "failures": [],
      "pending": [],
      "skipped": [],
      "duration": 0,
      "root": true,
      "rootEmpty": true,
      "_timeout": 2000
    }
  ],
  "meta": {
    "mocha": {
      "version": "9.1.3"
    },
    "mochawesome": {
      "options": {
        "quiet": false,
        "reportFilename": "mochawesome",
        "saveHtml": true,
        "saveJson": true,
        "consoleReporter": "spec",
        "useInlineDiffs": false,
        "code": true
      },
      "version": "7.0.1"
    },
    "marge": {
      "options": null,
      "version": "6.0.1"
    }
  }
}